[14:27:44] New Subprocess!
[14:34:14] DRLINFO B JJIJIK
[14:38:39] DRLINFO B JJIJIKHH
[14:47:33] DRLINFO B JJIJIKJG
[14:48:29] DRLINFO B JJIJIKKK
[14:48:31] DRLINFO B JJIJIKJL
[14:48:35] DRLINFO B JJIJIKGG
[14:48:36] DRLINFO B JJIJIKJH
[14:48:38] DRLINFO B JJIJIKII
[14:48:39] DRLINFO B JJIJIKJK
[14:48:40] DRLINFO B JJIJIKLL
[14:48:41] DRLINFO B JJIJIKJM
[14:48:42] DRLINFO B JJIJIKJI
[14:48:44] DRLINFO B JJIJIKMM
[14:48:46] DRLINFO B JJIJIKJM
[14:48:46] DRLINFO W JJIJIKJMIN
[14:48:48] DRLINFO B JJIJIKJI
[14:48:48] DRLINFO W JJIJIKJIIH
[14:48:53] DRLINFO B JJIJIKJG
[14:48:53] DRLINFO W JJIJIKJGGG
[14:48:55] DRLINFO B JJIJIKHH
[14:48:55] DRLINFO W JJIJIKHHHI
[14:48:56] DRLINFO B JJIJIKKK
[14:48:56] DRLINFO W JJIJIKKKJH
[14:48:57] DRLINFO B JJIJIKLL
[14:48:57] DRLINFO W JJIJIKLLJM
[14:48:58] DRLINFO B JJIJIKJK
[14:48:58] DRLINFO W JJIJIKJKGG
[14:48:59] DRLINFO B JJIJIKGG
[14:48:59] DRLINFO W JJIJIKGGFG
[14:49:01] DRLINFO B JJIJIKMM
[14:49:01] DRLINFO W JJIJIKMMOM
[14:49:03] DRLINFO B JJIJIKJH
[14:49:03] DRLINFO W JJIJIKJHLJ
[14:49:04] DRLINFO B JJIJIKII
[14:49:04] DRLINFO W JJIJIKIILI
[14:49:27] DRLINFO B JJIJIKJL
[14:49:37] DRLINFO W JJIJIKJLMI
[14:51:28] DRLINFO B JJIJIKHH
[14:51:28] DRLINFO W JJIJIKHHJH
[14:51:29] DRLINFO B JJIJIKII
[14:51:29] DRLINFO W JJIJIKIIHI
[14:51:31] DRLINFO B JJIJIKGG
[14:51:31] DRLINFO W JJIJIKGGGF
[14:51:32] DRLINFO B JJIJIKII
[14:51:32] DRLINFO W JJIJIKIIGG
[14:51:34] DRLINFO B JJIJIKJL
[14:51:34] DRLINFO W JJIJIKJLGG
[14:51:35] DRLINFO B JJIJIKJI
[14:51:35] DRLINFO W JJIJIKJIHG
[14:51:37] DRLINFO B JJIJIKJH
[14:51:37] DRLINFO W JJIJIKJHLL
[14:51:38] DRLINFO B JJIJIKMM
[14:51:38] DRLINFO W JJIJIKMMMJ
[14:51:39] DRLINFO B JJIJIKJM
[14:51:39] DRLINFO W JJIJIKJMLL
[14:51:40] DRLINFO B JJIJIKJK
[14:51:40] DRLINFO W JJIJIKJKLL
[14:51:41] DRLINFO B JJIJIKJG
[14:51:41] DRLINFO W JJIJIKJGIH
[14:51:41] DRLINFO B JJIJIKII
[14:51:41] DRLINFO W JJIJIKIIHJ
[14:51:41] DRLINFO B JJIJIKGG
[14:51:41] DRLINFO W JJIJIKGGHG
[14:51:41] DRLINFO B JJIJIKJL
[14:51:41] DRLINFO W JJIJIKJLLJ
[14:51:41] DRLINFO B JJIJIKHH
[14:51:41] DRLINFO W JJIJIKHHHG
[14:51:41] DRLINFO B JJIJIKJL
[14:51:41] DRLINFO W JJIJIKJLIL
[14:51:42] DRLINFO B JJIJIKII
[14:51:42] DRLINFO W JJIJIKIIKG
[14:51:42] DRLINFO B JJIJIKJI
[14:51:42] DRLINFO W JJIJIKJIGF
[14:51:42] DRLINFO B JJIJIKLL
[14:51:42] DRLINFO W JJIJIKLLLO
[14:51:42] DRLINFO B JJIJIKMM
[14:51:42] DRLINFO W JJIJIKMMJK
[14:51:42] DRLINFO B JJIJIKII
[14:51:42] DRLINFO W JJIJIKIILL
[14:51:43] DRLINFO B JJIJIKKK
[14:51:43] DRLINFO W JJIJIKKKJH
[14:51:43] DRLINFO W JJIJIKKKJHIG
[14:51:43] DRLINFO B JJIJIKGG
[14:51:43] DRLINFO W JJIJIKGGDG
[14:51:43] DRLINFO B JJIJIKJG
[14:51:43] DRLINFO W JJIJIKJGGJ
[14:51:43] DRLINFO B JJIJIKHH
[14:51:43] DRLINFO W JJIJIKHHGG
[14:52:10] DRLINFO B JJIJIKJG
[14:52:10] DRLINFO W JJIJIKJGLL
[14:52:10] DRLINFO W JJIJIKJGLL
[14:52:10] DRLINFO W JJIJIKJGLLNN
[14:52:10] DRLINFO W JJIJIKJGHG
[14:52:10] DRLINFO W JJIJIKJGMD
[14:52:10] DRLINFO W JJIJIKJGMJ
[14:52:10] DRLINFO W JJIJIKJGLI
[14:52:10] DRLINFO W JJIJIKJGJH
[14:52:10] DRLINFO W JJIJIKJGMM
[14:52:10] DRLINFO W JJIJIKJGGD
[14:52:10] DRLINFO W JJIJIKJGLG
[14:52:10] DRLINFO W JJIJIKJGHI
[14:52:10] DRLINFO W JJIJIKJGHE
[14:52:10] DRLINFO W JJIJIKJGKF
[14:52:11] DRLINFO W JJIJIKJGMG
[14:52:11] DRLINFO W JJIJIKJGLE
[14:52:11] DRLINFO W JJIJIKJGKK
[14:52:11] DRLINFO W JJIJIKJGJI
[14:52:11] DRLINFO W JJIJIKJGKH
[14:52:11] DRLINFO W JJIJIKJGKG
[14:52:11] DRLINFO W JJIJIKJGII
[14:52:11] DRLINFO W JJIJIKJGIF
[14:52:11] DRLINFO W JJIJIKJGIG
[14:52:11] DRLINFO W JJIJIKJGHH
[14:52:11] DRLINFO W JJIJIKJGMM
[14:52:11] DRLINFO W JJIJIKJGMMIM
[14:52:11] DRLINFO W JJIJIKJGHE
[14:52:11] DRLINFO W JJIJIKJGHEIM
[14:52:11] DRLINFO W JJIJIKJGIF
[14:52:11] DRLINFO W JJIJIKJGIFIM
[14:52:11] DRLINFO W JJIJIKJGIG
[14:52:11] DRLINFO W JJIJIKJGIGIM
[14:52:11] DRLINFO W JJIJIKJGJH
[14:52:11] DRLINFO W JJIJIKJGJHIM
[14:52:11] DRLINFO W JJIJIKJGHG
[14:52:11] DRLINFO W JJIJIKJGHGIM
[14:52:11] DRLINFO W JJIJIKJGGG
[14:52:11] DRLINFO W JJIJIKJGGGIM
[14:52:11] DRLINFO W JJIJIKJGGD
[14:52:11] DRLINFO W JJIJIKJGGDIM
[14:52:11] DRLINFO W JJIJIKJGJI
[14:52:11] DRLINFO W JJIJIKJGJIIM
[14:52:11] DRLINFO W JJIJIKJGIH
[14:52:11] DRLINFO W JJIJIKJGIHKF
[14:52:11] DRLINFO W JJIJIKJGLL
[14:52:11] DRLINFO W JJIJIKJGLLIM
[14:52:11] DRLINFO W JJIJIKJGMD
[14:52:12] DRLINFO W JJIJIKJGMDIM
[14:52:12] DRLINFO W JJIJIKJGGJ
[14:52:12] DRLINFO W JJIJIKJGGJIM
[14:52:12] DRLINFO W JJIJIKJGII
[14:52:12] DRLINFO W JJIJIKJGIIJH
[14:52:12] DRLINFO W JJIJIKJGKK
[14:52:12] DRLINFO W JJIJIKJGKKIM
[14:52:12] DRLINFO W JJIJIKJGHH
[14:52:12] DRLINFO W JJIJIKJGHHIM
[14:52:12] DRLINFO W JJIJIKJGMG
[14:52:12] DRLINFO W JJIJIKJGMGIG
[14:52:12] DRLINFO W JJIJIKJGLE
[14:52:12] DRLINFO W JJIJIKJGLEIG
[14:52:12] DRLINFO W JJIJIKJGMM
[14:52:12] DRLINFO W JJIJIKJGMMIG
[14:52:12] DRLINFO W JJIJIKJGHI
[14:52:12] DRLINFO W JJIJIKJGHIIM
[14:52:12] DRLINFO W JJIJIKJGMJ
[14:52:12] DRLINFO W JJIJIKJGMJIM
[14:52:12] DRLINFO W JJIJIKJGKH
[14:52:12] DRLINFO W JJIJIKJGKHIM
[14:52:12] DRLINFO W JJIJIKJGLG
[14:52:12] DRLINFO W JJIJIKJGLGIG
[14:52:12] DRLINFO W JJIJIKJGHE
[14:52:12] DRLINFO W JJIJIKJGHELI
[14:52:12] DRLINFO W JJIJIKJGJH
[14:52:12] DRLINFO W JJIJIKJGJHIG
[14:52:12] DRLINFO W JJIJIKJGIF
[14:52:12] DRLINFO W JJIJIKJGIFIG
[14:52:12] DRLINFO W JJIJIKJGLI
[14:52:12] DRLINFO W JJIJIKJGLIIG
[14:52:12] DRLINFO W JJIJIKJGMM
[14:52:12] DRLINFO W JJIJIKJGMMNN
[14:52:12] DRLINFO W JJIJIKJGMMIH
[14:52:13] DRLINFO W JJIJIKJGMMJH
[14:52:13] DRLINFO W JJIJIKJGMMKK
[14:52:13] DRLINFO W JJIJIKJGMMJL
[14:52:13] DRLINFO W JJIJIKJGMMJI
[14:52:13] DRLINFO W JJIJIKJGMMLL
[14:52:13] DRLINFO W JJIJIKJGMMII
[14:52:13] DRLINFO W JJIJIKJGMMIL
[14:52:13] DRLINFO W JJIJIKJGMMIO
[14:52:13] DRLINFO W JJIJIKJGMMJE
[14:52:13] DRLINFO W JJIJIKJGMMIN
[14:52:13] DRLINFO W JJIJIKJGMMOO
[14:52:13] DRLINFO W JJIJIKJGMMJF
[14:52:13] DRLINFO W JJIJIKJGMMJK
[14:52:13] DRLINFO W JJIJIKJGMMHH
[14:52:13] DRLINFO W JJIJIKJGMMIF
[14:52:13] DRLINFO W JJIJIKJGMMOO
[14:52:13] DRLINFO B JJIJIKJGMMOOJE
[14:52:13] DRLINFO W JJIJIKJGMMIN
[14:52:13] DRLINFO B JJIJIKJGMMINJE
[14:52:13] DRLINFO W JJIJIKJGMMJE
[14:52:13] DRLINFO B JJIJIKJGMMJEIM
[14:52:13] DRLINFO W JJIJIKJGMMNN
[14:52:13] DRLINFO B JJIJIKJGMMNNIL
[14:52:13] DRLINFO W JJIJIKJGMMIG
[14:52:13] DRLINFO B JJIJIKJGMMIGJE
[14:52:13] DRLINFO W JJIJIKJGMMJI
[14:52:13] DRLINFO B JJIJIKJGMMJIOO
[14:52:13] DRLINFO W JJIJIKJGMMJH
[14:52:13] DRLINFO B JJIJIKJGMMJHIL
[14:52:13] DRLINFO W JJIJIKJGMMIH
[14:52:13] DRLINFO B JJIJIKJGMMIHJE
[14:52:14] DRLINFO W JJIJIKJGMMIM
[14:52:14] DRLINFO B JJIJIKJGMMIMJE
[14:52:14] DRLINFO W JJIJIKJGMMJL
[14:52:14] DRLINFO B JJIJIKJGMMJLNP
[14:52:14] DRLINFO W JJIJIKJGMMHH
[14:52:14] DRLINFO B JJIJIKJGMMHHJE
[14:52:14] DRLINFO W JJIJIKJGMMII
[14:52:14] DRLINFO B JJIJIKJGMMIIJE
[14:52:14] DRLINFO W JJIJIKJGMMIO
[14:52:14] DRLINFO B JJIJIKJGMMIOJE
[14:52:14] DRLINFO W JJIJIKJGMMJF
[14:52:14] DRLINFO B JJIJIKJGMMJFIM
[14:52:14] DRLINFO W JJIJIKJGMMKK
[14:52:14] DRLINFO B JJIJIKJGMMKKJE
[14:52:14] DRLINFO W JJIJIKJGMMIF
[14:52:14] DRLINFO B JJIJIKJGMMIFJE
[14:52:14] DRLINFO W JJIJIKJGMMLL
[14:52:14] DRLINFO B JJIJIKJGMMLLJE
[14:52:14] DRLINFO W JJIJIKJGMMIL
[14:52:14] DRLINFO B JJIJIKJGMMILOO
[14:52:14] DRLINFO W JJIJIKJGMMJK
[14:52:14] DRLINFO B JJIJIKJGMMJKHI
[14:52:14] DRLINFO W JJIJIKJGMMIN
[14:52:14] DRLINFO B JJIJIKJGMMINOO
[14:52:14] DRLINFO W JJIJIKJGMMHH
[14:52:14] DRLINFO B JJIJIKJGMMHHIL
[14:52:14] DRLINFO W JJIJIKJGMMJF
[14:52:14] DRLINFO B JJIJIKJGMMJFOO
[14:52:14] DRLINFO W JJIJIKJGMMJI
[14:52:14] DRLINFO B JJIJIKJGMMJINE
[14:52:14] DRLINFO W JJIJIKJGMMII
[14:52:14] DRLINFO B JJIJIKJGMMIIIM
[14:52:14] DRLINFO W JJIJIKJGMMIO
[14:52:15] DRLINFO B JJIJIKJGMMIOIL
[14:52:15] DRLINFO W JJIJIKJGMMJK
[14:52:15] DRLINFO B JJIJIKJGMMJKLL
[14:52:15] DRLINFO W JJIJIKJGMMJE
[14:52:15] DRLINFO B JJIJIKJGMMJEIM
[14:52:15] DRLINFO B JJIJIKJGMMJEIMIL
[14:52:15] DRLINFO W JJIJIKJGMMIG
[14:52:15] DRLINFO B JJIJIKJGMMIGJE
[14:52:15] DRLINFO B JJIJIKJGMMIGJEIL
[14:52:15] DRLINFO W JJIJIKJGMMIM
[14:52:15] DRLINFO B JJIJIKJGMMIMJE
[14:52:15] DRLINFO B JJIJIKJGMMIMJEIL
[14:52:15] DRLINFO W JJIJIKJGMMIH
[14:52:15] DRLINFO B JJIJIKJGMMIHJE
[14:52:15] DRLINFO B JJIJIKJGMMIHJEIL
[14:52:15] DRLINFO W JJIJIKJGMMOO
[14:52:15] DRLINFO B JJIJIKJGMMOOJE
[14:52:15] DRLINFO B JJIJIKJGMMOOJEIL
[14:52:15] DRLINFO W JJIJIKJGMMKK
[14:52:15] DRLINFO B JJIJIKJGMMKKJE
[14:52:15] DRLINFO B JJIJIKJGMMKKJEIL
[14:52:15] DRLINFO W JJIJIKJGMMIF
[14:52:15] DRLINFO B JJIJIKJGMMIFJE
[14:52:15] DRLINFO B JJIJIKJGMMIFJEHH
[14:52:15] DRLINFO W JJIJIKJGMMIH
[14:52:15] DRLINFO B JJIJIKJGMMIHOO
[14:52:15] DRLINFO B JJIJIKJGMMIHIL
[14:52:15] DRLINFO B JJIJIKJGMMIHIM
[14:52:15] DRLINFO B JJIJIKJGMMIHHH
[14:52:15] DRLINFO B JJIJIKJGMMIHLL
[14:52:15] DRLINFO B JJIJIKJGMMIHJK
[14:52:15] DRLINFO B JJIJIKJGMMIHJH
[14:52:15] DRLINFO B JJIJIKJGMMIHIF
[14:52:15] DRLINFO B JJIJIKJGMMIHJF
[14:52:16] DRLINFO B JJIJIKJGMMIHKK
[14:52:16] DRLINFO B JJIJIKJGMMIHJL
[14:52:16] DRLINFO B JJIJIKJGMMIHII
[14:52:16] DRLINFO B JJIJIKJGMMIHJI
[14:52:16] DRLINFO B JJIJIKJGMMIHIG
[14:52:16] DRLINFO B JJIJIKJGMMIHNN
[14:52:16] DRLINFO B JJIJIKJGMMIHJH
[14:52:16] DRLINFO B JJIJIKJGMMIHJHKH
[14:52:16] DRLINFO B JJIJIKJGMMIHIG
[14:52:16] DRLINFO B JJIJIKJGMMIHIGII
[14:52:16] DRLINFO B JJIJIKJGMMIHNN
[14:52:16] DRLINFO B JJIJIKJGMMIHNNJF
[14:52:16] DRLINFO B JJIJIKJGMMIHIF
[14:52:16] DRLINFO B JJIJIKJGMMIHIFII
[14:52:16] DRLINFO B JJIJIKJGMMIHJK
[14:52:16] DRLINFO B JJIJIKJGMMIHJKLM
[14:52:16] DRLINFO B JJIJIKJGMMIHJL
[14:52:16] DRLINFO B JJIJIKJGMMIHJLGI
[14:52:16] DRLINFO B JJIJIKJGMMIHIL
[14:52:16] DRLINFO B JJIJIKJGMMIHILII
[14:52:16] DRLINFO B JJIJIKJGMMIHLL
[14:52:16] DRLINFO B JJIJIKJGMMIHLLIL
[14:52:16] DRLINFO B JJIJIKJGMMIHOO
[14:52:16] DRLINFO B JJIJIKJGMMIHOOJF
[14:52:16] DRLINFO B JJIJIKJGMMIHKK
[14:52:16] DRLINFO B JJIJIKJGMMIHKKIL
[14:52:16] DRLINFO B JJIJIKJGMMIHJI
[14:52:16] DRLINFO B JJIJIKJGMMIHJIKH
[14:52:16] DRLINFO B JJIJIKJGMMIHIM
[14:52:16] DRLINFO B JJIJIKJGMMIHIMIL
[14:52:16] DRLINFO B JJIJIKJGMMIHII
[14:52:16] DRLINFO B JJIJIKJGMMIHIIIL
[14:52:17] DRLINFO B JJIJIKJGMMIHJF
[14:52:17] DRLINFO B JJIJIKJGMMIHJFHH
[14:52:17] DRLINFO B JJIJIKJGMMIHHH
[14:52:17] DRLINFO B JJIJIKJGMMIHHHKH
[14:52:17] DRLINFO B JJIJIKJGMMIHJH
[14:52:17] DRLINFO B JJIJIKJGMMIHJHIL
[14:52:17] DRLINFO B JJIJIKJGMMIHIG
[14:52:17] DRLINFO B JJIJIKJGMMIHIGII
[14:52:17] DRLINFO W JJIJIKJGMMIHIGIIGG
[14:52:17] DRLINFO B JJIJIKJGMMIHJK
[14:52:17] DRLINFO B JJIJIKJGMMIHJKIL
[14:52:17] DRLINFO B JJIJIKJGMMIHNN
[14:52:17] DRLINFO B JJIJIKJGMMIHNNIM
[14:52:17] DRLINFO B JJIJIKJGMMIHJE
[14:52:17] DRLINFO B JJIJIKJGMMIHJEHH
[14:52:17] DRLINFO B JJIJIKJGMMIHIF
[14:52:17] DRLINFO B JJIJIKJGMMIHIFIG
[14:52:17] DRLINFO B JJIJIKJGMMIHJL
[14:52:17] DRLINFO B JJIJIKJGMMIHJLHJ
[14:52:17] DRLINFO B JJIJIKJGMMIHLL
[14:52:17] DRLINFO B JJIJIKJGMMIHLLII
[14:52:17] DRLINFO B JJIJIKJGMMIHIL
[14:52:17] DRLINFO B JJIJIKJGMMIHILII
[14:52:17] DRLINFO W JJIJIKJGMMIHILIIJE
[14:52:17] DRLINFO B JJIJIKJGMMIHOO
[14:52:17] DRLINFO B JJIJIKJGMMIHOOIL
[14:52:17] DRLINFO B JJIJIKJGMMIHKK
[14:52:17] DRLINFO B JJIJIKJGMMIHKKJF
[14:52:17] DRLINFO B JJIJIKJGMMIHIM
[14:52:17] DRLINFO B JJIJIKJGMMIHIMII
[14:52:17] DRLINFO B JJIJIKJGMMIHJH
[14:52:17] DRLINFO B JJIJIKJGMMIHJHHH
[14:52:17] DRLINFO B JJIJIKJGMMIHII
[14:52:18] DRLINFO B JJIJIKJGMMIHIIIG
[14:52:18] DRLINFO B JJIJIKJGMMIHJI
[14:52:18] DRLINFO B JJIJIKJGMMIHJIKK
[14:52:18] DRLINFO B JJIJIKJGMMIHHH
[14:52:18] DRLINFO B JJIJIKJGMMIHHHIL
[14:52:18] DRLINFO B JJIJIKJGMMIHJF
[14:52:18] DRLINFO B JJIJIKJGMMIHJFIL
[14:52:18] DRLINFO B JJIJIKJGMMIHJK
[14:52:18] DRLINFO B JJIJIKJGMMIHJKHH
[14:52:18] DRLINFO B JJIJIKJGMMIHJE
[14:52:18] DRLINFO B JJIJIKJGMMIHJEKK
[14:52:18] DRLINFO B JJIJIKJGMMIHJL
[14:52:18] DRLINFO B JJIJIKJGMMIHJLKK
[14:52:18] DRLINFO B JJIJIKJGMMIHJF
[14:52:18] DRLINFO B JJIJIKJGMMIHJFKK
[14:52:18] DRLINFO B JJIJIKJGMMIHJFIM
[14:52:18] DRLINFO B JJIJIKJGMMIHJFIG
[14:52:18] DRLINFO B JJIJIKJGMMIHJFNN
[14:52:18] DRLINFO B JJIJIKJGMMIHJFII
[14:52:18] DRLINFO B JJIJIKJGMMIHJFOO
[14:52:18] DRLINFO B JJIJIKJGMMIHJFLL
[14:52:18] DRLINFO B JJIJIKJGMMIHJFIF
[14:52:18] DRLINFO B JJIJIKJGMMIHJFNN
[14:52:18] DRLINFO W JJIJIKJGMMIHJFNNPP
[14:52:18] DRLINFO B JJIJIKJGMMIHJFNN
[14:52:18] DRLINFO W JJIJIKJGMMIHJFNNLL
[14:52:19] DRLINFO B JJIJIKJGMMIHJFNN
[14:52:19] DRLINFO W JJIJIKJGMMIHJFNNOO
[14:52:19] DRLINFO B JJIJIKJGMMIHJFNN
[14:52:19] DRLINFO W JJIJIKJGMMIHJFNNIM
[14:52:19] DRLINFO B JJIJIKJGMMIHJFNN
[14:52:19] DRLINFO W JJIJIKJGMMIHJFNNRR
[14:52:19] DRLINFO B JJIJIKJGMMIHJFNN
[14:52:19] DRLINFO W JJIJIKJGMMIHJFNNQQ
[14:52:19] DRLINFO B JJIJIKJGMMIHJFNN
[14:52:19] DRLINFO W JJIJIKJGMMIHJFNNIL
[14:52:19] DRLINFO B JJIJIKJGMMIHJFNN
[14:52:19] DRLINFO W JJIJIKJGMMIHJFNNIL
[14:52:19] DRLINFO W JJIJIKJGMMIHJFNNILIM
[14:52:19] DRLINFO B JJIJIKJGMMIHJFNN
[14:52:19] DRLINFO W JJIJIKJGMMIHJFNNIF
[14:52:19] DRLINFO B JJIJIKJGMMIHJFNN
[14:52:19] DRLINFO W JJIJIKJGMMIHJFNNIF
[14:52:19] DRLINFO W JJIJIKJGMMIHJFNNIFIM
[14:52:19] DRLINFO B JJIJIKJGMMIHJFNN
[14:52:19] DRLINFO W JJIJIKJGMMIHJFNNIG
[14:52:19] DRLINFO B JJIJIKJGMMIHJFNN
[14:52:19] DRLINFO W JJIJIKJGMMIHJFNNIG
[14:52:19] DRLINFO W JJIJIKJGMMIHJFNNIGIM
[14:52:20] DRLINFO B JJIJIKJGMMIHJFNN
[14:52:20] DRLINFO W JJIJIKJGMMIHJFNNII
[14:52:20] DRLINFO B JJIJIKJGMMIHJFNN
[14:52:20] DRLINFO W JJIJIKJGMMIHJFNNII
[14:52:20] DRLINFO W JJIJIKJGMMIHJFNNIIKK
[14:52:20] DRLINFO B JJIJIKJGMMIHJFNN
[14:52:20] DRLINFO W JJIJIKJGMMIHJFNNKK
[14:52:20] DRLINFO B JJIJIKJGMMIHJFNN
[14:52:20] DRLINFO W JJIJIKJGMMIHJFNNKK
[14:52:20] DRLINFO W JJIJIKJGMMIHJFNNKKLL
[14:52:20] DRLINFO B JJIJIKJGMMIHJFNN
[14:52:20] DRLINFO W JJIJIKJGMMIHJFNNIG
[14:52:20] DRLINFO W JJIJIKJGMMIHJFNNIGHG
[14:52:20] DRLINFO B JJIJIKJGMMIHJFNN
[14:52:20] DRLINFO W JJIJIKJGMMIHJFNNIL
[14:52:20] DRLINFO W JJIJIKJGMMIHJFNNILIG
[14:52:20] DRLINFO B JJIJIKJGMMIHJFNN
[14:52:20] DRLINFO W JJIJIKJGMMIHJFNNII
[14:52:20] DRLINFO W JJIJIKJGMMIHJFNNIILL
[14:52:20] DRLINFO B JJIJIKJGMMIHJFNN
[14:52:20] DRLINFO W JJIJIKJGMMIHJFNNIF
[14:52:20] DRLINFO W JJIJIKJGMMIHJFNNIFLI
[14:52:20] DRLINFO B JJIJIKJGMMIHJFNN
[14:52:20] DRLINFO W JJIJIKJGMMIHJFNNKK
[14:52:20] DRLINFO W JJIJIKJGMMIHJFNNKKLL
[14:52:20] DRLINFO B JJIJIKJGMMIHJFNNKKLLIL
[14:52:20] DRLINFO B JJIJIKJGMMIHJFNN
[14:52:20] DRLINFO W JJIJIKJGMMIHJFNNIG
[14:52:20] DRLINFO W JJIJIKJGMMIHJFNNIGKK
[14:52:20] DRLINFO B JJIJIKJGMMIHJFNN
[14:52:20] DRLINFO W JJIJIKJGMMIHJFNNIL
[14:52:20] DRLINFO W JJIJIKJGMMIHJFNNILKK
[14:52:20] DRLINFO B JJIJIKJGMMIHJFNN
[14:52:20] DRLINFO W JJIJIKJGMMIHJFNNII
[14:52:20] DRLINFO W JJIJIKJGMMIHJFNNIILL
[14:52:21] DRLINFO B JJIJIKJGMMIHJFNNIILLIM
[14:52:21] DRLINFO B JJIJIKJGMMIHJFNN
[14:52:21] DRLINFO W JJIJIKJGMMIHJFNNIF
[14:52:21] DRLINFO W JJIJIKJGMMIHJFNNIFIG
[14:52:21] DRLINFO B JJIJIKJGMMIHJFNN
[14:52:21] DRLINFO W JJIJIKJGMMIHJFNNIL
[14:52:21] DRLINFO W JJIJIKJGMMIHJFNNILII
[14:52:21] DRLINFO B JJIJIKJGMMIHJFNN
[14:52:21] DRLINFO W JJIJIKJGMMIHJFNNIG
[14:52:21] DRLINFO W JJIJIKJGMMIHJFNNIGII
[14:52:21] DRLINFO B JJIJIKJGMMIHJFNN
[14:52:21] DRLINFO W JJIJIKJGMMIHJFNNIF
[14:52:21] DRLINFO W JJIJIKJGMMIHJFNNIFKK
[14:52:21] DRLINFO B JJIJIKJGMMIHJFNN
[14:52:21] DRLINFO W JJIJIKJGMMIHJFNNIL
[14:52:21] DRLINFO W JJIJIKJGMMIHJFNNILIN
[14:52:21] DRLINFO B JJIJIKJGMMIHJFNN
[14:52:21] DRLINFO W JJIJIKJGMMIHJFNNKK
[14:52:21] DRLINFO W JJIJIKJGMMIHJFNNKKLL
[14:52:21] DRLINFO B JJIJIKJGMMIHJFNNKKLLIL
[14:52:21] DRLINFO B JJIJIKJGMMIHJFNNKKLLILII
[14:52:21] DRLINFO B JJIJIKJGMMIHJFNN
[14:52:21] DRLINFO W JJIJIKJGMMIHJFNNIG
[14:52:21] DRLINFO W JJIJIKJGMMIHJFNNIGIE
[14:52:21] DRLINFO B JJIJIKJGMMIHJFNN
[14:52:21] DRLINFO W JJIJIKJGMMIHJFNNIL
[14:52:21] DRLINFO W JJIJIKJGMMIHJFNNILIS
[14:52:21] DRLINFO B JJIJIKJGMMIHJFNN
[14:52:21] DRLINFO W JJIJIKJGMMIHJFNNIF
[14:52:21] DRLINFO W JJIJIKJGMMIHJFNNIFGD
[14:52:21] DRLINFO B JJIJIKJGMMIHJFNN
[14:52:21] DRLINFO W JJIJIKJGMMIHJFNNIG
[14:52:21] DRLINFO W JJIJIKJGMMIHJFNNIGKG
[14:52:22] DRLINFO B JJIJIKJGMMIHJFNN
[14:52:22] DRLINFO W JJIJIKJGMMIHJFNNIL
[14:52:22] DRLINFO W JJIJIKJGMMIHJFNNILIE
[14:52:22] DRLINFO B JJIJIKJGMMIHJFNN
[14:52:22] DRLINFO W JJIJIKJGMMIHJFNNII
[14:52:22] DRLINFO W JJIJIKJGMMIHJFNNIIKK
[14:52:22] DRLINFO B JJIJIKJGMMIHJFNNIIKKNK
[14:52:22] DRLINFO B JJIJIKJGMMIHJFNN
[14:52:22] DRLINFO W JJIJIKJGMMIHJFNNIG
[14:52:22] DRLINFO W JJIJIKJGMMIHJFNNIGLL
[14:52:22] DRLINFO B JJIJIKJGMMIHJFNN
[14:52:22] DRLINFO W JJIJIKJGMMIHJFNNIL
[14:52:22] DRLINFO W JJIJIKJGMMIHJFNNILLL
[14:52:22] DRLINFO B JJIJIKJGMMIHJFNN
[14:52:22] DRLINFO W JJIJIKJGMMIHJFNNIF
[14:52:22] DRLINFO W JJIJIKJGMMIHJFNNIFII
[14:52:22] DRLINFO B JJIJIKJGMMIHJFNN
[14:52:22] DRLINFO W JJIJIKJGMMIHJFNNKK
[14:52:22] DRLINFO W JJIJIKJGMMIHJFNNKKLL
[14:52:22] DRLINFO B JJIJIKJGMMIHJFNNKKLLIM
[14:52:22] DRLINFO B JJIJIKJGMMIHJFNN
[14:52:22] DRLINFO W JJIJIKJGMMIHJFNNIL
[14:52:22] DRLINFO W JJIJIKJGMMIHJFNNILIR
[14:52:22] DRLINFO B JJIJIKJGMMIHJFNN
[14:52:22] DRLINFO W JJIJIKJGMMIHJFNNIG
[14:52:22] DRLINFO W JJIJIKJGMMIHJFNNIGGG
[14:52:22] DRLINFO B JJIJIKJGMMIHJFIL
[14:52:22] DRLINFO W JJIJIKJGMMIHJFILOO
[14:52:22] DRLINFO W JJIJIKJGMMIHJFILOO
[14:52:22] DRLINFO W JJIJIKJGMMIHJFILOOIM
[14:52:22] DRLINFO W JJIJIKJGMMIHJFILLL
[14:52:22] DRLINFO W JJIJIKJGMMIHJFILLL
[14:52:22] DRLINFO W JJIJIKJGMMIHJFILLLIM
[14:52:23] DRLINFO W JJIJIKJGMMIHJFILII
[14:52:23] DRLINFO W JJIJIKJGMMIHJFILKK
[14:52:23] DRLINFO W JJIJIKJGMMIHJFILHH
[14:52:23] DRLINFO W JJIJIKJGMMIHJFILNN
[14:52:23] DRLINFO W JJIJIKJGMMIHJFILNN
[14:52:23] DRLINFO W JJIJIKJGMMIHJFILNNIM
[14:52:23] DRLINFO W JJIJIKJGMMIHJFILHH
[14:52:23] DRLINFO W JJIJIKJGMMIHJFILHHIM
[14:52:23] DRLINFO W JJIJIKJGMMIHJFILNN
[14:52:23] DRLINFO W JJIJIKJGMMIHJFILNNIG
[14:52:23] DRLINFO W JJIJIKJGMMIHJFILOO
[14:52:23] DRLINFO W JJIJIKJGMMIHJFILOONN
[14:52:23] DRLINFO W JJIJIKJGMMIHJFILII
[14:52:23] DRLINFO W JJIJIKJGMMIHJFILIIKK
[14:52:23] DRLINFO W JJIJIKJGMMIHJFILLL
[14:52:23] DRLINFO W JJIJIKJGMMIHJFILLLNN
[14:52:23] DRLINFO W JJIJIKJGMMIHJFILKK
[14:52:23] DRLINFO W JJIJIKJGMMIHJFILKKIM
[14:52:23] DRLINFO W JJIJIKJGMMIHJFILNN
[14:52:23] DRLINFO W JJIJIKJGMMIHJFILNNKK
[14:52:23] DRLINFO W JJIJIKJGMMIHJFILOO
[14:52:23] DRLINFO W JJIJIKJGMMIHJFILOOIG
[14:52:23] DRLINFO W JJIJIKJGMMIHJFILLL
[14:52:23] DRLINFO W JJIJIKJGMMIHJFILLLKK
[14:52:23] DRLINFO W JJIJIKJGMMIHJFILHH
[14:52:23] DRLINFO W JJIJIKJGMMIHJFILHHIG
[14:52:23] DRLINFO W JJIJIKJGMMIHJFILII
[14:52:23] DRLINFO W JJIJIKJGMMIHJFILIILL
[14:52:23] DRLINFO W JJIJIKJGMMIHJFILKK
[14:52:23] DRLINFO W JJIJIKJGMMIHJFILKKNN
[14:52:23] DRLINFO W JJIJIKJGMMIHJFILOO
[14:52:23] DRLINFO W JJIJIKJGMMIHJFILOOKK
[14:52:23] DRLINFO W JJIJIKJGMMIHJFILNN
[14:52:24] DRLINFO W JJIJIKJGMMIHJFILNNII
[14:52:24] DRLINFO W JJIJIKJGMMIHJFILHH
[14:52:24] DRLINFO W JJIJIKJGMMIHJFILHHKK
[14:52:24] DRLINFO W JJIJIKJGMMIHJFILLL
[14:52:24] DRLINFO W JJIJIKJGMMIHJFILLLII
[14:52:24] DRLINFO W JJIJIKJGMMIHJFILII
[14:52:24] DRLINFO W JJIJIKJGMMIHJFILIIHH
[14:52:24] DRLINFO W JJIJIKJGMMIHJFILKK
[14:52:24] DRLINFO W JJIJIKJGMMIHJFILKKIG
[14:52:24] DRLINFO W JJIJIKJGMMIHJFILII
[14:52:24] DRLINFO W JJIJIKJGMMIHJFILIIHH
[14:52:24] DRLINFO B JJIJIKJGMMIHJFILIIHHGH
[14:52:24] DRLINFO W JJIJIKJGMMIHJFILNN
[14:52:24] DRLINFO W JJIJIKJGMMIHJFILNNIN
[14:52:24] DRLINFO W JJIJIKJGMMIHJFILLL
[14:52:24] DRLINFO W JJIJIKJGMMIHJFILLLIG
[14:52:24] DRLINFO W JJIJIKJGMMIHJFILOO
[14:52:24] DRLINFO W JJIJIKJGMMIHJFILOOII
[14:52:24] DRLINFO W JJIJIKJGMMIHJFILHH
[14:52:24] DRLINFO W JJIJIKJGMMIHJFILHHII
[14:52:24] DRLINFO W JJIJIKJGMMIHJFILKK
[14:52:24] DRLINFO W JJIJIKJGMMIHJFILKKII
[14:52:24] DRLINFO W JJIJIKJGMMIHJFILNN
[14:52:24] DRLINFO W JJIJIKJGMMIHJFILNNIS
[14:52:24] DRLINFO W JJIJIKJGMMIHJFILLL
[14:52:24] DRLINFO W JJIJIKJGMMIHJFILLLIN
[14:52:24] DRLINFO W JJIJIKJGMMIHJFILOO
[14:52:24] DRLINFO W JJIJIKJGMMIHJFILOOIN
[14:52:24] DRLINFO W JJIJIKJGMMIHJFILHH
[14:52:24] DRLINFO W JJIJIKJGMMIHJFILHHIE
[14:52:24] DRLINFO W JJIJIKJGMMIHJFILLL
[14:52:24] DRLINFO W JJIJIKJGMMIHJFILLLML
[14:52:24] DRLINFO W JJIJIKJGMMIHJFILNN
[14:52:24] DRLINFO W JJIJIKJGMMIHJFILNNIE
[14:52:25] DRLINFO W JJIJIKJGMMIHJFILKK
[14:52:25] DRLINFO W JJIJIKJGMMIHJFILKKIN
[14:52:25] DRLINFO W JJIJIKJGMMIHJFILII
[14:52:25] DRLINFO W JJIJIKJGMMIHJFILIILL
[14:52:25] DRLINFO B JJIJIKJGMMIHJFILIILLOO
[14:52:25] DRLINFO W JJIJIKJGMMIHJFILOO
[14:52:25] DRLINFO W JJIJIKJGMMIHJFILOOIS
[14:52:25] DRLINFO W JJIJIKJGMMIHJFILHH
[14:52:25] DRLINFO W JJIJIKJGMMIHJFILHHIN
[14:52:25] DRLINFO W JJIJIKJGMMIHJFILLL
[14:52:25] DRLINFO W JJIJIKJGMMIHJFILLLIS
[14:52:25] DRLINFO W JJIJIKJGMMIHJFILKK
[14:52:25] DRLINFO W JJIJIKJGMMIHJFILKKIE
[14:52:25] DRLINFO W JJIJIKJGMMIHJFILNN
[14:52:25] DRLINFO W JJIJIKJGMMIHJFILNNLL
[14:52:25] DRLINFO W JJIJIKJGMMIHJFILOO
[14:52:25] DRLINFO W JJIJIKJGMMIHJFILOOIE
[14:52:25] DRLINFO W JJIJIKJGMMIHJFILHH
[14:52:25] DRLINFO W JJIJIKJGMMIHJFILHHIS
[14:52:25] DRLINFO W JJIJIKJGMMIHJFILLL
[14:52:25] DRLINFO W JJIJIKJGMMIHJFILLLIE
[14:52:25] DRLINFO W JJIJIKJGMMIHJFILKK
[14:52:25] DRLINFO W JJIJIKJGMMIHJFILKKIS
[14:52:25] DRLINFO W JJIJIKJGMMIHJFILII
[14:52:25] DRLINFO W JJIJIKJGMMIHJFILIIKK
[14:52:25] DRLINFO B JJIJIKJGMMIHJFILIIKKNK
[14:52:25] DRLINFO W JJIJIKJGMMIHJFILIIHH
[14:52:25] DRLINFO B JJIJIKJGMMIHJFILIIHHLD
[14:52:25] DRLINFO W JJIJIKJGMMIHJFILIIKK
[14:52:25] DRLINFO B JJIJIKJGMMIHJFILIIKKGK
[14:52:25] DRLINFO W JJIJIKJGMMIHJFILIIHH
[14:52:25] DRLINFO B JJIJIKJGMMIHJFILIIHHMH
[14:52:26] DRLINFO W JJIJIKJGMMIHJFILIILL
[14:52:26] DRLINFO B JJIJIKJGMMIHJFILIILLOO
[14:52:26] DRLINFO B JJIJIKJGMMIHJFILIILLOOJO
[14:52:26] DRLINFO W JJIJIKJGMMIHJFILIIHH
[14:52:26] DRLINFO B JJIJIKJGMMIHJFILIIHHFH
[14:52:26] DRLINFO W JJIJIKJGMMIHJFILIIKK
[14:52:26] DRLINFO B JJIJIKJGMMIHJFILIIKKGK
[14:52:26] DRLINFO B JJIJIKJGMMIHJFILIIKKGKHK
[14:52:26] DRLINFO W JJIJIKJGMMIHJFILIILL
[14:52:26] DRLINFO B JJIJIKJGMMIHJFILIILLPP
[14:52:26] DRLINFO W JJIJIKJGMMIHJFILIIHH
[14:52:26] DRLINFO B JJIJIKJGMMIHJFILIIHHEK
[14:52:26] DRLINFO W JJIJIKJGMMIHJFILIIKK
[14:52:26] DRLINFO B JJIJIKJGMMIHJFILIIKKMK
[14:52:26] DRLINFO W JJIJIKJGMMIHJFILIIKK
[14:52:26] DRLINFO B JJIJIKJGMMIHJFILIIKKFK
[14:52:26] DRLINFO W JJIJIKJGMMIHJFILIIHH
[14:52:26] DRLINFO B JJIJIKJGMMIHJFILIIHHFJ
[14:52:26] DRLINFO W JJIJIKJGMMIHJFILIIHH
[14:52:26] DRLINFO B JJIJIKJGMMIHJFILIIHHEH
[14:52:26] DRLINFO W JJIJIKJGMMIHJFILIIHH
[14:52:26] DRLINFO B JJIJIKJGMMIHJFILIIHHKE
[14:52:26] DRLINFO W JJIJIKJGMMIHJFILIIKK
[14:52:26] DRLINFO B JJIJIKJGMMIHJFILIIKKFK
[14:52:26] DRLINFO B JJIJIKJGMMIHJFILIIKKFKJK
[14:52:26] DRLINFO W JJIJIKJGMMIHJFILIILL
[14:52:26] DRLINFO B JJIJIKJGMMIHJFILIILLPP
[14:52:26] DRLINFO B JJIJIKJGMMIHJFILIILLPPJO
[14:52:26] DRLINFO W JJIJIKJGMMIHJFILIIHH
[14:52:26] DRLINFO B JJIJIKJGMMIHJFILIIHHJH
[14:52:26] DRLINFO W JJIJIKJGMMIHJFILIIKK
[14:52:26] DRLINFO B JJIJIKJGMMIHJFILIIKKLK
[14:52:26] DRLINFO W JJIJIKJGMMIHJFILIILL
[14:52:27] DRLINFO B JJIJIKJGMMIHJFILIILLHH
[14:52:27] DRLINFO W JJIJIKJGMMIHJFILIIKK
[14:52:27] DRLINFO B JJIJIKJGMMIHJFILIIKKJK
[14:52:27] DRLINFO W JJIJIKJGMMIHJFILIILL
[14:52:27] DRLINFO B JJIJIKJGMMIHJFILIILLFF
[14:52:27] DRLINFO W JJIJIKJGMMIHJFILIIHH
[14:52:27] DRLINFO B JJIJIKJGMMIHJFILIIHHKH
[14:52:27] DRLINFO W JJIJIKJGMMIHJFILIIHH
[14:52:27] DRLINFO B JJIJIKJGMMIHJFILIIHHLH
[14:52:27] DRLINFO W JJIJIKJGMMIHJFILIIHH
[14:52:27] DRLINFO B JJIJIKJGMMIHJFILIIHHIG
[14:52:27] DRLINFO W JJIJIKJGMMIHJFILIIKK
[14:52:27] DRLINFO B JJIJIKJGMMIHJFILIIKKHK
[14:52:27] DRLINFO W JJIJIKJGMMIHJFILIIHH
[14:52:27] DRLINFO B JJIJIKJGMMIHJFILIIHHGI
[14:52:27] DRLINFO W JJIJIKJGMMIHJFILIIHH
[14:52:27] DRLINFO B JJIJIKJGMMIHJFILIIHHDH
[14:52:27] DRLINFO W JJIJIKJGMMIHJFILIIKK
[14:52:27] DRLINFO B JJIJIKJGMMIHJFILIIKKJK
[14:52:27] DRLINFO B JJIJIKJGMMIHJFILIIKKJKHI
[14:52:27] DRLINFO W JJIJIKJGMMIHJFILIIKK
[14:52:27] DRLINFO B JJIJIKJGMMIHJFILIIKKHK
[14:52:27] DRLINFO B JJIJIKJGMMIHJFILIIKKHKJI
[14:52:27] DRLINFO W JJIJIKJGMMIHJFILIILL
[14:52:27] DRLINFO B JJIJIKJGMMIHJFILIILLGG
[14:52:27] DRLINFO W JJIJIKJGMMIHJFILIIKK
[14:52:27] DRLINFO B JJIJIKJGMMIHJFILIIKKNK
[14:52:27] DRLINFO B JJIJIKJGMMIHJFILIIKKNKJK
[14:52:27] DRLINFO W JJIJIKJGMMIHJFILIIHH
[14:52:27] DRLINFO B JJIJIKJGMMIHJFILIIHHMC
[14:52:27] DRLINFO W JJIJIKJGMMIHJFILIIHH
[14:52:27] DRLINFO B JJIJIKJGMMIHJFILIIHHJH
[14:52:28] DRLINFO B JJIJIKJGMMIHJFILIIHHJHGI
[14:52:28] DRLINFO W JJIJIKJGMMIHJFILIIHH
[14:52:28] DRLINFO B JJIJIKJGMMIHJFILIIHHEK
[14:52:28] DRLINFO B JJIJIKJGMMIHJFILIIHHEKGI
[14:52:28] DRLINFO W JJIJIKJGMMIHJFILIIHH
[14:52:28] DRLINFO B JJIJIKJGMMIHJFILIIHHIG
[14:52:28] DRLINFO B JJIJIKJGMMIHJFILIIHHIGGI
[14:52:28] DRLINFO W JJIJIKJGMMIHJFILIIKK
[14:52:28] DRLINFO B JJIJIKJGMMIHJFILIIKKFK
[14:52:28] DRLINFO B JJIJIKJGMMIHJFILIIKKFKHK
[14:52:28] DRLINFO W JJIJIKJGMMIHJFILIIHH
[14:52:28] DRLINFO B JJIJIKJGMMIHJFILIIHHDH
[14:52:28] DRLINFO B JJIJIKJGMMIHJFILIIHHDHGI
[14:52:28] DRLINFO W JJIJIKJGMMIHJFILIIKK
[14:52:28] DRLINFO B JJIJIKJGMMIHJFILIIKKMK
[14:52:28] DRLINFO B JJIJIKJGMMIHJFILIIKKMKLK
[14:52:28] DRLINFO W JJIJIKJGMMIHJFILIIHH
[14:52:28] DRLINFO B JJIJIKJGMMIHJFILIIHHFH
[14:52:28] DRLINFO B JJIJIKJGMMIHJFILIIHHFHGI
[14:52:28] DRLINFO W JJIJIKJGMMIHJFILIIKK
[14:52:28] DRLINFO B JJIJIKJGMMIHJFILIIKKGK
[14:52:28] DRLINFO B JJIJIKJGMMIHJFILIIKKGKJK
[14:52:28] DRLINFO W JJIJIKJGMMIHJFILIIHH
[14:52:28] DRLINFO B JJIJIKJGMMIHJFILIIHHFJ
[14:52:28] DRLINFO B JJIJIKJGMMIHJFILIIHHFJGI
[14:52:28] DRLINFO W JJIJIKJGMMIHJFILIILL
[14:52:28] DRLINFO B JJIJIKJGMMIHJFILIILLJI
[14:52:28] DRLINFO W JJIJIKJGMMIHJFILIIHH
[14:52:28] DRLINFO B JJIJIKJGMMIHJFILIIHHGI
[14:52:28] DRLINFO B JJIJIKJGMMIHJFILIIHHGILD
[14:52:28] DRLINFO W JJIJIKJGMMIHJFILIIKK
[14:52:28] DRLINFO B JJIJIKJGMMIHJFILIIKKLK
[14:52:28] DRLINFO B JJIJIKJGMMIHJFILIIKKLKHG
[14:52:28] DRLINFO W JJIJIKJGMMIHJFILIIHH
[14:52:29] DRLINFO B JJIJIKJGMMIHJFILIIHHLD
[14:52:29] DRLINFO B JJIJIKJGMMIHJFILIIHHLDEE
[14:52:29] DRLINFO W JJIJIKJGMMIHJFILIIKK
[14:52:29] DRLINFO B JJIJIKJGMMIHJFILIIKKJK
[14:52:29] DRLINFO B JJIJIKJGMMIHJFILIIKKJKGH
[14:52:29] DRLINFO W JJIJIKJGMMIHJFILIIHH
[14:52:29] DRLINFO B JJIJIKJGMMIHJFILIIHHKE
[14:52:29] DRLINFO B JJIJIKJGMMIHJFILIIHHKEGI
[14:52:29] DRLINFO W JJIJIKJGMMIHJFILIIKK
[14:52:29] DRLINFO B JJIJIKJGMMIHJFILIIKKNK
[14:52:29] DRLINFO B JJIJIKJGMMIHJFILIIKKNKLK
[14:53:07] cpp time out: 37.988484621047974
