[14:05:27] New Subprocess!
[14:07:12] DRLINFO B JJJHKI
[14:07:15] DRLINFO B JJJHKIMJ
[14:07:15] DRLINFO B JJJHKIHH
[14:07:15] DRLINFO B JJJHKILJ
[14:07:15] DRLINFO B JJJHKIII
[14:07:15] DRLINFO B JJJHKIMM
[14:07:15] DRLINFO B JJJHKIKK
[14:07:15] DRLINFO B JJJHKIKJ
[14:07:15] DRLINFO B JJJHKIGG
[14:07:15] DRLINFO B JJJHKILL
[14:07:15] DRLINFO B JJJHKIGJ
[14:07:15] DRLINFO B JJJHKIHJ
[14:07:15] DRLINFO B JJJHKIIJ
[14:07:15] DRLINFO B JJJHKIII
[14:07:15] DRLINFO W JJJHKIIIIJ
[14:07:15] DRLINFO B JJJHKIKK
[14:07:15] DRLINFO W JJJHKIKKIJ
[14:07:15] DRLINFO B JJJHKIHH
[14:07:16] DRLINFO W JJJHKIHHHJ
[14:07:16] DRLINFO B JJJHKIMJ
[14:07:16] DRLINFO W JJJHKIMJKH
[14:07:16] DRLINFO B JJJHKIHJ
[14:07:16] DRLINFO W JJJHKIHJHM
[14:07:16] DRLINFO B JJJHKILL
[14:07:16] DRLINFO W JJJHKILLHJ
[14:07:16] DRLINFO B JJJHKIMM
[14:07:16] DRLINFO W JJJHKIMMMO
[14:07:16] DRLINFO B JJJHKIGG
[14:07:16] DRLINFO W JJJHKIGGIJ
[14:07:16] DRLINFO B JJJHKIGJ
[14:07:16] DRLINFO W JJJHKIGJIJ
[14:07:16] DRLINFO B JJJHKILJ
[14:07:16] DRLINFO W JJJHKILJOG
[14:07:16] DRLINFO B JJJHKIIJ
[14:07:16] DRLINFO W JJJHKIIJGL
[14:07:16] DRLINFO B JJJHKIKJ
[14:07:16] DRLINFO W JJJHKIKJHJ
[14:07:16] DRLINFO B JJJHKIKK
[14:07:16] DRLINFO W JJJHKIKKHJ
[14:07:16] DRLINFO B JJJHKIHH
[14:07:16] DRLINFO W JJJHKIHHFJ
[14:07:16] DRLINFO B JJJHKIII
[14:07:16] DRLINFO W JJJHKIIIHJ
[14:07:16] DRLINFO B JJJHKIGJ
[14:07:16] DRLINFO W JJJHKIGJGL
[14:07:16] DRLINFO B JJJHKIHJ
[14:07:16] DRLINFO W JJJHKIHJIJ
[14:07:16] DRLINFO B JJJHKIMJ
[14:07:16] DRLINFO W JJJHKIMJLK
[14:07:16] DRLINFO B JJJHKILL
[14:07:16] DRLINFO W JJJHKILLLN
[14:07:16] DRLINFO B JJJHKIMM
[14:07:17] DRLINFO W JJJHKIMMOM
[14:07:17] DRLINFO B JJJHKIIJ
[14:07:17] DRLINFO W JJJHKIIJKH
[14:07:17] DRLINFO B JJJHKIGG
[14:07:17] DRLINFO W JJJHKIGGHJ
[14:07:17] DRLINFO B JJJHKILJ
[14:07:17] DRLINFO W JJJHKILJLM
[14:07:17] DRLINFO B JJJHKIKJ
[14:07:17] DRLINFO W JJJHKIKJIJ
[14:07:17] DRLINFO B JJJHKIHH
[14:07:17] DRLINFO W JJJHKIHHHK
[14:07:17] DRLINFO B JJJHKIKK
[14:07:17] DRLINFO W JJJHKIKKHK
[14:07:17] DRLINFO B JJJHKIII
[14:07:17] DRLINFO W JJJHKIIIHH
[14:07:17] DRLINFO B JJJHKIMJ
[14:07:17] DRLINFO W JJJHKIMJMH
[14:07:17] DRLINFO B JJJHKIHJ
[14:07:17] DRLINFO W JJJHKIHJGI
[14:07:17] DRLINFO B JJJHKIMM
[14:07:17] DRLINFO W JJJHKIMMHJ
[14:07:17] DRLINFO B JJJHKILL
[14:07:17] DRLINFO W JJJHKILLOL
[14:07:17] DRLINFO B JJJHKIIJ
[14:07:17] DRLINFO W JJJHKIIJHJ
[14:07:17] DRLINFO B JJJHKIGJ
[14:07:17] DRLINFO W JJJHKIGJGH
[14:07:17] DRLINFO B JJJHKIGG
[14:07:17] DRLINFO W JJJHKIGGGH
[14:07:17] DRLINFO B JJJHKIKK
[14:07:17] DRLINFO W JJJHKIKKMM
[14:07:17] DRLINFO B JJJHKIKJ
[14:07:17] DRLINFO W JJJHKIKJMH
[14:07:17] DRLINFO B JJJHKILJ
[14:07:17] DRLINFO W JJJHKILJIJ
[14:07:17] DRLINFO B JJJHKIII
[14:07:18] DRLINFO W JJJHKIIILL
[14:07:18] DRLINFO B JJJHKIHH
[14:07:18] DRLINFO W JJJHKIHHGI
[14:07:18] DRLINFO B JJJHKIMJ
[14:07:18] DRLINFO W JJJHKIMJJG
[14:07:18] DRLINFO B JJJHKIHJ
[14:07:18] DRLINFO W JJJHKIHJKM
[14:07:18] DRLINFO B JJJHKILL
[14:07:18] DRLINFO W JJJHKILLII
[14:07:18] DRLINFO B JJJHKIMM
[14:07:18] DRLINFO W JJJHKIMMMK
[14:07:18] DRLINFO B JJJHKIKK
[14:07:18] DRLINFO W JJJHKIKKMK
[14:07:18] DRLINFO B JJJHKIIJ
[14:07:18] DRLINFO W JJJHKIIJFM
[14:07:18] DRLINFO B JJJHKIGJ
[14:07:18] DRLINFO W JJJHKIGJHJ
[14:07:18] DRLINFO B JJJHKIHH
[14:07:18] DRLINFO W JJJHKIHHIJ
[14:07:18] DRLINFO B JJJHKIGG
[14:07:18] DRLINFO W JJJHKIGGFG
[14:07:18] DRLINFO B JJJHKIII
[14:07:18] DRLINFO W JJJHKIIIIH
[14:07:18] DRLINFO B JJJHKILJ
[14:07:18] DRLINFO W JJJHKILJLG
[14:07:18] DRLINFO B JJJHKIKJ
[14:07:18] DRLINFO W JJJHKIKJLK
[14:07:18] DRLINFO B JJJHKIMJ
[14:07:18] DRLINFO W JJJHKIMJNK
[14:07:18] DRLINFO B JJJHKIHJ
[14:07:18] DRLINFO W JJJHKIHJHL
[14:07:18] DRLINFO B JJJHKILL
[14:07:18] DRLINFO W JJJHKILLLO
[14:07:18] DRLINFO B JJJHKIMM
[14:07:18] DRLINFO W JJJHKIMMIJ
[14:07:19] DRLINFO B JJJHKIKK
[14:07:19] DRLINFO W JJJHKIKKJK
[14:07:19] DRLINFO B JJJHKIHH
[14:07:19] DRLINFO W JJJHKIHHKE
[14:07:19] DRLINFO B JJJHKIGJ
[14:07:19] DRLINFO W JJJHKIGJII
[14:07:19] DRLINFO B JJJHKIIJ
[14:07:19] DRLINFO W JJJHKIIJGH
[14:07:19] DRLINFO B JJJHKIII
[14:07:19] DRLINFO W JJJHKIIIIL
[14:07:19] DRLINFO B JJJHKIMJ
[14:07:19] DRLINFO W JJJHKIMJMM
[14:07:19] DRLINFO B JJJHKIHJ
[14:07:19] DRLINFO W JJJHKIHJMM
[14:07:19] DRLINFO B JJJHKIMM
[14:07:19] DRLINFO W JJJHKIMMMN
[14:07:19] DRLINFO B JJJHKIKK
[14:07:19] DRLINFO W JJJHKIKKII
[14:07:19] DRLINFO B JJJHKILJ
[14:07:19] DRLINFO W JJJHKILJLK
[14:07:19] DRLINFO B JJJHKIKJ
[14:07:19] DRLINFO W JJJHKIKJHM
[14:07:19] DRLINFO B JJJHKIGG
[14:07:19] DRLINFO W JJJHKIGGGI
[14:07:19] DRLINFO B JJJHKILL
[14:07:19] DRLINFO W JJJHKILLMK
[14:07:19] DRLINFO B JJJHKIHH
[14:07:19] DRLINFO W JJJHKIHHII
[14:07:19] DRLINFO B JJJHKIGJ
[14:07:19] DRLINFO W JJJHKIGJHH
[14:07:19] DRLINFO B JJJHKIIJ
[14:07:19] DRLINFO W JJJHKIIJLM
[14:07:19] DRLINFO B JJJHKIII
[14:07:19] DRLINFO W JJJHKIIILJ
[14:07:19] DRLINFO B JJJHKIMJ
[14:07:19] DRLINFO W JJJHKIMJOL
[14:07:20] DRLINFO B JJJHKIHJ
[14:07:20] DRLINFO W JJJHKIHJKJ
[14:07:20] DRLINFO B JJJHKILL
[14:07:20] DRLINFO W JJJHKILLIJ
[14:07:20] DRLINFO B JJJHKIMM
[14:07:20] DRLINFO W JJJHKIMMNM
[14:07:20] DRLINFO B JJJHKIKK
[14:07:20] DRLINFO W JJJHKIKKHN
[14:07:20] DRLINFO B JJJHKILJ
[14:07:20] DRLINFO W JJJHKILJKJ
[14:07:20] DRLINFO B JJJHKIGG
[14:07:20] DRLINFO W JJJHKIGGGE
[14:07:20] DRLINFO B JJJHKIHH
[14:07:20] DRLINFO W JJJHKIHHKJ
[14:07:20] DRLINFO B JJJHKIKJ
[14:07:20] DRLINFO W JJJHKIKJII
[14:07:20] DRLINFO B JJJHKIMJ
[14:07:20] DRLINFO W JJJHKIMJKJ
[14:07:20] DRLINFO B JJJHKIGJ
[14:07:20] DRLINFO W JJJHKIGJHK
[14:07:20] DRLINFO B JJJHKIMM
[14:07:20] DRLINFO W JJJHKIMMKO
[14:07:20] DRLINFO B JJJHKIIJ
[14:07:20] DRLINFO W JJJHKIIJMM
[14:07:20] DRLINFO B JJJHKIII
[14:07:20] DRLINFO W JJJHKIIIIK
[14:07:20] DRLINFO B JJJHKIKK
[14:07:20] DRLINFO W JJJHKIKKIM
[14:07:20] DRLINFO B JJJHKIMM
[14:07:20] DRLINFO W JJJHKIMMPJ
[14:07:20] DRLINFO W JJJHKIMMLM
[14:07:20] DRLINFO W JJJHKIMMLN
[14:07:20] DRLINFO W JJJHKIMMKM
[14:07:21] DRLINFO W JJJHKIMMLL
[14:07:21] DRLINFO W JJJHKIMMKJ
[14:07:21] DRLINFO W JJJHKIMMOK
[14:07:21] DRLINFO W JJJHKIMMNL
[14:07:21] DRLINFO W JJJHKIMMMP
[14:07:21] DRLINFO W JJJHKIMMML
[14:07:21] DRLINFO W JJJHKIMMPM
[14:07:21] DRLINFO W JJJHKIMMLJ
[14:07:21] DRLINFO W JJJHKIMMJM
[14:07:21] DRLINFO W JJJHKIMMGJ
[14:07:21] DRLINFO W JJJHKIMMJP
[14:07:21] DRLINFO W JJJHKIMMKK
[14:07:21] DRLINFO W JJJHKIMMMJ
[14:07:21] DRLINFO W JJJHKIMMLM
[14:07:21] DRLINFO W JJJHKIMMLMIG
[14:07:21] DRLINFO W JJJHKIMMKO
[14:07:21] DRLINFO W JJJHKIMMKOIG
[14:07:21] DRLINFO W JJJHKIMMPM
[14:07:21] DRLINFO W JJJHKIMMPMIG
[14:07:21] DRLINFO W JJJHKIMMOM
[14:07:21] DRLINFO W JJJHKIMMOMIG
[14:07:21] DRLINFO W JJJHKIMMMO
[14:07:21] DRLINFO W JJJHKIMMMOMP
[14:07:21] DRLINFO W JJJHKIMMHJ
[14:07:21] DRLINFO W JJJHKIMMHJOO
[14:07:21] DRLINFO W JJJHKIMMNL
[14:07:21] DRLINFO W JJJHKIMMNLIG
[14:07:21] DRLINFO W JJJHKIMMKJ
[14:07:21] DRLINFO W JJJHKIMMKJOO
[14:07:21] DRLINFO W JJJHKIMMMK
[14:07:21] DRLINFO W JJJHKIMMMKMJ
[14:07:21] DRLINFO W JJJHKIMMLN
[14:07:21] DRLINFO W JJJHKIMMLNIG
[14:07:22] DRLINFO W JJJHKIMMMN
[14:07:22] DRLINFO W JJJHKIMMMNMP
[14:07:22] DRLINFO W JJJHKIMMIJ
[14:07:22] DRLINFO W JJJHKIMMIJOO
[14:07:22] DRLINFO W JJJHKIMMOK
[14:07:22] DRLINFO W JJJHKIMMOKIG
[14:07:22] DRLINFO W JJJHKIMMMP
[14:07:22] DRLINFO W JJJHKIMMMPNN
[14:07:22] DRLINFO W JJJHKIMMPJ
[14:07:22] DRLINFO W JJJHKIMMPJIG
[14:07:22] DRLINFO W JJJHKIMMLJ
[14:07:22] DRLINFO W JJJHKIMMLJMJ
[14:07:22] DRLINFO W JJJHKIMMML
[14:07:22] DRLINFO W JJJHKIMMMLMJ
[14:07:22] DRLINFO W JJJHKIMMGJ
[14:07:22] DRLINFO W JJJHKIMMGJIG
[14:07:22] DRLINFO W JJJHKIMMLL
[14:07:22] DRLINFO W JJJHKIMMLLIG
[14:07:22] DRLINFO W JJJHKIMMJP
[14:07:22] DRLINFO W JJJHKIMMJPIG
[14:07:22] DRLINFO W JJJHKIMMKM
[14:07:22] DRLINFO W JJJHKIMMKMIG
[14:07:22] DRLINFO W JJJHKIMMNM
[14:07:22] DRLINFO W JJJHKIMMNMIG
[14:07:22] DRLINFO W JJJHKIMMJM
[14:07:22] DRLINFO W JJJHKIMMJMOO
[14:07:22] DRLINFO W JJJHKIMMMJ
[14:07:22] DRLINFO W JJJHKIMMMJOO
[14:07:22] DRLINFO W JJJHKIMMKK
[14:07:22] DRLINFO W JJJHKIMMKKOO
[14:07:22] DRLINFO W JJJHKIMMHJ
[14:07:22] DRLINFO W JJJHKIMMHJGE
[14:07:22] DRLINFO W JJJHKIMMKJ
[14:07:22] DRLINFO W JJJHKIMMKJNN
[14:07:22] DRLINFO W JJJHKIMMMK
[14:07:22] DRLINFO W JJJHKIMMMKOO
[14:07:23] DRLINFO W JJJHKIMMMO
[14:07:23] DRLINFO W JJJHKIMMMONN
[14:07:23] DRLINFO W JJJHKIMMOM
[14:07:23] DRLINFO W JJJHKIMMOMLM
[14:07:23] DRLINFO W JJJHKIMMMP
[14:07:23] DRLINFO W JJJHKIMMMPMO
[14:07:23] DRLINFO W JJJHKIMMLM
[14:07:23] DRLINFO W JJJHKIMMLMNN
[14:07:23] DRLINFO W JJJHKIMMIJ
[14:07:23] DRLINFO W JJJHKIMMIJLJ
[14:07:23] DRLINFO W JJJHKIMMPM
[14:07:23] DRLINFO W JJJHKIMMPMLM
[14:07:23] DRLINFO W JJJHKIMMOK
[14:07:23] DRLINFO W JJJHKIMMOKOO
[14:07:23] DRLINFO W JJJHKIMMKO
[14:07:23] DRLINFO W JJJHKIMMKONN
[14:07:23] DRLINFO W JJJHKIMMMN
[14:07:23] DRLINFO W JJJHKIMMMNIG
[14:07:23] DRLINFO W JJJHKIMMGJ
[14:07:23] DRLINFO W JJJHKIMMGJOO
[14:07:23] DRLINFO W JJJHKIMMNL
[14:07:23] DRLINFO W JJJHKIMMNLNN
[14:07:23] DRLINFO W JJJHKIMMLN
[14:07:23] DRLINFO W JJJHKIMMLNNN
[14:07:23] DRLINFO W JJJHKIMMLJ
[14:07:23] DRLINFO W JJJHKIMMLJOO
[14:07:23] DRLINFO W JJJHKIMMLL
[14:07:23] DRLINFO W JJJHKIMMLLNN
[14:07:23] DRLINFO W JJJHKIMMPJ
[14:07:23] DRLINFO W JJJHKIMMPJOO
[14:07:23] DRLINFO W JJJHKIMMML
[14:07:23] DRLINFO W JJJHKIMMMLNN
[14:07:23] DRLINFO W JJJHKIMMKM
[14:07:23] DRLINFO W JJJHKIMMKMOO
[14:07:23] DRLINFO W JJJHKIMMNM
[14:07:24] DRLINFO W JJJHKIMMNMNN
[14:07:24] DRLINFO W JJJHKIMMJP
[14:07:24] DRLINFO W JJJHKIMMJPOO
[14:07:24] DRLINFO W JJJHKIMMMJ
[14:07:24] DRLINFO W JJJHKIMMMJNN
[14:07:24] DRLINFO W JJJHKIMMJM
[14:07:24] DRLINFO W JJJHKIMMJMNN
[14:07:24] DRLINFO W JJJHKIMMKK
[14:07:24] DRLINFO W JJJHKIMMKKNN
[14:07:24] DRLINFO W JJJHKIMMHJ
[14:07:24] DRLINFO W JJJHKIMMHJLJ
[14:07:24] DRLINFO W JJJHKIMMMO
[14:07:24] DRLINFO W JJJHKIMMMOOO
[14:07:24] DRLINFO W JJJHKIMMKJ
[14:07:24] DRLINFO W JJJHKIMMKJLJ
[14:07:24] DRLINFO W JJJHKIMMMK
[14:07:24] DRLINFO W JJJHKIMMMKNN
[14:07:24] DRLINFO W JJJHKIMMOK
[14:07:24] DRLINFO W JJJHKIMMOKNN
[14:07:24] DRLINFO W JJJHKIMMIJ
[14:07:24] DRLINFO W JJJHKIMMIJGJ
[14:07:24] DRLINFO W JJJHKIMMKO
[14:07:24] DRLINFO W JJJHKIMMKOOO
[14:07:24] DRLINFO W JJJHKIMMOM
[14:07:24] DRLINFO W JJJHKIMMOMGE
[14:07:24] DRLINFO W JJJHKIMMGJ
[14:07:24] DRLINFO W JJJHKIMMGJGE
[14:07:24] DRLINFO W JJJHKIMMMP
[14:07:24] DRLINFO W JJJHKIMMMPMR
[14:07:24] DRLINFO W JJJHKIMMLM
[14:07:24] DRLINFO W JJJHKIMMLMOO
[14:07:24] DRLINFO W JJJHKIMMPM
[14:07:24] DRLINFO W JJJHKIMMPMOO
[14:07:24] DRLINFO W JJJHKIMMMN
[14:07:24] DRLINFO W JJJHKIMMMNLJ
[14:07:24] DRLINFO W JJJHKIMMNL
[14:07:25] DRLINFO W JJJHKIMMNLOO
[14:07:25] DRLINFO W JJJHKIMMLN
[14:07:25] DRLINFO W JJJHKIMMLNOK
[14:07:25] DRLINFO W JJJHKIMMLL
[14:07:25] DRLINFO W JJJHKIMMLLOO
[14:07:25] DRLINFO W JJJHKIMMLJ
[14:07:25] DRLINFO W JJJHKIMMLJNN
[14:07:25] DRLINFO W JJJHKIMMNM
[14:07:25] DRLINFO W JJJHKIMMNMLM
[14:07:25] DRLINFO W JJJHKIMMPJ
[14:07:25] DRLINFO W JJJHKIMMPJKO
[14:07:25] DRLINFO W JJJHKIMMML
[14:07:25] DRLINFO W JJJHKIMMMLMO
[14:07:25] DRLINFO W JJJHKIMMKM
[14:07:25] DRLINFO W JJJHKIMMKMNN
[14:07:25] DRLINFO W JJJHKIMMJP
[14:07:25] DRLINFO W JJJHKIMMJPNN
[14:07:25] DRLINFO W JJJHKIMMMJ
[14:07:25] DRLINFO W JJJHKIMMMJKK
[14:07:25] DRLINFO W JJJHKIMMKK
[14:07:25] DRLINFO W JJJHKIMMKKHH
[14:07:25] DRLINFO W JJJHKIMMJM
[14:07:25] DRLINFO W JJJHKIMMJMLM
[14:07:25] DRLINFO W JJJHKIMMHJ
[14:07:25] DRLINFO W JJJHKIMMHJIG
[14:07:25] DRLINFO W JJJHKIMMKJ
[14:07:25] DRLINFO W JJJHKIMMKJMJ
[14:07:25] DRLINFO W JJJHKIMMMO
[14:07:25] DRLINFO W JJJHKIMMMOIG
[14:07:25] DRLINFO W JJJHKIMMMK
[14:07:25] DRLINFO W JJJHKIMMMKLL
[14:07:25] DRLINFO W JJJHKIMMOK
[14:07:25] DRLINFO W JJJHKIMMOKLJ
[14:07:25] DRLINFO W JJJHKIMMGJ
[14:07:25] DRLINFO W JJJHKIMMGJLJ
[14:07:25] DRLINFO W JJJHKIMMIJ
[14:07:26] DRLINFO W JJJHKIMMIJNN
[14:07:26] DRLINFO W JJJHKIMMOM
[14:07:26] DRLINFO W JJJHKIMMOMPM
[14:07:26] DRLINFO W JJJHKIMMKK
[14:07:26] DRLINFO W JJJHKIMMKKLJ
[14:07:26] DRLINFO W JJJHKIMMKKIG
[14:07:26] DRLINFO W JJJHKIMMKKGE
[14:07:26] DRLINFO W JJJHKIMMKKLL
[14:07:26] DRLINFO W JJJHKIMMKKFD
[14:07:26] DRLINFO W JJJHKIMMKKOM
[14:07:26] DRLINFO W JJJHKIMMKKMK
[14:07:26] DRLINFO W JJJHKIMMKKHF
[14:07:26] DRLINFO W JJJHKIMMKKNL
[14:07:26] DRLINFO W JJJHKIMMKKII
[14:07:26] DRLINFO W JJJHKIMMKKNN
[14:07:26] DRLINFO B JJJHKIMMKKNNNL
[14:07:26] DRLINFO W JJJHKIMMKKOO
[14:07:26] DRLINFO B JJJHKIMMKKOOII
[14:07:26] DRLINFO W JJJHKIMMKKHH
[14:07:26] DRLINFO B JJJHKIMMKKHHGH
[14:07:26] DRLINFO W JJJHKIMMKKLJ
[14:07:26] DRLINFO B JJJHKIMMKKLJNL
[14:07:28] cpp time out: 1.4580953121185303
[14:07:28] DRLINFO W JJJHKIMMKKIG
[14:07:28] DRLINFO B JJJHKIMMKKIGNL
[14:07:28] DRLINFO W JJJHKIMMKKIG
[14:07:28] DRLINFO B JJJHKIMMKKIGNN
[14:07:28] DRLINFO W JJJHKIMMKKIG
[14:07:28] DRLINFO B JJJHKIMMKKIGII
[14:07:28] DRLINFO W JJJHKIMMKKIG
[14:07:28] DRLINFO B JJJHKIMMKKIGOO
[14:07:28] DRLINFO W JJJHKIMMKKIG
[14:07:28] DRLINFO B JJJHKIMMKKIGGE
[14:07:28] DRLINFO W JJJHKIMMKKIG
[14:07:28] DRLINFO B JJJHKIMMKKIGLJ
[14:07:28] DRLINFO W JJJHKIMMKKIG
[14:07:29] DRLINFO B JJJHKIMMKKIGFD
[14:07:29] DRLINFO W JJJHKIMMKKIG
[14:07:29] DRLINFO B JJJHKIMMKKIGHF
[14:07:29] DRLINFO W JJJHKIMMKKIG
[14:07:29] DRLINFO B JJJHKIMMKKIGLL
[14:07:29] DRLINFO W JJJHKIMMKKIG
[14:07:29] DRLINFO B JJJHKIMMKKIGMK
[14:07:29] DRLINFO W JJJHKIMMKKIG
[14:07:29] DRLINFO B JJJHKIMMKKIGHH
[14:07:29] DRLINFO W JJJHKIMMKKIG
[14:07:29] DRLINFO B JJJHKIMMKKIGNN
[14:07:29] DRLINFO B JJJHKIMMKKIGNNHH
[14:07:29] DRLINFO W JJJHKIMMKKIG
[14:07:29] DRLINFO B JJJHKIMMKKIGII
[14:07:29] DRLINFO B JJJHKIMMKKIGIIEE
[14:07:29] DRLINFO W JJJHKIMMKKIG
[14:07:29] DRLINFO B JJJHKIMMKKIGGE
[14:07:29] DRLINFO B JJJHKIMMKKIGGEHF
[14:07:29] DRLINFO W JJJHKIMMKKIG
[14:07:29] DRLINFO B JJJHKIMMKKIGOO
[14:07:29] DRLINFO B JJJHKIMMKKIGOOHH
[14:07:29] DRLINFO W JJJHKIMMKKIG
[14:07:29] DRLINFO B JJJHKIMMKKIGHF
[14:07:29] DRLINFO B JJJHKIMMKKIGHFFD
[14:07:29] DRLINFO W JJJHKIMMKKIG
[14:07:29] DRLINFO B JJJHKIMMKKIGFD
[14:07:29] DRLINFO B JJJHKIMMKKIGFDGE
[14:07:29] DRLINFO W JJJHKIMMKKIG
[14:07:29] DRLINFO B JJJHKIMMKKIGLJ
[14:07:30] DRLINFO B JJJHKIMMKKIGLJGE
[14:07:30] DRLINFO W JJJHKIMMKKIG
[14:07:30] DRLINFO B JJJHKIMMKKIGHH
[14:07:30] DRLINFO B JJJHKIMMKKIGHHEE
[14:07:30] DRLINFO W JJJHKIMMKKIG
[14:07:30] DRLINFO B JJJHKIMMKKIGLL
[14:07:30] DRLINFO B JJJHKIMMKKIGLLLJ
[14:07:30] DRLINFO W JJJHKIMMKKIG
[14:07:30] DRLINFO B JJJHKIMMKKIGII
[14:07:30] DRLINFO B JJJHKIMMKKIGIIOO
[14:07:30] DRLINFO W JJJHKIMMKKIG
[14:07:30] DRLINFO B JJJHKIMMKKIGNN
[14:07:30] DRLINFO B JJJHKIMMKKIGNNLJ
[14:07:30] DRLINFO W JJJHKIMMKKIG
[14:07:30] DRLINFO B JJJHKIMMKKIGOO
[14:07:30] DRLINFO B JJJHKIMMKKIGOONN
[14:07:30] DRLINFO W JJJHKIMMKKGE
[14:07:30] DRLINFO B JJJHKIMMKKGENL
[14:07:32] cpp time out: 1.557832956314087
[14:07:32] DRLINFO W JJJHKIMMKKGE
[14:07:32] DRLINFO B JJJHKIMMKKGENN
[14:07:32] DRLINFO W JJJHKIMMKKGE
[14:07:32] DRLINFO B JJJHKIMMKKGEII
[14:07:32] DRLINFO W JJJHKIMMKKGE
[14:07:32] DRLINFO B JJJHKIMMKKGELJ
[14:07:32] DRLINFO W JJJHKIMMKKGE
[14:07:32] DRLINFO B JJJHKIMMKKGEOO
[14:07:32] DRLINFO W JJJHKIMMKKGE
[14:07:32] DRLINFO B JJJHKIMMKKGEFD
[14:07:32] DRLINFO W JJJHKIMMKKGE
[14:07:32] DRLINFO B JJJHKIMMKKGEHF
[14:07:32] DRLINFO W JJJHKIMMKKGE
[14:07:32] DRLINFO B JJJHKIMMKKGEOM
[14:07:32] DRLINFO W JJJHKIMMKKGE
[14:07:32] DRLINFO B JJJHKIMMKKGEIG
[14:07:32] DRLINFO W JJJHKIMMKKGE
[14:07:32] DRLINFO B JJJHKIMMKKGELL
[14:07:32] DRLINFO W JJJHKIMMKKGE
[14:07:32] DRLINFO B JJJHKIMMKKGEMK
[14:07:32] DRLINFO W JJJHKIMMKKGE
[14:07:32] DRLINFO B JJJHKIMMKKGEHH
[14:07:32] DRLINFO W JJJHKIMMKKGE
[14:07:32] DRLINFO B JJJHKIMMKKGEII
[14:07:32] DRLINFO B JJJHKIMMKKGEIIPP
[14:07:32] DRLINFO W JJJHKIMMKKGE
[14:07:32] DRLINFO B JJJHKIMMKKGENN
[14:07:32] DRLINFO B JJJHKIMMKKGENNIG
[14:07:32] DRLINFO W JJJHKIMMKKGE
[14:07:32] DRLINFO B JJJHKIMMKKGEHF
[14:07:32] DRLINFO B JJJHKIMMKKGEHFIG
[14:07:32] DRLINFO W JJJHKIMMKKGE
[14:07:33] DRLINFO B JJJHKIMMKKGEFD
[14:07:33] DRLINFO B JJJHKIMMKKGEFDIG
[14:07:33] DRLINFO W JJJHKIMMKKGE
[14:07:33] DRLINFO B JJJHKIMMKKGEOO
[14:07:33] DRLINFO B JJJHKIMMKKGEOOIG
[14:07:33] DRLINFO W JJJHKIMMKKGE
[14:07:33] DRLINFO B JJJHKIMMKKGEIG
[14:07:33] DRLINFO B JJJHKIMMKKGEIGHF
[14:07:33] DRLINFO W JJJHKIMMKKGE
[14:07:33] DRLINFO B JJJHKIMMKKGELL
[14:07:33] DRLINFO B JJJHKIMMKKGELLLJ
[14:07:33] DRLINFO W JJJHKIMMKKGE
[14:07:33] DRLINFO B JJJHKIMMKKGELJ
[14:07:33] DRLINFO B JJJHKIMMKKGELJIG
[14:07:33] DRLINFO W JJJHKIMMKKGE
[14:07:33] DRLINFO B JJJHKIMMKKGEHH
[14:07:33] DRLINFO B JJJHKIMMKKGEHHEE
[14:07:33] DRLINFO W JJJHKIMMKKGE
[14:07:33] DRLINFO B JJJHKIMMKKGENN
[14:07:33] DRLINFO B JJJHKIMMKKGENNHH
[14:07:33] DRLINFO W JJJHKIMMKKGE
[14:07:33] DRLINFO B JJJHKIMMKKGEII
[14:07:33] DRLINFO B JJJHKIMMKKGEIIEE
[14:07:33] DRLINFO W JJJHKIMMKKGE
[14:07:33] DRLINFO B JJJHKIMMKKGEHF
[14:07:33] DRLINFO B JJJHKIMMKKGEHFIG
[14:07:33] DRLINFO W JJJHKIMMKKGEHFIGII
[14:07:33] DRLINFO W JJJHKIMMKKGE
[14:07:33] DRLINFO B JJJHKIMMKKGEFD
[14:07:33] DRLINFO B JJJHKIMMKKGEFDHF
[14:07:33] DRLINFO W JJJHKIMMKKGE
[14:07:33] DRLINFO B JJJHKIMMKKGEOO
[14:07:33] DRLINFO B JJJHKIMMKKGEOOII
[14:07:33] DRLINFO W JJJHKIMMKKGE
[14:07:33] DRLINFO B JJJHKIMMKKGEIG
[14:07:33] DRLINFO B JJJHKIMMKKGEIGHF
[14:07:34] DRLINFO W JJJHKIMMKKGEIGHFNN
[14:07:34] DRLINFO W JJJHKIMMKKGE
[14:07:34] DRLINFO B JJJHKIMMKKGELJ
[14:07:34] DRLINFO B JJJHKIMMKKGELJHF
[14:07:34] DRLINFO W JJJHKIMMKKFD
[14:07:34] DRLINFO B JJJHKIMMKKFDNL
[14:07:34] DRLINFO W JJJHKIMMKKFD
[14:07:34] DRLINFO B JJJHKIMMKKFDGE
[14:07:34] DRLINFO W JJJHKIMMKKFD
[14:07:34] DRLINFO B JJJHKIMMKKFDII
[14:07:34] DRLINFO W JJJHKIMMKKFD
[14:07:34] DRLINFO B JJJHKIMMKKFDLJ
[14:07:34] DRLINFO W JJJHKIMMKKFD
[14:07:34] DRLINFO B JJJHKIMMKKFDNN
[14:07:34] DRLINFO W JJJHKIMMKKFD
[14:07:34] DRLINFO B JJJHKIMMKKFDOO
[14:07:34] DRLINFO W JJJHKIMMKKFD
[14:07:34] DRLINFO B JJJHKIMMKKFDHF
[14:07:34] DRLINFO W JJJHKIMMKKFD
[14:07:34] DRLINFO B JJJHKIMMKKFDIG
[14:07:34] DRLINFO W JJJHKIMMKKFD
[14:07:34] DRLINFO B JJJHKIMMKKFDLL
[14:07:34] DRLINFO W JJJHKIMMKKFD
[14:07:34] DRLINFO B JJJHKIMMKKFDHH
[14:07:34] DRLINFO W JJJHKIMMKKFD
[14:07:34] DRLINFO B JJJHKIMMKKFDMK
[14:07:34] DRLINFO W JJJHKIMMKKFD
[14:07:34] DRLINFO B JJJHKIMMKKFDNN
[14:07:34] DRLINFO B JJJHKIMMKKFDNNIG
[14:07:34] DRLINFO W JJJHKIMMKKFD
[14:07:34] DRLINFO B JJJHKIMMKKFDII
[14:07:34] DRLINFO B JJJHKIMMKKFDIIEE
[14:07:34] DRLINFO W JJJHKIMMKKFD
[14:07:35] DRLINFO B JJJHKIMMKKFDGE
[14:07:35] DRLINFO B JJJHKIMMKKFDGEIG
[14:07:35] DRLINFO W JJJHKIMMKKFD
[14:07:35] DRLINFO B JJJHKIMMKKFDHF
[14:07:35] DRLINFO B JJJHKIMMKKFDHFIG
[14:07:35] DRLINFO W JJJHKIMMKKFD
[14:07:35] DRLINFO B JJJHKIMMKKFDOO
[14:07:35] DRLINFO B JJJHKIMMKKFDOOIG
[14:07:35] DRLINFO W JJJHKIMMKKFD
[14:07:35] DRLINFO B JJJHKIMMKKFDIG
[14:07:35] DRLINFO B JJJHKIMMKKFDIGGE
[14:07:35] DRLINFO W JJJHKIMMKKFD
[14:07:35] DRLINFO B JJJHKIMMKKFDHH
[14:07:35] DRLINFO B JJJHKIMMKKFDHHEE
[14:07:35] DRLINFO W JJJHKIMMKKFD
[14:07:35] DRLINFO B JJJHKIMMKKFDLL
[14:07:35] DRLINFO B JJJHKIMMKKFDLLLJ
[14:07:35] DRLINFO W JJJHKIMMKKFD
[14:07:35] DRLINFO B JJJHKIMMKKFDNN
[14:07:35] DRLINFO B JJJHKIMMKKFDNNHH
[14:07:35] DRLINFO W JJJHKIMMKKFD
[14:07:35] DRLINFO B JJJHKIMMKKFDII
[14:07:35] DRLINFO B JJJHKIMMKKFDIIPP
[14:07:35] DRLINFO W JJJHKIMMKKFD
[14:07:35] DRLINFO B JJJHKIMMKKFDGE
[14:07:35] DRLINFO B JJJHKIMMKKFDGEHF
[14:07:35] DRLINFO W JJJHKIMMKKFD
[14:07:35] DRLINFO B JJJHKIMMKKFDOO
[14:07:35] DRLINFO B JJJHKIMMKKFDOONN
[14:07:35] DRLINFO W JJJHKIMMKKFD
[14:07:35] DRLINFO B JJJHKIMMKKFDHF
[14:07:35] DRLINFO B JJJHKIMMKKFDHFGE
[14:07:35] DRLINFO W JJJHKIMMKKLL
[14:07:35] DRLINFO B JJJHKIMMKKLLNL
[14:07:35] DRLINFO W JJJHKIMMKKOM
[14:07:35] DRLINFO B JJJHKIMMKKOMNL
[14:07:36] DRLINFO W JJJHKIMMKKOM
[14:07:36] DRLINFO B JJJHKIMMKKOMII
[14:07:36] DRLINFO W JJJHKIMMKKOM
[14:07:36] DRLINFO B JJJHKIMMKKOMGE
[14:07:36] DRLINFO W JJJHKIMMKKOM
[14:07:36] DRLINFO B JJJHKIMMKKOMLJ
[14:07:36] DRLINFO W JJJHKIMMKKOM
[14:07:36] DRLINFO B JJJHKIMMKKOMNN
[14:07:36] DRLINFO W JJJHKIMMKKOM
[14:07:36] DRLINFO B JJJHKIMMKKOMOO
[14:07:36] DRLINFO W JJJHKIMMKKOM
[14:07:36] DRLINFO B JJJHKIMMKKOMHF
[14:07:36] DRLINFO W JJJHKIMMKKOM
[14:07:36] DRLINFO B JJJHKIMMKKOMLL
[14:07:36] DRLINFO W JJJHKIMMKKOM
[14:07:36] DRLINFO B JJJHKIMMKKOMIG
[14:07:36] DRLINFO W JJJHKIMMKKOM
[14:07:37] DRLINFO B JJJHKIMMKKOMMK
[14:07:39] cpp time out: 2.0644774436950684
[14:07:39] DRLINFO W JJJHKIMMKKFD
[14:07:39] DRLINFO B JJJHKIMMKKFDHH
[14:07:39] DRLINFO B JJJHKIMMKKFDHHAA
[14:07:39] DRLINFO B JJJHKIMMKKFDIG
[14:07:39] DRLINFO B JJJHKIMMKKFDIGHF
[14:07:39] DRLINFO B JJJHKIMMKKFDLL
[14:07:39] DRLINFO B JJJHKIMMKKFDLLIG
[14:07:39] DRLINFO B JJJHKIMMKKFDNN
[14:07:39] DRLINFO B JJJHKIMMKKFDNNII
[14:07:39] DRLINFO B JJJHKIMMKKFDII
[14:07:39] DRLINFO B JJJHKIMMKKFDIIOO
[14:07:39] DRLINFO B JJJHKIMMKKFDGE
[14:07:39] DRLINFO B JJJHKIMMKKFDGEHF
[14:07:39] DRLINFO W JJJHKIMMKKFDGEHFNN
[14:07:39] DRLINFO B JJJHKIMMKKFDOO
[14:07:39] DRLINFO B JJJHKIMMKKFDOOHH
[14:07:39] DRLINFO B JJJHKIMMKKFDHF
[14:07:39] DRLINFO B JJJHKIMMKKFDHFGE
[14:07:39] DRLINFO W JJJHKIMMKKFDHFGEMK
[14:07:39] DRLINFO B JJJHKIMMKKFDHH
[14:07:39] DRLINFO B JJJHKIMMKKFDHHOO
[14:07:39] DRLINFO B JJJHKIMMKKFDIG
[14:07:39] DRLINFO B JJJHKIMMKKFDIGGE
[14:07:39] DRLINFO W JJJHKIMMKKFDIGGEMK
[14:07:39] DRLINFO B JJJHKIMMKKFDLL
[14:07:39] DRLINFO B JJJHKIMMKKFDLLGE
[14:07:39] DRLINFO B JJJHKIMMKKFDNN
[14:07:39] DRLINFO B JJJHKIMMKKFDNNLJ
[14:07:39] DRLINFO B JJJHKIMMKKFDII
[14:07:39] DRLINFO B JJJHKIMMKKFDIIAA
[14:07:39] DRLINFO B JJJHKIMMKKFDGE
[14:07:39] DRLINFO B JJJHKIMMKKFDGEIG
[14:07:39] DRLINFO W JJJHKIMMKKFDGEIGII
[14:07:40] DRLINFO B JJJHKIMMKKFDHF
[14:07:40] DRLINFO B JJJHKIMMKKFDHFIG
[14:07:40] DRLINFO W JJJHKIMMKKFDHFIGNN
[14:07:40] DRLINFO B JJJHKIMMKKFDOO
[14:07:40] DRLINFO B JJJHKIMMKKFDOOII
[14:07:40] DRLINFO B JJJHKIMMKKFDIG
[14:07:40] DRLINFO B JJJHKIMMKKFDIGHF
[14:07:40] DRLINFO W JJJHKIMMKKFDIGHFNN
[14:07:40] DRLINFO B JJJHKIMMKKFDHH
[14:07:40] DRLINFO B JJJHKIMMKKFDHHDD
[14:07:40] DRLINFO B JJJHKIMMKKFDLL
[14:07:40] DRLINFO B JJJHKIMMKKFDLLHF
[14:07:40] DRLINFO B JJJHKIMMKKFDII
[14:07:40] DRLINFO B JJJHKIMMKKFDIINN
[14:07:40] DRLINFO B JJJHKIMMKKFDNN
[14:07:40] DRLINFO B JJJHKIMMKKFDNNGE
[14:07:40] DRLINFO B JJJHKIMMKKFDGE
[14:07:40] DRLINFO B JJJHKIMMKKFDGEIG
[14:07:40] DRLINFO W JJJHKIMMKKFDGEIGNN
[14:07:40] DRLINFO B JJJHKIMMKKFDHF
[14:07:40] DRLINFO B JJJHKIMMKKFDHFGE
[14:07:40] DRLINFO W JJJHKIMMKKFDHFGENL
[14:07:40] DRLINFO B JJJHKIMMKKFDOO
[14:07:40] DRLINFO B JJJHKIMMKKFDOOLJ
[14:07:40] DRLINFO B JJJHKIMMKKFDLL
[14:07:40] DRLINFO B JJJHKIMMKKFDLLMK
[14:07:40] DRLINFO B JJJHKIMMKKFDHH
[14:07:40] DRLINFO B JJJHKIMMKKFDHHKH
[14:07:40] DRLINFO B JJJHKIMMKKFDIG
[14:07:40] DRLINFO B JJJHKIMMKKFDIGGE
[14:07:40] DRLINFO W JJJHKIMMKKFDIGGENN
[14:07:40] DRLINFO B JJJHKIMMKKFDII
[14:07:40] DRLINFO B JJJHKIMMKKFDIIDD
[14:07:40] DRLINFO B JJJHKIMMKKFDNN
[14:07:40] DRLINFO B JJJHKIMMKKFDNNHF
[14:07:41] DRLINFO B JJJHKIMMKKFDGE
[14:07:41] DRLINFO B JJJHKIMMKKFDGEHF
[14:07:41] DRLINFO W JJJHKIMMKKFDGEHFII
[14:07:41] DRLINFO B JJJHKIMMKKFDHF
[14:07:41] DRLINFO B JJJHKIMMKKFDHFIG
[14:07:41] DRLINFO W JJJHKIMMKKFDHFIGII
[14:07:41] DRLINFO B JJJHKIMMKKFDOO
[14:07:41] DRLINFO B JJJHKIMMKKFDOOHF
[14:07:41] DRLINFO B JJJHKIMMKKFDIG
[14:07:41] DRLINFO B JJJHKIMMKKFDIGGE
[14:07:41] DRLINFO W JJJHKIMMKKFDIGGENL
[14:07:41] DRLINFO B JJJHKIMMKKFDLL
[14:07:41] DRLINFO B JJJHKIMMKKFDLLHF
[14:07:41] DRLINFO W JJJHKIMMKKFDLLHFRR
[14:07:41] DRLINFO B JJJHKIMMKKFDHH
[14:07:41] DRLINFO B JJJHKIMMKKFDHHLJ
[14:07:41] DRLINFO B JJJHKIMMKKFDNN
[14:07:41] DRLINFO B JJJHKIMMKKFDNNLL
[14:07:41] DRLINFO B JJJHKIMMKKFDII
[14:07:41] DRLINFO B JJJHKIMMKKFDIIGE
[14:07:41] DRLINFO B JJJHKIMMKKFDHF
[14:07:41] DRLINFO B JJJHKIMMKKFDHFGE
[14:07:41] DRLINFO W JJJHKIMMKKFDHFGEOM
[14:07:41] DRLINFO B JJJHKIMMKKFDGE
[14:07:41] DRLINFO B JJJHKIMMKKFDGEIG
[14:07:41] DRLINFO W JJJHKIMMKKFDGEIGOO
[14:07:41] DRLINFO B JJJHKIMMKKFDLL
[14:07:41] DRLINFO B JJJHKIMMKKFDLLGE
[14:07:41] DRLINFO W JJJHKIMMKKFDLLGEMK
[14:07:41] DRLINFO B JJJHKIMMKKFDIG
[14:07:41] DRLINFO B JJJHKIMMKKFDIGHF
[14:07:41] DRLINFO W JJJHKIMMKKFDIGHFOO
[14:07:41] DRLINFO B JJJHKIMMKKFDOO
[14:07:41] DRLINFO B JJJHKIMMKKFDOOGE
[14:07:41] DRLINFO B JJJHKIMMKKFDHF
[14:07:41] DRLINFO B JJJHKIMMKKFDHFIG
[14:07:42] DRLINFO W JJJHKIMMKKFDHFIGOO
[14:07:42] DRLINFO B JJJHKIMMKKFDLL
[14:07:42] DRLINFO B JJJHKIMMKKFDLLIG
[14:07:42] DRLINFO W JJJHKIMMKKFDLLIGRR
[14:07:42] DRLINFO B JJJHKIMMKKFDGE
[14:07:42] DRLINFO B JJJHKIMMKKFDGEIG
[14:07:42] DRLINFO W JJJHKIMMKKFDGEIGLL
[14:07:42] DRLINFO B JJJHKIMMKKFDII
[14:07:42] DRLINFO B JJJHKIMMKKFDIILJ
[14:07:42] DRLINFO B JJJHKIMMKKFDNN
[14:07:42] DRLINFO B JJJHKIMMKKFDNNMK
[14:07:42] DRLINFO B JJJHKIMMKKFDHH
[14:07:42] DRLINFO B JJJHKIMMKKFDHHNN
[14:07:42] DRLINFO B JJJHKIMMKKFDHF
[14:07:42] DRLINFO B JJJHKIMMKKFDHFGE
[14:07:42] DRLINFO W JJJHKIMMKKFDHFGENN
[14:07:42] DRLINFO B JJJHKIMMKKFDLL
[14:07:42] DRLINFO B JJJHKIMMKKFDLLMK
[14:07:42] DRLINFO W JJJHKIMMKKFDLLMKMO
[14:07:42] DRLINFO B JJJHKIMMKKFDGE
[14:07:42] DRLINFO B JJJHKIMMKKFDGEHF
[14:07:42] DRLINFO W JJJHKIMMKKFDGEHFOO
[14:07:42] DRLINFO B JJJHKIMMKKFDIG
[14:07:42] DRLINFO B JJJHKIMMKKFDIGGE
[14:07:42] DRLINFO W JJJHKIMMKKFDIGGELJ
[14:07:42] DRLINFO B JJJHKIMMKKFDOO
[14:07:42] DRLINFO B JJJHKIMMKKFDOOLL
[14:07:42] DRLINFO B JJJHKIMMKKFDLL
[14:07:42] DRLINFO B JJJHKIMMKKFDLLLJ
[14:07:42] DRLINFO W JJJHKIMMKKFDLLLJHJ
[14:07:42] DRLINFO B JJJHKIMMKKFDII
[14:07:42] DRLINFO B JJJHKIMMKKFDIIJI
[14:07:42] DRLINFO B JJJHKIMMKKFDNN
[14:07:42] DRLINFO B JJJHKIMMKKFDNNHH
[14:07:42] DRLINFO W JJJHKIMMKKFDNNHHGE
[14:07:43] DRLINFO B JJJHKIMMKKFDHF
[14:07:43] DRLINFO B JJJHKIMMKKFDHFIG
[14:07:43] DRLINFO W JJJHKIMMKKFDHFIGLL
[14:07:43] DRLINFO B JJJHKIMMKKFDHH
[14:07:43] DRLINFO B JJJHKIMMKKFDHHIG
[14:07:43] DRLINFO B JJJHKIMMKKFDLL
[14:07:43] DRLINFO B JJJHKIMMKKFDLLMK
[14:07:43] DRLINFO W JJJHKIMMKKFDLLMKJK
[14:07:43] DRLINFO B JJJHKIMMKKFDGE
[14:07:43] DRLINFO B JJJHKIMMKKFDGEIG
[14:07:43] DRLINFO W JJJHKIMMKKFDGEIGHH
[14:07:43] DRLINFO B JJJHKIMMKKFDHF
[14:07:43] DRLINFO B JJJHKIMMKKFDHFIG
[14:07:43] DRLINFO W JJJHKIMMKKFDHFIGHH
[14:07:43] DRLINFO B JJJHKIMMKKFDLL
[14:07:43] DRLINFO B JJJHKIMMKKFDLLGE
[14:07:43] DRLINFO W JJJHKIMMKKFDLLGEOM
[14:07:43] DRLINFO B JJJHKIMMKKFDIG
[14:07:43] DRLINFO B JJJHKIMMKKFDIGHF
[14:07:43] DRLINFO W JJJHKIMMKKFDIGHFLL
[14:07:43] DRLINFO B JJJHKIMMKKFDNN
[14:07:43] DRLINFO B JJJHKIMMKKFDNNII
[14:07:43] DRLINFO W JJJHKIMMKKFDNNIIMK
[14:07:43] DRLINFO B JJJHKIMMKKFDOO
[14:07:43] DRLINFO B JJJHKIMMKKFDOOMK
[14:07:43] DRLINFO B JJJHKIMMKKFDLL
[14:07:43] DRLINFO B JJJHKIMMKKFDLLLJ
[14:07:43] DRLINFO W JJJHKIMMKKFDLLLJGO
[14:07:43] DRLINFO B JJJHKIMMKKFDII
[14:07:43] DRLINFO B JJJHKIMMKKFDIIIG
[14:07:43] DRLINFO B JJJHKIMMKKFDGE
[14:07:43] DRLINFO B JJJHKIMMKKFDGEIG
[14:07:43] DRLINFO W JJJHKIMMKKFDGEIGII
[14:07:43] DRLINFO W JJJHKIMMKKFDGEIGIILL
[14:07:43] DRLINFO B JJJHKIMMKKFDHF
[14:07:43] DRLINFO B JJJHKIMMKKFDHFGE
[14:07:43] DRLINFO W JJJHKIMMKKFDHFGEII
[14:07:44] DRLINFO B JJJHKIMMKKFDHH
[14:07:44] DRLINFO B JJJHKIMMKKFDHHGE
[14:07:44] DRLINFO B JJJHKIMMKKFDNN
[14:07:44] DRLINFO B JJJHKIMMKKFDNNIG
[14:07:44] DRLINFO W JJJHKIMMKKFDNNIGII
[14:07:44] DRLINFO B JJJHKIMMKKFDOO
[14:07:44] DRLINFO B JJJHKIMMKKFDOOFF
[14:07:44] DRLINFO B JJJHKIMMKKFDLL
[14:07:44] DRLINFO B JJJHKIMMKKFDLLIG
[14:07:44] DRLINFO W JJJHKIMMKKFDLLIGNN
[14:07:44] DRLINFO B JJJHKIMMKKFDGE
[14:07:44] DRLINFO B JJJHKIMMKKFDGEHF
[14:07:44] DRLINFO W JJJHKIMMKKFDGEHFLL
[14:07:44] DRLINFO B JJJHKIMMKKFDIG
[14:07:44] DRLINFO B JJJHKIMMKKFDIGGE
[14:07:44] DRLINFO W JJJHKIMMKKFDIGGEII
[14:07:44] DRLINFO B JJJHKIMMKKFDII
[14:07:44] DRLINFO B JJJHKIMMKKFDIIHF
[14:07:44] DRLINFO B JJJHKIMMKKFDHF
[14:07:44] DRLINFO B JJJHKIMMKKFDHFIG
[14:07:44] DRLINFO W JJJHKIMMKKFDHFIGNN
[14:07:44] DRLINFO W JJJHKIMMKKFDHFIGNNLL
[14:07:44] DRLINFO B JJJHKIMMKKFDLL
[14:07:44] DRLINFO B JJJHKIMMKKFDLLHF
[14:07:44] DRLINFO W JJJHKIMMKKFDLLHFNN
[14:07:44] DRLINFO B JJJHKIMMKKFDNN
[14:07:44] DRLINFO B JJJHKIMMKKFDNNGE
[14:07:44] DRLINFO W JJJHKIMMKKFDNNGEMK
[14:07:44] DRLINFO B JJJHKIMMKKFDHH
[14:07:44] DRLINFO B JJJHKIMMKKFDHHII
[14:07:44] DRLINFO B JJJHKIMMKKFDGE
[14:07:44] DRLINFO B JJJHKIMMKKFDGEIG
[14:07:44] DRLINFO W JJJHKIMMKKFDGEIGNN
[14:07:44] DRLINFO W JJJHKIMMKKFDGEIGNNLL
[14:07:44] DRLINFO B JJJHKIMMKKFDOO
[14:07:44] DRLINFO B JJJHKIMMKKFDOOGG
[14:07:45] DRLINFO B JJJHKIMMKKFDIG
[14:07:45] DRLINFO B JJJHKIMMKKFDIGHF
[14:07:45] DRLINFO W JJJHKIMMKKFDIGHFII
[14:07:45] DRLINFO B JJJHKIMMKKFDLL
[14:07:45] DRLINFO B JJJHKIMMKKFDLLMK
[14:07:45] DRLINFO W JJJHKIMMKKFDLLMKNK
[14:07:45] DRLINFO B JJJHKIMMKKFDII
[14:07:45] DRLINFO B JJJHKIMMKKFDIIHH
[14:07:45] DRLINFO B JJJHKIMMKKFDNN
[14:07:45] DRLINFO B JJJHKIMMKKFDNNHF
[14:07:45] DRLINFO W JJJHKIMMKKFDNNHFII
[14:07:45] DRLINFO B JJJHKIMMKKFDLL
[14:07:45] DRLINFO B JJJHKIMMKKFDLLGE
[14:07:45] DRLINFO W JJJHKIMMKKFDLLGENL
[14:07:45] DRLINFO B JJJHKIMMKKFDHF
[14:07:45] DRLINFO B JJJHKIMMKKFDHFGE
[14:07:45] DRLINFO W JJJHKIMMKKFDHFGELJ
[14:07:45] DRLINFO B JJJHKIMMKKFDLL
[14:07:45] DRLINFO B JJJHKIMMKKFDLLIG
[14:07:45] DRLINFO W JJJHKIMMKKFDLLIGFF
[14:07:45] DRLINFO B JJJHKIMMKKFDOO
[14:07:45] DRLINFO B JJJHKIMMKKFDOOMK
[14:07:45] DRLINFO W JJJHKIMMKKFDOOMKII
[14:07:45] DRLINFO B JJJHKIMMKKFDHH
[14:07:45] DRLINFO B JJJHKIMMKKFDHHGH
[14:07:45] DRLINFO B JJJHKIMMKKFDIG
[14:07:45] DRLINFO B JJJHKIMMKKFDIGGE
[14:07:45] DRLINFO W JJJHKIMMKKFDIGGEOO
[14:07:45] DRLINFO B JJJHKIMMKKFDGE
[14:07:45] DRLINFO B JJJHKIMMKKFDGEHF
[14:07:45] DRLINFO W JJJHKIMMKKFDGEHFHH
[14:07:45] DRLINFO B JJJHKIMMKKFDLL
[14:07:45] DRLINFO B JJJHKIMMKKFDLLMK
[14:07:45] DRLINFO W JJJHKIMMKKFDLLMKHK
[14:07:45] DRLINFO B JJJHKIMMKKFDNN
[14:07:45] DRLINFO B JJJHKIMMKKFDNNLL
[14:07:46] DRLINFO W JJJHKIMMKKFDNNLLII
[14:07:46] DRLINFO B JJJHKIMMKKFDII
[14:07:46] DRLINFO B JJJHKIMMKKFDIIQQ
[14:07:46] DRLINFO B JJJHKIMMKKFDHF
[14:07:46] DRLINFO B JJJHKIMMKKFDHFIG
[14:07:46] DRLINFO W JJJHKIMMKKFDHFIGII
[14:07:46] DRLINFO W JJJHKIMMKKFDHFIGIILL
[14:07:46] DRLINFO B JJJHKIMMKKFDOO
[14:07:46] DRLINFO B JJJHKIMMKKFDOONN
[14:07:46] DRLINFO W JJJHKIMMKKFDOONNII
[14:07:46] DRLINFO B JJJHKIMMKKFDLL
[14:07:46] DRLINFO B JJJHKIMMKKFDLLLJ
[14:07:46] DRLINFO W JJJHKIMMKKFDLLLJOJ
[14:07:46] DRLINFO B JJJHKIMMKKFDHF
[14:07:46] DRLINFO B JJJHKIMMKKFDHFGE
[14:07:46] DRLINFO W JJJHKIMMKKFDHFGEOO
[14:07:46] DRLINFO B JJJHKIMMKKFDIG
[14:07:46] DRLINFO B JJJHKIMMKKFDIGGE
[14:07:46] DRLINFO W JJJHKIMMKKFDIGGELL
[14:07:46] DRLINFO B JJJHKIMMKKFDIGHF
[14:07:46] DRLINFO W JJJHKIMMKKFDIGHFHH
[14:07:46] DRLINFO B JJJHKIMMKKFDIGGE
[14:07:46] DRLINFO W JJJHKIMMKKFDIGGEHH
[14:07:46] DRLINFO B JJJHKIMMKKFDIGGE
[14:07:46] DRLINFO W JJJHKIMMKKFDIGGEHF
[14:07:46] DRLINFO B JJJHKIMMKKFDIGHF
[14:07:46] DRLINFO W JJJHKIMMKKFDIGHFNN
[14:07:46] DRLINFO W JJJHKIMMKKFDIGHFNNLL
[14:07:46] DRLINFO B JJJHKIMMKKFDIGGE
[14:07:46] DRLINFO W JJJHKIMMKKFDIGGELJ
[14:07:46] DRLINFO W JJJHKIMMKKFDIGGELJOO
[14:07:46] DRLINFO B JJJHKIMMKKFDIGHF
[14:07:46] DRLINFO W JJJHKIMMKKFDIGHFII
[14:07:46] DRLINFO W JJJHKIMMKKFDIGHFIILL
[14:07:46] DRLINFO B JJJHKIMMKKFDIGHF
[14:07:46] DRLINFO W JJJHKIMMKKFDIGHFLL
[14:07:47] DRLINFO W JJJHKIMMKKFDIGHFLLNN
[14:07:47] DRLINFO B JJJHKIMMKKFDIGGE
[14:07:47] DRLINFO W JJJHKIMMKKFDIGGEMK
[14:07:47] DRLINFO W JJJHKIMMKKFDIGGEMKNK
[14:07:47] DRLINFO B JJJHKIMMKKFDIGHF
[14:07:47] DRLINFO W JJJHKIMMKKFDIGHFOO
[14:07:47] DRLINFO W JJJHKIMMKKFDIGHFOONN
[14:07:47] DRLINFO B JJJHKIMMKKFDIGHF
[14:07:47] DRLINFO W JJJHKIMMKKFDIGHFHH
[14:07:47] DRLINFO W JJJHKIMMKKFDIGHFHHII
[14:07:47] DRLINFO B JJJHKIMMKKFDIGGE
[14:07:47] DRLINFO W JJJHKIMMKKFDIGGENL
[14:07:47] DRLINFO W JJJHKIMMKKFDIGGENLNN
[14:07:47] DRLINFO B JJJHKIMMKKFDIGHF
[14:07:47] DRLINFO W JJJHKIMMKKFDIGHFNN
[14:07:47] DRLINFO W JJJHKIMMKKFDIGHFNNLL
[14:07:47] DRLINFO B JJJHKIMMKKFDIGHFNNLLNL
[14:07:47] DRLINFO B JJJHKIMMKKFDIGGE
[14:07:47] DRLINFO W JJJHKIMMKKFDIGGENN
[14:07:47] DRLINFO W JJJHKIMMKKFDIGGENNLL
[14:07:47] DRLINFO B JJJHKIMMKKFDIGHF
[14:07:47] DRLINFO W JJJHKIMMKKFDIGHFOO
[14:07:47] DRLINFO W JJJHKIMMKKFDIGHFOOLL
[14:07:47] DRLINFO B JJJHKIMMKKFDIGHF
[14:07:47] DRLINFO W JJJHKIMMKKFDIGHFLL
[14:07:47] DRLINFO W JJJHKIMMKKFDIGHFLLOO
[14:07:47] DRLINFO B JJJHKIMMKKFDIGHF
[14:07:47] DRLINFO W JJJHKIMMKKFDIGHFII
[14:07:47] DRLINFO W JJJHKIMMKKFDIGHFIILL
[14:07:47] DRLINFO B JJJHKIMMKKFDIGHFIILLNL
[14:07:47] DRLINFO B JJJHKIMMKKFDIGGE
[14:07:47] DRLINFO W JJJHKIMMKKFDIGGEII
[14:07:47] DRLINFO W JJJHKIMMKKFDIGGEIILL
[14:07:47] DRLINFO B JJJHKIMMKKFDIGGE
[14:07:47] DRLINFO W JJJHKIMMKKFDIGGEHF
[14:07:47] DRLINFO W JJJHKIMMKKFDIGGEHFNN
[14:07:48] DRLINFO B JJJHKIMMKKFDIGGE
[14:07:48] DRLINFO W JJJHKIMMKKFDIGGEHH
[14:07:48] DRLINFO W JJJHKIMMKKFDIGGEHHII
[14:07:48] DRLINFO B JJJHKIMMKKFDIGHF
[14:07:48] DRLINFO W JJJHKIMMKKFDIGHFNN
[14:07:48] DRLINFO W JJJHKIMMKKFDIGHFNNLL
[14:07:48] DRLINFO B JJJHKIMMKKFDIGHFNNLLLJ
[14:07:48] DRLINFO B JJJHKIMMKKFDIGGE
[14:07:48] DRLINFO W JJJHKIMMKKFDIGGEOO
[14:07:48] DRLINFO W JJJHKIMMKKFDIGGEOONN
[14:07:48] DRLINFO B JJJHKIMMKKFDIGHF
[14:07:48] DRLINFO W JJJHKIMMKKFDIGHFHH
[14:07:48] DRLINFO W JJJHKIMMKKFDIGHFHHLL
[14:07:48] DRLINFO B JJJHKIMMKKFDIGHF
[14:07:48] DRLINFO W JJJHKIMMKKFDIGHFII
[14:07:48] DRLINFO W JJJHKIMMKKFDIGHFIILL
[14:07:48] DRLINFO B JJJHKIMMKKFDIGHFIILLLJ
[14:07:48] DRLINFO B JJJHKIMMKKFDIGGE
[14:07:48] DRLINFO W JJJHKIMMKKFDIGGELL
[14:07:48] DRLINFO W JJJHKIMMKKFDIGGELLOO
[14:07:48] DRLINFO B JJJHKIMMKKFDIGHF
[14:07:48] DRLINFO W JJJHKIMMKKFDIGHFNN
[14:07:48] DRLINFO W JJJHKIMMKKFDIGHFNNLL
[14:07:48] DRLINFO B JJJHKIMMKKFDIGHFNNLLMK
[14:07:48] DRLINFO B JJJHKIMMKKFDIGGE
[14:07:48] DRLINFO W JJJHKIMMKKFDIGGEMK
[14:07:48] DRLINFO W JJJHKIMMKKFDIGGEMKMJ
[14:07:48] DRLINFO B JJJHKIMMKKFDIGHF
[14:07:48] DRLINFO W JJJHKIMMKKFDIGHFLL
[14:07:48] DRLINFO W JJJHKIMMKKFDIGHFLLHH
[14:07:48] DRLINFO B JJJHKIMMKKFDIGGE
[14:07:48] DRLINFO W JJJHKIMMKKFDIGGELJ
[14:07:48] DRLINFO W JJJHKIMMKKFDIGGELJJL
[14:07:48] DRLINFO B JJJHKIMMKKFDIGHF
[14:07:48] DRLINFO W JJJHKIMMKKFDIGHFOO
[14:07:48] DRLINFO W JJJHKIMMKKFDIGHFOONN
[14:07:48] DRLINFO B JJJHKIMMKKFDIGHFOONNNL
[14:07:49] DRLINFO B JJJHKIMMKKFDIGHF
[14:07:49] DRLINFO W JJJHKIMMKKFDIGHFHH
[14:07:49] DRLINFO W JJJHKIMMKKFDIGHFHHII
[14:07:49] DRLINFO B JJJHKIMMKKFDIGHFHHIINL
[14:07:49] DRLINFO B JJJHKIMMKKFDIGHF
[14:07:49] DRLINFO W JJJHKIMMKKFDIGHFNN
[14:07:49] DRLINFO W JJJHKIMMKKFDIGHFNNLL
[14:07:49] DRLINFO B JJJHKIMMKKFDIGHFNNLLLJ
[14:07:49] DRLINFO B JJJHKIMMKKFDIGHFNNLLLJNL
[14:07:49] DRLINFO B JJJHKIMMKKFDIGHF
[14:07:49] DRLINFO W JJJHKIMMKKFDIGHFII
[14:07:49] DRLINFO W JJJHKIMMKKFDIGHFIILL
[14:07:49] DRLINFO B JJJHKIMMKKFDIGHFIILLMK
[14:07:49] DRLINFO B JJJHKIMMKKFDIGGE
[14:07:49] DRLINFO W JJJHKIMMKKFDIGGENN
[14:07:49] DRLINFO W JJJHKIMMKKFDIGGENNLL
[14:07:49] DRLINFO B JJJHKIMMKKFDIGGENNLLNL
[14:07:49] DRLINFO B JJJHKIMMKKFDIGHF
[14:07:49] DRLINFO W JJJHKIMMKKFDIGHFLL
[14:07:49] DRLINFO W JJJHKIMMKKFDIGHFLLII
[14:07:49] DRLINFO B JJJHKIMMKKFDIGHF
[14:07:49] DRLINFO W JJJHKIMMKKFDIGHFNN
[14:07:49] DRLINFO W JJJHKIMMKKFDIGHFNNLL
[14:07:49] DRLINFO B JJJHKIMMKKFDIGHFNNLLNL
[14:07:49] DRLINFO B JJJHKIMMKKFDIGHFNNLLNLLJ
[14:07:49] DRLINFO B JJJHKIMMKKFDIGGE
[14:07:49] DRLINFO W JJJHKIMMKKFDIGGENL
[14:07:49] DRLINFO W JJJHKIMMKKFDIGGENLOO
[14:07:49] DRLINFO B JJJHKIMMKKFDIGHF
[14:07:49] DRLINFO W JJJHKIMMKKFDIGHFII
[14:07:49] DRLINFO W JJJHKIMMKKFDIGHFIILL
[14:07:49] DRLINFO B JJJHKIMMKKFDIGHFIILLLJ
[14:07:49] DRLINFO B JJJHKIMMKKFDIGHFIILLLJNL
[14:07:49] DRLINFO B JJJHKIMMKKFDIGGE
[14:07:49] DRLINFO W JJJHKIMMKKFDIGGEOO
[14:07:49] DRLINFO W JJJHKIMMKKFDIGGEOOLL
[14:07:49] DRLINFO B JJJHKIMMKKFDIGGE
[14:07:49] DRLINFO W JJJHKIMMKKFDIGGEHF
[14:07:50] DRLINFO W JJJHKIMMKKFDIGGEHFOO
[14:07:50] DRLINFO B JJJHKIMMKKFDIGHF
[14:07:50] DRLINFO W JJJHKIMMKKFDIGHFOO
[14:07:50] DRLINFO W JJJHKIMMKKFDIGHFOOLL
[14:07:50] DRLINFO B JJJHKIMMKKFDIGHFOOLLNL
[14:07:50] DRLINFO B JJJHKIMMKKFDIGGE
[14:07:50] DRLINFO W JJJHKIMMKKFDIGGELL
[14:07:50] DRLINFO W JJJHKIMMKKFDIGGELLNN
[14:07:50] DRLINFO B JJJHKIMMKKFDIGHF
[14:07:50] DRLINFO W JJJHKIMMKKFDIGHFLL
[14:07:50] DRLINFO W JJJHKIMMKKFDIGHFLLII
[14:07:50] DRLINFO B JJJHKIMMKKFDIGHFLLIINN
[14:07:50] DRLINFO B JJJHKIMMKKFDIGHF
[14:07:50] DRLINFO W JJJHKIMMKKFDIGHFII
[14:07:50] DRLINFO W JJJHKIMMKKFDIGHFIILL
[14:07:50] DRLINFO B JJJHKIMMKKFDIGHFIILLNL
[14:07:50] DRLINFO B JJJHKIMMKKFDIGHFIILLNLLJ
[14:07:50] DRLINFO B JJJHKIMMKKFDIGHF
[14:07:50] DRLINFO W JJJHKIMMKKFDIGHFHH
[14:07:50] DRLINFO W JJJHKIMMKKFDIGHFHHLL
[14:07:50] DRLINFO B JJJHKIMMKKFDIGHFHHLLNL
[14:07:50] DRLINFO B JJJHKIMMKKFDIGGE
[14:07:50] DRLINFO W JJJHKIMMKKFDIGGEHH
[14:07:50] DRLINFO W JJJHKIMMKKFDIGGEHHLL
[14:07:50] DRLINFO B JJJHKIMMKKFDIGGE
[14:07:50] DRLINFO W JJJHKIMMKKFDIGGEII
[14:07:50] DRLINFO W JJJHKIMMKKFDIGGEIILL
[14:07:50] DRLINFO B JJJHKIMMKKFDIGGEIILLNL
[14:07:50] DRLINFO B JJJHKIMMKKFDIGHF
[14:07:50] DRLINFO W JJJHKIMMKKFDIGHFNN
[14:07:50] DRLINFO W JJJHKIMMKKFDIGHFNNLL
[14:07:50] DRLINFO B JJJHKIMMKKFDIGHFNNLLMK
[14:07:50] DRLINFO B JJJHKIMMKKFDIGHFNNLLMKLJ
[14:07:50] DRLINFO B JJJHKIMMKKFDIGHF
[14:07:50] DRLINFO W JJJHKIMMKKFDIGHFOO
[14:07:50] DRLINFO W JJJHKIMMKKFDIGHFOOLL
[14:07:50] DRLINFO B JJJHKIMMKKFDIGHFOOLLLJ
[14:07:51] DRLINFO B JJJHKIMMKKFDIGHF
[14:07:51] DRLINFO W JJJHKIMMKKFDIGHFII
[14:07:51] DRLINFO W JJJHKIMMKKFDIGHFIILL
[14:07:51] DRLINFO B JJJHKIMMKKFDIGHFIILLMK
[14:07:51] DRLINFO B JJJHKIMMKKFDIGHFIILLMKLJ
[14:07:51] DRLINFO B JJJHKIMMKKFDIGGE
[14:07:51] DRLINFO W JJJHKIMMKKFDIGGEMK
[14:07:51] DRLINFO W JJJHKIMMKKFDIGGEMKOO
[14:07:51] DRLINFO B JJJHKIMMKKFDIGHF
[14:07:51] DRLINFO W JJJHKIMMKKFDIGHFNN
[14:07:51] DRLINFO W JJJHKIMMKKFDIGHFNNLL
[14:07:51] DRLINFO B JJJHKIMMKKFDIGHFNNLLNL
[14:07:51] DRLINFO B JJJHKIMMKKFDIGHFNNLLNLMK
[14:07:51] DRLINFO B JJJHKIMMKKFDIGGE
[14:07:51] DRLINFO W JJJHKIMMKKFDIGGENN
[14:07:51] DRLINFO W JJJHKIMMKKFDIGGENNLL
[14:07:51] DRLINFO B JJJHKIMMKKFDIGGENNLLLJ
[14:07:51] DRLINFO B JJJHKIMMKKFDIGHF
[14:07:51] DRLINFO W JJJHKIMMKKFDIGHFHH
[14:07:51] DRLINFO W JJJHKIMMKKFDIGHFHHLL
[14:07:51] DRLINFO B JJJHKIMMKKFDIGHFHHLLHJ
[14:07:51] DRLINFO B JJJHKIMMKKFDIGHF
[14:07:51] DRLINFO W JJJHKIMMKKFDIGHFOO
[14:07:51] DRLINFO W JJJHKIMMKKFDIGHFOONN
[14:07:51] DRLINFO B JJJHKIMMKKFDIGHFOONNGG
[14:07:51] DRLINFO B JJJHKIMMKKFDIGHF
[14:07:51] DRLINFO W JJJHKIMMKKFDIGHFII
[14:07:51] DRLINFO W JJJHKIMMKKFDIGHFIILL
[14:07:51] DRLINFO B JJJHKIMMKKFDIGHFIILLNL
[14:07:51] DRLINFO B JJJHKIMMKKFDIGHFIILLNLMK
[14:07:51] DRLINFO B JJJHKIMMKKFDIGHF
[14:07:51] DRLINFO W JJJHKIMMKKFDIGHFNN
[14:07:51] DRLINFO W JJJHKIMMKKFDIGHFNNLL
[14:07:51] DRLINFO B JJJHKIMMKKFDIGHFNNLLLJ
[14:07:51] DRLINFO B JJJHKIMMKKFDIGHFNNLLLJMK
[14:07:51] DRLINFO B JJJHKIMMKKFDIGHF
[14:07:51] DRLINFO W JJJHKIMMKKFDIGHFLL
[14:07:52] DRLINFO W JJJHKIMMKKFDIGHFLLNN
[14:07:52] DRLINFO B JJJHKIMMKKFDIGHFLLNNII
[14:07:52] DRLINFO B JJJHKIMMKKFDIGHF
[14:07:52] DRLINFO W JJJHKIMMKKFDIGHFHH
[14:07:52] DRLINFO W JJJHKIMMKKFDIGHFHHLL
[14:07:52] DRLINFO B JJJHKIMMKKFDIGHFHHLLHE
[14:07:52] DRLINFO B JJJHKIMMKKFDIGHF
[14:07:52] DRLINFO W JJJHKIMMKKFDIGHFII
[14:07:52] DRLINFO W JJJHKIMMKKFDIGHFIILL
[14:07:52] DRLINFO B JJJHKIMMKKFDIGHFIILLLJ
[14:07:52] DRLINFO B JJJHKIMMKKFDIGHFIILLLJMK
[14:07:52] DRLINFO B JJJHKIMMKKFDIGGE
[14:07:52] DRLINFO W JJJHKIMMKKFDIGGELJ
[14:07:52] DRLINFO W JJJHKIMMKKFDIGGELJNN
[14:07:52] DRLINFO B JJJHKIMMKKFDIGHF
[14:07:52] DRLINFO W JJJHKIMMKKFDIGHFNN
[14:07:52] DRLINFO W JJJHKIMMKKFDIGHFNNLL
[14:07:52] DRLINFO B JJJHKIMMKKFDIGHFNNLLMK
[14:07:52] DRLINFO B JJJHKIMMKKFDIGHFNNLLMKNL
[14:07:52] DRLINFO B JJJHKIMMKKFDIGGE
[14:07:52] DRLINFO W JJJHKIMMKKFDIGGENL
[14:07:52] DRLINFO W JJJHKIMMKKFDIGGENLII
[14:07:52] DRLINFO B JJJHKIMMKKFDIGHF
[14:07:52] DRLINFO W JJJHKIMMKKFDIGHFHH
[14:07:52] DRLINFO W JJJHKIMMKKFDIGHFHHII
[14:07:52] DRLINFO B JJJHKIMMKKFDIGHFHHIIIJ
[14:07:52] DRLINFO B JJJHKIMMKKFDIGHF
[14:07:52] DRLINFO W JJJHKIMMKKFDIGHFNN
[14:07:52] DRLINFO W JJJHKIMMKKFDIGHFNNLL
[14:07:52] DRLINFO B JJJHKIMMKKFDIGHFNNLLNL
[14:07:52] DRLINFO B JJJHKIMMKKFDIGHFNNLLNLLJ
[14:07:52] DRLINFO W JJJHKIMMKKFDIGHFNNLLNLLJGO
[14:07:52] DRLINFO B JJJHKIMMKKFDIGHF
[14:07:52] DRLINFO W JJJHKIMMKKFDIGHFII
[14:07:52] DRLINFO W JJJHKIMMKKFDIGHFIILL
[14:07:52] DRLINFO B JJJHKIMMKKFDIGHFIILLMK
[14:07:52] DRLINFO B JJJHKIMMKKFDIGHFIILLMKNL
[14:07:53] DRLINFO B JJJHKIMMKKFDIGGE
[14:07:53] DRLINFO W JJJHKIMMKKFDIGGEII
[14:07:53] DRLINFO W JJJHKIMMKKFDIGGEIILL
[14:07:53] DRLINFO B JJJHKIMMKKFDIGGEIILLLJ
[14:07:53] DRLINFO B JJJHKIMMKKFDIGHF
[14:07:53] DRLINFO W JJJHKIMMKKFDIGHFOO
[14:07:53] DRLINFO W JJJHKIMMKKFDIGHFOOLL
[14:07:53] DRLINFO B JJJHKIMMKKFDIGHFOOLLMK
[14:07:53] DRLINFO B JJJHKIMMKKFDIGGE
[14:07:53] DRLINFO W JJJHKIMMKKFDIGGEOO
[14:07:53] DRLINFO W JJJHKIMMKKFDIGGEOONN
[14:07:53] DRLINFO B JJJHKIMMKKFDIGGEOONNNL
[14:07:53] DRLINFO B JJJHKIMMKKFDIGGE
[14:07:53] DRLINFO W JJJHKIMMKKFDIGGEHF
[14:07:53] DRLINFO W JJJHKIMMKKFDIGGEHFII
[14:07:53] DRLINFO B JJJHKIMMKKFDIGGE
[14:07:53] DRLINFO W JJJHKIMMKKFDIGGELL
[14:07:53] DRLINFO W JJJHKIMMKKFDIGGELLII
[14:07:53] DRLINFO B JJJHKIMMKKFDIGHF
[14:07:53] DRLINFO W JJJHKIMMKKFDIGHFNN
[14:07:53] DRLINFO W JJJHKIMMKKFDIGHFNNLL
[14:07:53] DRLINFO B JJJHKIMMKKFDIGHFNNLLLJ
[14:07:53] DRLINFO B JJJHKIMMKKFDIGHFNNLLLJMK
[14:07:53] DRLINFO W JJJHKIMMKKFDIGHFNNLLLJMKLM
[14:07:53] DRLINFO B JJJHKIMMKKFDIGGE
[14:07:53] DRLINFO W JJJHKIMMKKFDIGGEMK
[14:07:53] DRLINFO W JJJHKIMMKKFDIGGEMKLL
[14:07:53] DRLINFO B JJJHKIMMKKFDIGGE
[14:07:53] DRLINFO W JJJHKIMMKKFDIGGELJ
[14:07:53] DRLINFO W JJJHKIMMKKFDIGGELJMJ
[14:07:53] DRLINFO B JJJHKIMMKKFDIGHF
[14:07:53] DRLINFO W JJJHKIMMKKFDIGHFNN
[14:07:53] DRLINFO W JJJHKIMMKKFDIGHFNNLL
[14:07:53] DRLINFO B JJJHKIMMKKFDIGHFNNLLMK
[14:07:53] DRLINFO B JJJHKIMMKKFDIGHFNNLLMKLJ
[14:07:53] DRLINFO W JJJHKIMMKKFDIGHFNNLLMKLJGO
[14:07:53] DRLINFO B JJJHKIMMKKFDIGGE
[14:07:54] DRLINFO W JJJHKIMMKKFDIGGENN
[14:07:54] DRLINFO W JJJHKIMMKKFDIGGENNLL
[14:07:54] DRLINFO B JJJHKIMMKKFDIGGENNLLMK
[14:07:54] DRLINFO B JJJHKIMMKKFDIGGE
[14:07:54] DRLINFO W JJJHKIMMKKFDIGGEHH
[14:07:54] DRLINFO W JJJHKIMMKKFDIGGEHHII
[14:07:54] DRLINFO B JJJHKIMMKKFDIGGEHHIINL
[14:07:54] DRLINFO B JJJHKIMMKKFDIGGE
[14:07:54] DRLINFO W JJJHKIMMKKFDIGGENL
[14:07:54] DRLINFO W JJJHKIMMKKFDIGGENLHH
[14:07:54] DRLINFO B JJJHKIMMKKFDIGGE
[14:07:54] DRLINFO W JJJHKIMMKKFDIGGEII
[14:07:54] DRLINFO W JJJHKIMMKKFDIGGEIILL
[14:07:54] DRLINFO B JJJHKIMMKKFDIGGEIILLHF
[14:07:54] DRLINFO B JJJHKIMMKKFDIGGE
[14:07:54] DRLINFO W JJJHKIMMKKFDIGGEHF
[14:07:54] DRLINFO W JJJHKIMMKKFDIGGEHFHH
[14:07:54] DRLINFO B JJJHKIMMKKFDIGGE
[14:07:54] DRLINFO W JJJHKIMMKKFDIGGELL
[14:07:54] DRLINFO W JJJHKIMMKKFDIGGELLHH
[14:07:54] DRLINFO B JJJHKIMMKKFDIGGE
[14:07:54] DRLINFO W JJJHKIMMKKFDIGGEMK
[14:07:54] DRLINFO W JJJHKIMMKKFDIGGEMKNN
[14:07:54] DRLINFO B JJJHKIMMKKFDIGHF
[14:07:54] DRLINFO W JJJHKIMMKKFDIGHFNN
[14:07:54] DRLINFO W JJJHKIMMKKFDIGHFNNLL
[14:07:54] DRLINFO B JJJHKIMMKKFDIGHFNNLLNL
[14:07:54] DRLINFO B JJJHKIMMKKFDIGHFNNLLNLMK
[14:07:54] DRLINFO W JJJHKIMMKKFDIGHFNNLLNLMKHK
[14:07:54] DRLINFO B JJJHKIMMKKFDIGHF
[14:07:54] DRLINFO W JJJHKIMMKKFDIGHFLL
[14:07:54] DRLINFO W JJJHKIMMKKFDIGHFLLHH
[14:07:54] DRLINFO B JJJHKIMMKKFDIGHFLLHHNN
[14:07:54] DRLINFO B JJJHKIMMKKFDIGHF
[14:07:54] DRLINFO W JJJHKIMMKKFDIGHFII
[14:07:54] DRLINFO W JJJHKIMMKKFDIGHFIILL
[14:07:54] DRLINFO B JJJHKIMMKKFDIGHFIILLLJ
[14:07:55] DRLINFO B JJJHKIMMKKFDIGHFIILLLJMK
[14:07:55] DRLINFO W JJJHKIMMKKFDIGHFIILLLJMKNN
[14:07:55] DRLINFO B JJJHKIMMKKFDIGGE
[14:07:55] DRLINFO W JJJHKIMMKKFDIGGELJ
[14:07:55] DRLINFO W JJJHKIMMKKFDIGGELJLL
[14:07:55] DRLINFO B JJJHKIMMKKFDIGHF
[14:07:55] DRLINFO W JJJHKIMMKKFDIGHFOO
[14:07:55] DRLINFO W JJJHKIMMKKFDIGHFOOLL
[14:07:55] DRLINFO B JJJHKIMMKKFDIGHFOOLLLJ
[14:07:55] DRLINFO B JJJHKIMMKKFDIGHFOOLLLJNL
[14:07:55] DRLINFO B JJJHKIMMKKFDIGGE
[14:07:55] DRLINFO W JJJHKIMMKKFDIGGENN
[14:07:55] DRLINFO W JJJHKIMMKKFDIGGENNLL
[14:07:55] DRLINFO B JJJHKIMMKKFDIGGENNLLHF
[14:07:55] DRLINFO B JJJHKIMMKKFDIGGE
[14:07:55] DRLINFO W JJJHKIMMKKFDIGGEOO
[14:07:55] DRLINFO W JJJHKIMMKKFDIGGEOOLL
[14:07:55] DRLINFO B JJJHKIMMKKFDIGGEOOLLNL
[14:07:55] DRLINFO B JJJHKIMMKKFDIGHF
[14:07:55] DRLINFO W JJJHKIMMKKFDIGHFNN
[14:07:55] DRLINFO W JJJHKIMMKKFDIGHFNNLL
[14:07:55] DRLINFO B JJJHKIMMKKFDIGHFNNLLLJ
[14:07:55] DRLINFO B JJJHKIMMKKFDIGHFNNLLLJNL
[14:07:55] DRLINFO W JJJHKIMMKKFDIGHFNNLLLJNLKO
[14:07:55] DRLINFO B JJJHKIMMKKFDIGGE
[14:07:55] DRLINFO W JJJHKIMMKKFDIGGENL
[14:07:55] DRLINFO W JJJHKIMMKKFDIGGENLLJ
[14:07:55] DRLINFO B JJJHKIMMKKFDIGGE
[14:07:55] DRLINFO W JJJHKIMMKKFDIGGEMK
[14:07:55] DRLINFO W JJJHKIMMKKFDIGGEMKJK
[14:07:55] DRLINFO B JJJHKIMMKKFDIGGE
[14:07:55] DRLINFO W JJJHKIMMKKFDIGGEII
[14:07:55] DRLINFO W JJJHKIMMKKFDIGGEIILL
[14:07:55] DRLINFO B JJJHKIMMKKFDIGGEIILLMK
[14:07:55] DRLINFO B JJJHKIMMKKFDIGHF
[14:07:55] DRLINFO W JJJHKIMMKKFDIGHFNN
[14:07:55] DRLINFO W JJJHKIMMKKFDIGHFNNLL
[14:07:56] DRLINFO B JJJHKIMMKKFDIGHFNNLLMK
[14:07:56] DRLINFO B JJJHKIMMKKFDIGHFNNLLMKNL
[14:07:56] DRLINFO W JJJHKIMMKKFDIGHFNNLLMKNLKO
[14:07:56] DRLINFO B JJJHKIMMKKFDIGGE
[14:07:56] DRLINFO W JJJHKIMMKKFDIGGELJ
[14:07:56] DRLINFO W JJJHKIMMKKFDIGGELJHH
[14:07:56] DRLINFO B JJJHKIMMKKFDIGHF
[14:07:56] DRLINFO W JJJHKIMMKKFDIGHFOO
[14:07:56] DRLINFO W JJJHKIMMKKFDIGHFOOLL
[14:07:56] DRLINFO B JJJHKIMMKKFDIGHFOOLLNL
[14:07:56] DRLINFO B JJJHKIMMKKFDIGHFOOLLNLLJ
[14:07:56] DRLINFO B JJJHKIMMKKFDIGGE
[14:07:56] DRLINFO W JJJHKIMMKKFDIGGELL
[14:07:56] DRLINFO W JJJHKIMMKKFDIGGELLII
[14:07:56] DRLINFO B JJJHKIMMKKFDIGGELLIINN
[14:07:56] DRLINFO B JJJHKIMMKKFDIGGE
[14:07:56] DRLINFO W JJJHKIMMKKFDIGGEHF
[14:07:56] DRLINFO W JJJHKIMMKKFDIGGEHFLJ
[14:07:56] DRLINFO B JJJHKIMMKKFDIGGE
[14:07:56] DRLINFO W JJJHKIMMKKFDIGGENN
[14:07:56] DRLINFO W JJJHKIMMKKFDIGGENNLL
[14:07:56] DRLINFO B JJJHKIMMKKFDIGGENNLLHF
[14:07:56] DRLINFO B JJJHKIMMKKFDIGGENNLLHFLJ
[14:07:56] DRLINFO B JJJHKIMMKKFDIGGE
[14:07:56] DRLINFO W JJJHKIMMKKFDIGGEHH
[14:07:56] DRLINFO W JJJHKIMMKKFDIGGEHHLL
[14:07:56] DRLINFO B JJJHKIMMKKFDIGGEHHLLNL
[14:07:56] DRLINFO B JJJHKIMMKKFDIGGE
[14:07:56] DRLINFO W JJJHKIMMKKFDIGGEOO
[14:07:56] DRLINFO W JJJHKIMMKKFDIGGEOOLL
[14:07:56] DRLINFO B JJJHKIMMKKFDIGGEOOLLLJ
[14:07:56] DRLINFO W JJJHKIMMKKFDIGGEMK
[14:07:56] DRLINFO W JJJHKIMMKKFDIGGEMKMO
[14:07:56] DRLINFO W JJJHKIMMKKFDIGGEII
[14:07:56] DRLINFO W JJJHKIMMKKFDIGGEIILL
[14:07:56] DRLINFO B JJJHKIMMKKFDIGGEIILLHF
[14:07:56] DRLINFO B JJJHKIMMKKFDIGGEIILLHFLJ
[14:07:57] DRLINFO W JJJHKIMMKKFDIGGENL
[14:07:57] DRLINFO W JJJHKIMMKKFDIGGENLLN
[14:07:57] DRLINFO W JJJHKIMMKKFDIGGELJ
[14:07:57] DRLINFO W JJJHKIMMKKFDIGGELJIM
[14:07:57] DRLINFO W JJJHKIMMKKFDIGGENN
[14:07:57] DRLINFO W JJJHKIMMKKFDIGGENNLL
[14:07:57] DRLINFO B JJJHKIMMKKFDIGGENNLLLJ
[14:07:57] DRLINFO B JJJHKIMMKKFDIGGENNLLLJMK
[14:07:57] DRLINFO W JJJHKIMMKKFDIGGEHF
[14:07:57] DRLINFO W JJJHKIMMKKFDIGGEHFLL
[14:07:57] DRLINFO W JJJHKIMMKKFDIGGEMK
[14:07:57] DRLINFO W JJJHKIMMKKFDIGGEMKHH
[14:07:57] DRLINFO W JJJHKIMMKKFDIGGEHH
[14:07:57] DRLINFO W JJJHKIMMKKFDIGGEHHLL
[14:07:57] DRLINFO B JJJHKIMMKKFDIGGEHHLLLJ
[14:07:57] DRLINFO W JJJHKIMMKKFDIGGEII
[14:07:57] DRLINFO W JJJHKIMMKKFDIGGEIILL
[14:07:57] DRLINFO B JJJHKIMMKKFDIGGEIILLLJ
[14:07:57] DRLINFO B JJJHKIMMKKFDIGGEIILLLJMK
[14:07:57] DRLINFO W JJJHKIMMKKFDIGGELJ
[14:07:57] DRLINFO W JJJHKIMMKKFDIGGELJII
[14:07:57] DRLINFO W JJJHKIMMKKFDIGGENL
[14:07:57] DRLINFO W JJJHKIMMKKFDIGGENLLL
[14:07:57] DRLINFO W JJJHKIMMKKFDIGGEOO
[14:07:57] DRLINFO W JJJHKIMMKKFDIGGEOONN
[14:07:57] DRLINFO B JJJHKIMMKKFDIGGEOONNII
[14:07:57] DRLINFO W JJJHKIMMKKFDIGGELL
[14:07:57] DRLINFO W JJJHKIMMKKFDIGGELLOO
[14:07:57] DRLINFO B JJJHKIMMKKFDIGGELLOOII
[14:07:57] DRLINFO W JJJHKIMMKKFDIGGENN
[14:07:57] DRLINFO W JJJHKIMMKKFDIGGENNLL
[14:07:57] DRLINFO B JJJHKIMMKKFDIGGENNLLNL
[14:07:57] DRLINFO B JJJHKIMMKKFDIGGENNLLNLLJ
[14:07:57] DRLINFO W JJJHKIMMKKFDIGGEMK
[14:07:57] DRLINFO W JJJHKIMMKKFDIGGEMKMN
[14:07:57] DRLINFO W JJJHKIMMKKFDIGGEHF
[14:07:58] DRLINFO W JJJHKIMMKKFDIGGEHFMK
[14:07:58] DRLINFO W JJJHKIMMKKFDIGGELJ
[14:07:58] DRLINFO W JJJHKIMMKKFDIGGELJHJ
[14:07:58] DRLINFO W JJJHKIMMKKFDIGGEII
[14:07:58] DRLINFO W JJJHKIMMKKFDIGGEIILL
[14:07:58] DRLINFO B JJJHKIMMKKFDIGGEIILLNL
[14:07:58] DRLINFO B JJJHKIMMKKFDIGGEIILLNLLJ
[14:07:58] DRLINFO W JJJHKIMMKKFDIGGENL
[14:07:58] DRLINFO W JJJHKIMMKKFDIGGENLMK
[14:07:58] DRLINFO W JJJHKIMMKKFDIGGEHH
[14:07:58] DRLINFO W JJJHKIMMKKFDIGGEHHLL
[14:07:58] DRLINFO B JJJHKIMMKKFDIGGEHHLLHF
[14:07:58] DRLINFO W JJJHKIMMKKFDIGGENN
[14:07:58] DRLINFO W JJJHKIMMKKFDIGGENNLL
[14:07:58] DRLINFO B JJJHKIMMKKFDIGGENNLLMK
[14:07:58] DRLINFO B JJJHKIMMKKFDIGGENNLLMKLJ
[14:07:58] DRLINFO W JJJHKIMMKKFDIGGEMK
[14:07:58] DRLINFO W JJJHKIMMKKFDIGGEMKOK
[14:07:58] DRLINFO W JJJHKIMMKKFDIGGELJ
[14:07:58] DRLINFO W JJJHKIMMKKFDIGGELJIJ
[14:07:58] DRLINFO W JJJHKIMMKKFDIGGEII
[14:07:58] DRLINFO W JJJHKIMMKKFDIGGEIILL
[14:07:58] DRLINFO B JJJHKIMMKKFDIGGEIILLMK
[14:07:58] DRLINFO B JJJHKIMMKKFDIGGEIILLMKLJ
[14:07:58] DRLINFO W JJJHKIMMKKFDIGGEHF
[14:07:58] DRLINFO W JJJHKIMMKKFDIGGEHFNL
[14:07:58] DRLINFO W JJJHKIMMKKFDIGGELL
[14:07:58] DRLINFO W JJJHKIMMKKFDIGGELLNN
[14:07:58] DRLINFO B JJJHKIMMKKFDIGGELLNNII
[14:07:58] DRLINFO W JJJHKIMMKKFDIGGENL
[14:07:58] DRLINFO W JJJHKIMMKKFDIGGENLOK
[14:07:58] DRLINFO W JJJHKIMMKKFDIGGENN
[14:07:58] DRLINFO W JJJHKIMMKKFDIGGENNLL
[14:07:58] DRLINFO B JJJHKIMMKKFDIGGENNLLLJ
[14:07:58] DRLINFO B JJJHKIMMKKFDIGGENNLLLJMK
[14:07:58] DRLINFO W JJJHKIMMKKFDIGGENNLLLJMKLM
[14:07:59] DRLINFO W JJJHKIMMKKFDIGGEOO
[14:07:59] DRLINFO W JJJHKIMMKKFDIGGEOOLL
[14:07:59] DRLINFO B JJJHKIMMKKFDIGGEOOLLMK
[14:07:59] DRLINFO W JJJHKIMMKKFDIGGEMK
[14:07:59] DRLINFO W JJJHKIMMKKFDIGGEMKII
[14:07:59] DRLINFO W JJJHKIMMKKFDIGGELJ
[14:07:59] DRLINFO W JJJHKIMMKKFDIGGELJNH
[14:07:59] DRLINFO W JJJHKIMMKKFDIGGEHH
[14:07:59] DRLINFO W JJJHKIMMKKFDIGGEHHII
[14:07:59] DRLINFO B JJJHKIMMKKFDIGGEHHIINL
[14:07:59] DRLINFO B JJJHKIMMKKFDIGGEHHIINLLJ
[14:07:59] DRLINFO W JJJHKIMMKKFDIGGENN
[14:07:59] DRLINFO W JJJHKIMMKKFDIGGENNLL
[14:07:59] DRLINFO B JJJHKIMMKKFDIGGENNLLHF
[14:07:59] DRLINFO B JJJHKIMMKKFDIGGENNLLHFMK
[14:07:59] DRLINFO W JJJHKIMMKKFDIGGEII
[14:07:59] DRLINFO W JJJHKIMMKKFDIGGEIILL
[14:07:59] DRLINFO B JJJHKIMMKKFDIGGEIILLLJ
[14:07:59] DRLINFO B JJJHKIMMKKFDIGGEIILLLJMK
[14:07:59] DRLINFO W JJJHKIMMKKFDIGGEIILLLJMKNN
[14:07:59] DRLINFO W JJJHKIMMKKFDIGGEMK
[14:07:59] DRLINFO W JJJHKIMMKKFDIGGEMKIK
[14:07:59] DRLINFO W JJJHKIMMKKFDIGGENL
[14:07:59] DRLINFO W JJJHKIMMKKFDIGGENLHF
[14:07:59] DRLINFO W JJJHKIMMKKFDIGGEHF
[14:07:59] DRLINFO W JJJHKIMMKKFDIGGEHFII
[14:07:59] DRLINFO B JJJHKIMMKKFDIGGEHFIILF
[14:07:59] DRLINFO W JJJHKIMMKKFDIGGELJ
[14:07:59] DRLINFO W JJJHKIMMKKFDIGGELJKJ
[14:07:59] DRLINFO W JJJHKIMMKKFDIGGEOO
[14:07:59] DRLINFO W JJJHKIMMKKFDIGGEOOLL
[14:07:59] DRLINFO B JJJHKIMMKKFDIGGEOOLLHF
[14:07:59] DRLINFO W JJJHKIMMKKFDIGGEHH
[14:07:59] DRLINFO W JJJHKIMMKKFDIGGEHHII
[14:07:59] DRLINFO B JJJHKIMMKKFDIGGEHHIILF
[14:07:59] DRLINFO W JJJHKIMMKKFDIGGENN
[14:08:00] DRLINFO W JJJHKIMMKKFDIGGENNLL
[14:08:00] DRLINFO B JJJHKIMMKKFDIGGENNLLNL
[14:08:00] DRLINFO B JJJHKIMMKKFDIGGENNLLNLMK
[14:08:00] DRLINFO W JJJHKIMMKKFDIGGEII
[14:08:00] DRLINFO W JJJHKIMMKKFDIGGEIILL
[14:08:00] DRLINFO B JJJHKIMMKKFDIGGEIILLHF
[14:08:00] DRLINFO B JJJHKIMMKKFDIGGEIILLHFMK
[14:08:00] DRLINFO W JJJHKIMMKKFDIGGEMK
[14:08:00] DRLINFO W JJJHKIMMKKFDIGGEMKMI
[14:08:00] DRLINFO W JJJHKIMMKKFDIGGENL
[14:08:00] DRLINFO W JJJHKIMMKKFDIGGENLKO
[14:08:00] DRLINFO W JJJHKIMMKKFDIGGELL
[14:08:00] DRLINFO W JJJHKIMMKKFDIGGELLHH
[14:08:00] DRLINFO B JJJHKIMMKKFDIGGELLHHNN
[14:08:00] DRLINFO W JJJHKIMMKKFDIGGELJ
[14:08:00] DRLINFO W JJJHKIMMKKFDIGGELJNJ
[14:08:00] DRLINFO W JJJHKIMMKKFDIGGENN
[14:08:00] DRLINFO W JJJHKIMMKKFDIGGENNLL
[14:08:00] DRLINFO B JJJHKIMMKKFDIGGENNLLMK
[14:08:00] DRLINFO B JJJHKIMMKKFDIGGENNLLMKLJ
[14:08:00] DRLINFO W JJJHKIMMKKFDIGGENNLLMKLJGO
[14:08:00] DRLINFO W JJJHKIMMKKFDIGGEII
[14:08:00] DRLINFO W JJJHKIMMKKFDIGGEIILL
[14:08:00] DRLINFO B JJJHKIMMKKFDIGGEIILLNL
[14:08:00] DRLINFO B JJJHKIMMKKFDIGGEIILLNLMK
[14:08:00] DRLINFO W JJJHKIMMKKFDIGGEMK
[14:08:00] DRLINFO W JJJHKIMMKKFDIGGEMKML
[14:08:00] DRLINFO W JJJHKIMMKKFDIGGEHF
[14:08:00] DRLINFO W JJJHKIMMKKFDIGGEHFNN
[14:08:00] DRLINFO B JJJHKIMMKKFDIGGEHFNNNL
[14:08:00] DRLINFO W JJJHKIMMKKFDIGGELJ
[14:08:00] DRLINFO W JJJHKIMMKKFDIGGELJMI
[14:08:00] DRLINFO W JJJHKIMMKKFDIGGEOO
[14:08:00] DRLINFO W JJJHKIMMKKFDIGGEOOLL
[14:08:00] DRLINFO B JJJHKIMMKKFDIGGEOOLLHF
[14:08:00] DRLINFO B JJJHKIMMKKFDIGGEOOLLHFLJ
[14:08:01] DRLINFO W JJJHKIMMKKFDIGGENL
[14:08:01] DRLINFO W JJJHKIMMKKFDIGGENLPJ
[14:08:01] DRLINFO W JJJHKIMMKKFDIGGENN
[14:08:01] DRLINFO W JJJHKIMMKKFDIGGENNLL
[14:08:01] DRLINFO B JJJHKIMMKKFDIGGENNLLNL
[14:08:01] DRLINFO B JJJHKIMMKKFDIGGENNLLNLLJ
[14:08:01] DRLINFO W JJJHKIMMKKFDIGGENNLLNLLJGO
[14:08:01] DRLINFO W JJJHKIMMKKFDIGGEMK
[14:08:01] DRLINFO W JJJHKIMMKKFDIGGEMKLK
[14:08:01] DRLINFO W JJJHKIMMKKFDIGGEHH
[14:08:01] DRLINFO W JJJHKIMMKKFDIGGEHHLL
[14:08:01] DRLINFO B JJJHKIMMKKFDIGGEHHLLMK
[14:08:01] DRLINFO W JJJHKIMMKKFDIGGEII
[14:08:01] DRLINFO W JJJHKIMMKKFDIGGEIILL
[14:08:01] DRLINFO B JJJHKIMMKKFDIGGEIILLMK
[14:08:01] DRLINFO B JJJHKIMMKKFDIGGEIILLMKLJ
[14:08:01] DRLINFO W JJJHKIMMKKFDIGGEIILLMKLJGO
[14:08:01] DRLINFO W JJJHKIMMKKFDIGGELJ
[14:08:01] DRLINFO W JJJHKIMMKKFDIGGELJNN
[14:08:01] DRLINFO B JJJHKIMMKKFDIGGELJNNII
[14:08:03] cpp time out: 1.6146490573883057
[14:08:03] DRLINFO W JJJHKIMMKKFDIGGEOO
[14:08:03] DRLINFO W JJJHKIMMKKFDIGGEOONN
[14:08:03] DRLINFO B JJJHKIMMKKFDIGGEOONNGG
[14:08:03] DRLINFO W JJJHKIMMKKFDIGGELL
[14:08:03] DRLINFO W JJJHKIMMKKFDIGGELLHH
[14:08:03] DRLINFO B JJJHKIMMKKFDIGGELLHHNN
[14:08:03] DRLINFO B JJJHKIMMKKFDIGGELLHHNNJF
[14:08:03] DRLINFO W JJJHKIMMKKFDIGGEII
[14:08:03] DRLINFO W JJJHKIMMKKFDIGGEIILL
[14:08:03] DRLINFO B JJJHKIMMKKFDIGGEIILLLJ
[14:08:03] DRLINFO B JJJHKIMMKKFDIGGEIILLLJMK
[14:08:03] DRLINFO W JJJHKIMMKKFDIGGEIILLLJMKMO
[14:08:03] DRLINFO W JJJHKIMMKKFDIGGENN
[14:08:03] DRLINFO W JJJHKIMMKKFDIGGENNLL
[14:08:03] DRLINFO B JJJHKIMMKKFDIGGENNLLHF
[14:08:03] DRLINFO B JJJHKIMMKKFDIGGENNLLHFLJ
[14:08:03] DRLINFO W JJJHKIMMKKFDIGGENNLLHFLJGO
[14:08:03] DRLINFO W JJJHKIMMKKFDIGGEMK
[14:08:03] DRLINFO W JJJHKIMMKKFDIGGEMKNK
[14:08:03] DRLINFO B JJJHKIMMKKFDIGGEMKNKII
[14:08:03] DRLINFO W JJJHKIMMKKFDIGGENL
[14:08:03] DRLINFO W JJJHKIMMKKFDIGGENLII
[14:08:03] DRLINFO B JJJHKIMMKKFDIGGENLIIGI
[14:08:03] DRLINFO W JJJHKIMMKKFDIGGELL
[14:08:03] DRLINFO W JJJHKIMMKKFDIGGELLOO
[14:08:03] DRLINFO B JJJHKIMMKKFDIGGELLOOII
[14:08:03] DRLINFO B JJJHKIMMKKFDIGGELLOOIIJI
[14:08:03] DRLINFO W JJJHKIMMKKFDIGGEHF
[14:08:03] DRLINFO W JJJHKIMMKKFDIGGEHFOO
[14:08:03] DRLINFO B JJJHKIMMKKFDIGGEHFOONL
[14:08:03] DRLINFO W JJJHKIMMKKFDIGGENN
[14:08:04] DRLINFO W JJJHKIMMKKFDIGGENNLL
[14:08:04] DRLINFO B JJJHKIMMKKFDIGGENNLLLJ
[14:08:04] DRLINFO B JJJHKIMMKKFDIGGENNLLLJMK
[14:08:04] DRLINFO W JJJHKIMMKKFDIGGENNLLLJMKMO
[14:08:04] DRLINFO W JJJHKIMMKKFDIGGEII
[14:08:04] DRLINFO W JJJHKIMMKKFDIGGEIILL
[14:08:04] DRLINFO B JJJHKIMMKKFDIGGEIILLNL
[14:08:04] DRLINFO B JJJHKIMMKKFDIGGEIILLNLLJ
[14:08:04] DRLINFO W JJJHKIMMKKFDIGGEIILLNLLJGO
[14:08:04] DRLINFO W JJJHKIMMKKFDIGGEHH
[14:08:04] DRLINFO W JJJHKIMMKKFDIGGEHHLL
[14:08:04] DRLINFO B JJJHKIMMKKFDIGGEHHLLHF
[14:08:04] DRLINFO B JJJHKIMMKKFDIGGEHHLLHFLJ
[14:08:04] DRLINFO W JJJHKIMMKKFDIGGEII
[14:08:04] DRLINFO W JJJHKIMMKKFDIGGEIILL
[14:08:04] DRLINFO B JJJHKIMMKKFDIGGEIILLHF
[14:08:04] DRLINFO B JJJHKIMMKKFDIGGEIILLHFLJ
[14:08:04] DRLINFO W JJJHKIMMKKFDIGGEIILLHFLJGO
[14:08:04] DRLINFO W JJJHKIMMKKFDIGGELJ
[14:08:04] DRLINFO W JJJHKIMMKKFDIGGELJOO
[14:08:04] DRLINFO B JJJHKIMMKKFDIGGELJOOII
[14:08:06] cpp time out: 1.5016834735870361
[14:08:06] DRLINFO W JJJHKIMMKKFDIGGEMK
[14:08:06] DRLINFO W JJJHKIMMKKFDIGGEMKMJ
[14:08:06] DRLINFO B JJJHKIMMKKFDIGGEMKMJII
[14:08:06] DRLINFO W JJJHKIMMKKFDIGGELL
[14:08:06] DRLINFO W JJJHKIMMKKFDIGGELLII
[14:08:06] DRLINFO B JJJHKIMMKKFDIGGELLIINN
[14:08:06] DRLINFO B JJJHKIMMKKFDIGGELLIINNJI
[14:08:06] DRLINFO W JJJHKIMMKKFDIGGEII
[14:08:06] DRLINFO W JJJHKIMMKKFDIGGEIILL
[14:08:06] DRLINFO B JJJHKIMMKKFDIGGEIILLLJ
[14:08:06] DRLINFO B JJJHKIMMKKFDIGGEIILLLJMK
[14:08:06] DRLINFO W JJJHKIMMKKFDIGGEIILLLJMKMN
[14:08:06] DRLINFO W JJJHKIMMKKFDIGGENN
[14:08:06] DRLINFO W JJJHKIMMKKFDIGGENNLL
[14:08:06] DRLINFO B JJJHKIMMKKFDIGGENNLLMK
[14:08:06] DRLINFO B JJJHKIMMKKFDIGGENNLLMKLJ
[14:08:06] DRLINFO W JJJHKIMMKKFDIGGENNLLMKLJHJ
[14:08:06] DRLINFO W JJJHKIMMKKFDIGGEHH
[14:08:06] DRLINFO W JJJHKIMMKKFDIGGEHHII
[14:08:06] DRLINFO B JJJHKIMMKKFDIGGEHHIIGI
[14:08:06] DRLINFO W JJJHKIMMKKFDIGGEOO
[14:08:06] DRLINFO W JJJHKIMMKKFDIGGEOOLL
[14:08:06] DRLINFO B JJJHKIMMKKFDIGGEOOLLLJ
[14:08:06] DRLINFO B JJJHKIMMKKFDIGGEOOLLLJMK
[14:08:06] DRLINFO W JJJHKIMMKKFDIGGEHF
[14:08:06] DRLINFO W JJJHKIMMKKFDIGGEHFHH
[14:08:06] DRLINFO B JJJHKIMMKKFDIGGEHFHHNL
[14:08:06] DRLINFO W JJJHKIMMKKFDIGGENL
[14:08:06] DRLINFO W JJJHKIMMKKFDIGGENLOO
[14:08:06] DRLINFO B JJJHKIMMKKFDIGGENLOOKO
[14:08:06] DRLINFO W JJJHKIMMKKFDIGGELL
[14:08:06] DRLINFO W JJJHKIMMKKFDIGGELLNN
[14:08:06] DRLINFO B JJJHKIMMKKFDIGGELLNNII
[14:08:06] DRLINFO B JJJHKIMMKKFDIGGELLNNIIJI
[14:08:07] DRLINFO W JJJHKIMMKKFDIGGENN
[14:08:07] DRLINFO W JJJHKIMMKKFDIGGENNLL
[14:08:07] DRLINFO B JJJHKIMMKKFDIGGENNLLNL
[14:08:07] DRLINFO B JJJHKIMMKKFDIGGENNLLNLMK
[14:08:07] DRLINFO W JJJHKIMMKKFDIGGENNLLNLMKMO
[14:08:07] DRLINFO W JJJHKIMMKKFDIGGEII
[14:08:07] DRLINFO W JJJHKIMMKKFDIGGEIILL
[14:08:07] DRLINFO B JJJHKIMMKKFDIGGEIILLMK
[14:08:07] DRLINFO B JJJHKIMMKKFDIGGEIILLMKLJ
[14:08:07] DRLINFO W JJJHKIMMKKFDIGGEIILLMKLJNN
[14:08:07] DRLINFO W JJJHKIMMKKFDIGGEMK
[14:08:07] DRLINFO W JJJHKIMMKKFDIGGEMKNN
[14:08:07] DRLINFO B JJJHKIMMKKFDIGGEMKNNII
[14:08:07] DRLINFO W JJJHKIMMKKFDIGGEMK
[14:08:07] DRLINFO W JJJHKIMMKKFDIGGEMKNN
[14:08:07] DRLINFO B JJJHKIMMKKFDIGGEMKNNMN
[14:08:07] DRLINFO W JJJHKIMMKKFDIGGEMK
[14:08:07] DRLINFO W JJJHKIMMKKFDIGGEMKNN
[14:08:07] DRLINFO B JJJHKIMMKKFDIGGEMKNNMO
[14:08:07] DRLINFO W JJJHKIMMKKFDIGGEMK
[14:08:07] DRLINFO W JJJHKIMMKKFDIGGEMKNN
[14:08:07] DRLINFO B JJJHKIMMKKFDIGGEMKNNMI
[14:08:07] DRLINFO W JJJHKIMMKKFDIGGEMK
[14:08:07] DRLINFO W JJJHKIMMKKFDIGGEMKNN
[14:08:07] DRLINFO B JJJHKIMMKKFDIGGEMKNNJK
[14:08:08] DRLINFO W JJJHKIMMKKFDIGGEMK
[14:08:08] DRLINFO W JJJHKIMMKKFDIGGEMKNN
[14:08:08] DRLINFO B JJJHKIMMKKFDIGGEMKNNGG
[14:08:08] DRLINFO W JJJHKIMMKKFDIGGEMK
[14:08:08] DRLINFO W JJJHKIMMKKFDIGGEMKNN
[14:08:08] DRLINFO B JJJHKIMMKKFDIGGEMKNNLK
[14:08:08] DRLINFO W JJJHKIMMKKFDIGGEMK
[14:08:08] DRLINFO W JJJHKIMMKKFDIGGEMKNN
[14:08:08] DRLINFO B JJJHKIMMKKFDIGGEMKNNML
[14:08:08] DRLINFO W JJJHKIMMKKFDIGGEMK
[14:08:08] DRLINFO W JJJHKIMMKKFDIGGEMKNN
[14:08:08] DRLINFO B JJJHKIMMKKFDIGGEMKNNNK
[14:08:08] DRLINFO W JJJHKIMMKKFDIGGEMK
[14:08:08] DRLINFO W JJJHKIMMKKFDIGGEMKNN
[14:08:08] DRLINFO B JJJHKIMMKKFDIGGEMKNNFF
[14:08:08] DRLINFO W JJJHKIMMKKFDIGGEMK
[14:08:08] DRLINFO W JJJHKIMMKKFDIGGEMKNN
[14:08:08] DRLINFO B JJJHKIMMKKFDIGGEMKNNLL
[14:08:08] DRLINFO W JJJHKIMMKKFDIGGEMK
[14:08:08] DRLINFO W JJJHKIMMKKFDIGGEMKNN
[14:08:08] DRLINFO B JJJHKIMMKKFDIGGEMKNNOK
[14:08:09] DRLINFO W JJJHKIMMKKFDIGGEMK
[14:08:09] DRLINFO W JJJHKIMMKKFDIGGEMKNN
[14:08:09] DRLINFO B JJJHKIMMKKFDIGGEMKNNMJ
[14:08:09] DRLINFO W JJJHKIMMKKFDIGGEMK
[14:08:09] DRLINFO W JJJHKIMMKKFDIGGEMKNN
[14:08:09] DRLINFO B JJJHKIMMKKFDIGGEMKNNIK
[14:08:10] DRLINFO W JJJHKIMMKKFDIGGEMK
[14:08:10] DRLINFO W JJJHKIMMKKFDIGGEMKNN
[14:08:10] DRLINFO B JJJHKIMMKKFDIGGEMKNNHH
[14:08:10] DRLINFO W JJJHKIMMKKFDIGGEMK
[14:08:10] DRLINFO W JJJHKIMMKKFDIGGEMKNN
[14:08:10] DRLINFO B JJJHKIMMKKFDIGGEMKNNMI
[14:08:10] DRLINFO B JJJHKIMMKKFDIGGEMKNNMINI
[14:08:10] DRLINFO W JJJHKIMMKKFDIGGEMK
[14:08:10] DRLINFO W JJJHKIMMKKFDIGGEMKNN
[14:08:10] DRLINFO B JJJHKIMMKKFDIGGEMKNNMN
[14:08:10] DRLINFO B JJJHKIMMKKFDIGGEMKNNMNOK
[14:08:10] DRLINFO W JJJHKIMMKKFDIGGEHH
[14:08:10] DRLINFO W JJJHKIMMKKFDIGGEHHLL
[14:08:10] DRLINFO B JJJHKIMMKKFDIGGEHHLLNL
[14:08:10] DRLINFO B JJJHKIMMKKFDIGGEHHLLNLLJ
[14:08:10] DRLINFO W JJJHKIMMKKFDIGGEHHLL
[14:08:10] DRLINFO B JJJHKIMMKKFDIGGEHHLLLJ
[14:08:10] DRLINFO B JJJHKIMMKKFDIGGEHHLLLJMK
[14:08:10] DRLINFO W JJJHKIMMKKFDIGGEHHLL
[14:08:10] DRLINFO B JJJHKIMMKKFDIGGEHHLLMK
[14:08:10] DRLINFO B JJJHKIMMKKFDIGGEHHLLMKLJ
[14:08:10] DRLINFO W JJJHKIMMKKFDIGGEHHII
[14:08:10] DRLINFO B JJJHKIMMKKFDIGGEHHIIHJ
[14:08:10] DRLINFO W JJJHKIMMKKFDIGGEHHLL
[14:08:10] DRLINFO B JJJHKIMMKKFDIGGEHHLLNL
[14:08:10] DRLINFO B JJJHKIMMKKFDIGGEHHLLNLMK
[14:08:10] DRLINFO W JJJHKIMMKKFDIGGEHHLL
[14:08:10] DRLINFO B JJJHKIMMKKFDIGGEHHLLLJ
[14:08:11] DRLINFO B JJJHKIMMKKFDIGGEHHLLLJMK
[14:08:11] DRLINFO W JJJHKIMMKKFDIGGEHHLLLJMKRR
[14:08:11] DRLINFO W JJJHKIMMKKFDIGGEHHLL
[14:08:11] DRLINFO B JJJHKIMMKKFDIGGEHHLLHF
[14:08:11] DRLINFO B JJJHKIMMKKFDIGGEHHLLHFMK
[14:08:11] DRLINFO W JJJHKIMMKKFDIGGEHHLL
[14:08:11] DRLINFO B JJJHKIMMKKFDIGGEHHLLMK
[14:08:11] DRLINFO B JJJHKIMMKKFDIGGEHHLLMKLJ
[14:08:11] DRLINFO W JJJHKIMMKKFDIGGEHHLLMKLJEE
[14:08:11] DRLINFO W JJJHKIMMKKFDIGGEHHII
[14:08:11] DRLINFO B JJJHKIMMKKFDIGGEHHIIIJ
[14:08:11] DRLINFO W JJJHKIMMKKFDIGGEHHLL
[14:08:11] DRLINFO B JJJHKIMMKKFDIGGEHHLLMK
[14:08:11] DRLINFO B JJJHKIMMKKFDIGGEHHLLMKLJ
[14:08:11] DRLINFO W JJJHKIMMKKFDIGGEHHLLMKLJRR
[14:08:11] DRLINFO W JJJHKIMMKKFDIGGEHHLL
[14:08:11] DRLINFO B JJJHKIMMKKFDIGGEHHLLNL
[14:08:11] DRLINFO B JJJHKIMMKKFDIGGEHHLLNLLJ
[14:08:11] DRLINFO W JJJHKIMMKKFDIGGEHHLLNLLJEE
[14:08:11] DRLINFO W JJJHKIMMKKFDIGGEHHLL
[14:08:11] DRLINFO B JJJHKIMMKKFDIGGEHHLLLJ
[14:08:11] DRLINFO B JJJHKIMMKKFDIGGEHHLLLJMK
[14:08:11] DRLINFO W JJJHKIMMKKFDIGGEHHLLLJMKEE
[14:08:11] DRLINFO W JJJHKIMMKKFDIGGEHHLL
[14:08:11] DRLINFO B JJJHKIMMKKFDIGGEHHLLHF
[14:08:11] DRLINFO B JJJHKIMMKKFDIGGEHHLLHFLJ
[14:08:11] DRLINFO W JJJHKIMMKKFDIGGEHHLLHFLJEE
[14:08:11] DRLINFO W JJJHKIMMKKFDIGGEHHLL
[14:08:11] DRLINFO B JJJHKIMMKKFDIGGEHHLLNL
[14:08:11] DRLINFO B JJJHKIMMKKFDIGGEHHLLNLMK
[14:08:11] DRLINFO W JJJHKIMMKKFDIGGEHHLLNLMKEE
[14:08:11] DRLINFO W JJJHKIMMKKFDIGGEHHII
[14:08:11] DRLINFO B JJJHKIMMKKFDIGGEHHIIID
[14:08:11] DRLINFO W JJJHKIMMKKFDIGGEHHLL
[14:08:11] DRLINFO B JJJHKIMMKKFDIGGEHHLLLJ
[14:08:11] DRLINFO B JJJHKIMMKKFDIGGEHHLLLJMK
[14:08:11] DRLINFO W JJJHKIMMKKFDIGGEHHLLLJMKMN
[14:08:12] DRLINFO W JJJHKIMMKKFDIGGEHHLL
[14:08:12] DRLINFO B JJJHKIMMKKFDIGGEHHLLHF
[14:08:12] DRLINFO B JJJHKIMMKKFDIGGEHHLLHFMK
[14:08:12] DRLINFO W JJJHKIMMKKFDIGGEHHLLHFMKEE
[14:08:12] DRLINFO W JJJHKIMMKKFDIGGEHHLL
[14:08:12] DRLINFO B JJJHKIMMKKFDIGGEHHLLMK
[14:08:12] DRLINFO B JJJHKIMMKKFDIGGEHHLLMKLJ
[14:08:12] DRLINFO W JJJHKIMMKKFDIGGEHHLLMKLJGO
[14:08:12] DRLINFO W JJJHKIMMKKFDIGGEHHII
[14:08:12] DRLINFO B JJJHKIMMKKFDIGGEHHIIME
[14:08:12] DRLINFO W JJJHKIMMKKFDIGGEHHLL
[14:08:12] DRLINFO B JJJHKIMMKKFDIGGEHHLLNL
[14:08:12] DRLINFO B JJJHKIMMKKFDIGGEHHLLNLLJ
[14:08:12] DRLINFO W JJJHKIMMKKFDIGGEHHLLNLLJGO
[14:08:12] DRLINFO W JJJHKIMMKKFDIGGEHHLL
[14:08:12] DRLINFO B JJJHKIMMKKFDIGGEHHLLHF
[14:08:12] DRLINFO B JJJHKIMMKKFDIGGEHHLLHFMK
[14:08:12] DRLINFO W JJJHKIMMKKFDIGGEHHLLHFMKMN
[14:08:12] DRLINFO W JJJHKIMMKKFDIGGEHHLL
[14:08:12] DRLINFO B JJJHKIMMKKFDIGGEHHLLLJ
[14:08:12] DRLINFO B JJJHKIMMKKFDIGGEHHLLLJMK
[14:08:12] DRLINFO W JJJHKIMMKKFDIGGEHHLLLJMKLM
[14:08:12] DRLINFO W JJJHKIMMKKFDIGGEHHLL
[14:08:12] DRLINFO B JJJHKIMMKKFDIGGEHHLLHF
[14:08:12] DRLINFO B JJJHKIMMKKFDIGGEHHLLHFLJ
[14:08:12] DRLINFO W JJJHKIMMKKFDIGGEHHLLHFLJGO
[14:08:12] DRLINFO W JJJHKIMMKKFDIGGEHHLL
[14:08:12] DRLINFO B JJJHKIMMKKFDIGGEHHLLMK
[14:08:12] DRLINFO B JJJHKIMMKKFDIGGEHHLLMKLJ
[14:08:12] DRLINFO W JJJHKIMMKKFDIGGEHHLLMKLJHJ
[14:08:12] DRLINFO W JJJHKIMMKKFDIGGEHHLL
[14:08:12] DRLINFO B JJJHKIMMKKFDIGGEHHLLNL
[14:08:12] DRLINFO B JJJHKIMMKKFDIGGEHHLLNLMK
[14:08:12] DRLINFO W JJJHKIMMKKFDIGGEHHLLNLMKRR
[14:08:12] DRLINFO W JJJHKIMMKKFDIGGEHHLL
[14:08:12] DRLINFO B JJJHKIMMKKFDIGGEHHLLMK
[14:08:13] DRLINFO B JJJHKIMMKKFDIGGEHHLLMKLJ
[14:08:13] DRLINFO W JJJHKIMMKKFDIGGEHHLLMKLJKM
[14:08:13] DRLINFO W JJJHKIMMKKFDIGGEHHLL
[14:08:13] DRLINFO B JJJHKIMMKKFDIGGEHHLLHF
[14:08:13] DRLINFO B JJJHKIMMKKFDIGGEHHLLHFMK
[14:08:13] DRLINFO W JJJHKIMMKKFDIGGEHHLLHFMKRR
[14:08:13] DRLINFO W JJJHKIMMKKFDIGGEHHLL
[14:08:13] DRLINFO B JJJHKIMMKKFDIGGEHHLLLJ
[14:08:13] DRLINFO B JJJHKIMMKKFDIGGEHHLLLJMK
[14:08:13] DRLINFO W JJJHKIMMKKFDIGGEHHLLLJMKNN
[14:08:13] DRLINFO W JJJHKIMMKKFDIGGEHHLL
[14:08:13] DRLINFO B JJJHKIMMKKFDIGGEHHLLNL
[14:08:13] DRLINFO B JJJHKIMMKKFDIGGEHHLLNLMK
[14:08:13] DRLINFO W JJJHKIMMKKFDIGGEHHLLNLMKMO
[14:08:13] DRLINFO W JJJHKIMMKKFDIGGEHHII
[14:08:13] DRLINFO B JJJHKIMMKKFDIGGEHHIIIF
[14:08:13] DRLINFO W JJJHKIMMKKFDIGGEHHLL
[14:08:13] DRLINFO B JJJHKIMMKKFDIGGEHHLLHF
[14:08:13] DRLINFO B JJJHKIMMKKFDIGGEHHLLHFMK
[14:08:13] DRLINFO W JJJHKIMMKKFDIGGEHHLLHFMKMO
[14:08:13] DRLINFO W JJJHKIMMKKFDIGGEHHLL
[14:08:13] DRLINFO B JJJHKIMMKKFDIGGEHHLLLJ
[14:08:13] DRLINFO B JJJHKIMMKKFDIGGEHHLLLJMK
[14:08:13] DRLINFO W JJJHKIMMKKFDIGGEHHLLLJMKMO
[14:08:13] DRLINFO W JJJHKIMMKKFDIGGEHHLL
[14:08:13] DRLINFO B JJJHKIMMKKFDIGGEHHLLMK
[14:08:13] DRLINFO B JJJHKIMMKKFDIGGEHHLLMKLJ
[14:08:13] DRLINFO W JJJHKIMMKKFDIGGEHHLLMKLJQQ
[14:08:13] DRLINFO W JJJHKIMMKKFDIGGEHHLL
[14:08:13] DRLINFO B JJJHKIMMKKFDIGGEHHLLNL
[14:08:13] DRLINFO B JJJHKIMMKKFDIGGEHHLLNLLJ
[14:08:13] DRLINFO W JJJHKIMMKKFDIGGEHHLLNLLJRR
[14:08:13] DRLINFO W JJJHKIMMKKFDIGGEHHLL
[14:08:13] DRLINFO B JJJHKIMMKKFDIGGEHHLLHF
[14:08:13] DRLINFO B JJJHKIMMKKFDIGGEHHLLHFLJ
[14:08:13] DRLINFO W JJJHKIMMKKFDIGGEHHLLHFLJHJ
[14:08:14] DRLINFO W JJJHKIMMKKFDIGGEHHLL
[14:08:14] DRLINFO B JJJHKIMMKKFDIGGEHHLLMK
[14:08:14] DRLINFO B JJJHKIMMKKFDIGGEHHLLMKLJ
[14:08:14] DRLINFO W JJJHKIMMKKFDIGGEHHLLMKLJIJ
[14:08:14] DRLINFO W JJJHKIMMKKFDIGGEHHLL
[14:08:14] DRLINFO B JJJHKIMMKKFDIGGEHHLLLJ
[14:08:14] DRLINFO B JJJHKIMMKKFDIGGEHHLLLJMK
[14:08:14] DRLINFO W JJJHKIMMKKFDIGGEHHLLLJMKQQ
[14:08:14] DRLINFO W JJJHKIMMKKFDIGGEHHLL
[14:08:14] DRLINFO B JJJHKIMMKKFDIGGEHHLLNL
[14:08:14] DRLINFO B JJJHKIMMKKFDIGGEHHLLNLMK
[14:08:14] DRLINFO W JJJHKIMMKKFDIGGEHHLLNLMKHK
[14:08:14] DRLINFO W JJJHKIMMKKFDIGGEHHLL
[14:08:14] DRLINFO B JJJHKIMMKKFDIGGEHHLLHF
[14:08:14] DRLINFO B JJJHKIMMKKFDIGGEHHLLHFMK
[14:08:14] DRLINFO W JJJHKIMMKKFDIGGEHHLLHFMKHK
[14:08:14] DRLINFO W JJJHKIMMKKFDIGGEHHII
[14:08:14] DRLINFO B JJJHKIMMKKFDIGGEHHIIFL
[14:08:14] DRLINFO W JJJHKIMMKKFDIGGEHHLL
[14:08:14] DRLINFO B JJJHKIMMKKFDIGGEHHLLMK
[14:08:14] DRLINFO B JJJHKIMMKKFDIGGEHHLLMKLJ
[14:08:14] DRLINFO W JJJHKIMMKKFDIGGEHHLLMKLJNN
[14:08:14] DRLINFO W JJJHKIMMKKFDIGGEHHLL
[14:08:14] DRLINFO B JJJHKIMMKKFDIGGEHHLLLJ
[14:08:14] DRLINFO B JJJHKIMMKKFDIGGEHHLLLJMK
[14:08:14] DRLINFO W JJJHKIMMKKFDIGGEHHLLLJMKHK
[14:08:14] DRLINFO W JJJHKIMMKKFDIGGEHHLL
[14:08:14] DRLINFO B JJJHKIMMKKFDIGGEHHLLNL
[14:08:14] DRLINFO B JJJHKIMMKKFDIGGEHHLLNLLJ
[14:08:14] DRLINFO W JJJHKIMMKKFDIGGEHHLLNLLJHJ
[14:08:14] DRLINFO W JJJHKIMMKKFDIGGEHHLL
[14:08:14] DRLINFO B JJJHKIMMKKFDIGGEHHLLHF
[14:08:14] DRLINFO B JJJHKIMMKKFDIGGEHHLLHFLJ
[14:08:14] DRLINFO W JJJHKIMMKKFDIGGEHHLLHFLJRR
[14:08:14] DRLINFO W JJJHKIMMKKFDIGGEHHLL
[14:08:14] DRLINFO B JJJHKIMMKKFDIGGEHHLLMK
[14:08:14] DRLINFO B JJJHKIMMKKFDIGGEHHLLMKLJ
[14:08:15] DRLINFO W JJJHKIMMKKFDIGGEHHLLMKLJKJ
[14:08:15] DRLINFO W JJJHKIMMKKFDIGGEHHLL
[14:08:15] DRLINFO B JJJHKIMMKKFDIGGEHHLLNL
[14:08:15] DRLINFO B JJJHKIMMKKFDIGGEHHLLNLMK
[14:08:15] DRLINFO W JJJHKIMMKKFDIGGEHHLLNLMKNN
[14:08:15] DRLINFO W JJJHKIMMKKFDIGGEHHLL
[14:08:15] DRLINFO B JJJHKIMMKKFDIGGEHHLLLJ
[14:08:15] DRLINFO B JJJHKIMMKKFDIGGEHHLLLJMK
[14:08:15] DRLINFO W JJJHKIMMKKFDIGGEHHLLLJMKJK
[14:08:15] DRLINFO W JJJHKIMMKKFDIGGEHHLL
[14:08:15] DRLINFO B JJJHKIMMKKFDIGGEHHLLHF
[14:08:15] DRLINFO B JJJHKIMMKKFDIGGEHHLLHFMK
[14:08:15] DRLINFO W JJJHKIMMKKFDIGGEHHLLHFMKNN
[14:08:15] DRLINFO W JJJHKIMMKKFDIGGEHHLL
[14:08:15] DRLINFO B JJJHKIMMKKFDIGGEHHLLMK
[14:08:15] DRLINFO B JJJHKIMMKKFDIGGEHHLLMKLJ
[14:08:15] DRLINFO W JJJHKIMMKKFDIGGEHHLLMKLJII
[14:08:15] DRLINFO W JJJHKIMMKKFDIGGEHHLL
[14:08:15] DRLINFO B JJJHKIMMKKFDIGGEHHLLNL
[14:08:15] DRLINFO B JJJHKIMMKKFDIGGEHHLLNLLJ
[14:08:15] DRLINFO W JJJHKIMMKKFDIGGEHHLLNLLJIJ
[14:08:15] DRLINFO W JJJHKIMMKKFDIGGEHHLL
[14:08:15] DRLINFO B JJJHKIMMKKFDIGGEHHLLHF
[14:08:15] DRLINFO B JJJHKIMMKKFDIGGEHHLLHFLJ
[14:08:15] DRLINFO W JJJHKIMMKKFDIGGEHHLLHFLJOJ
[14:08:15] DRLINFO W JJJHKIMMKKFDIGGEHHII
[14:08:15] DRLINFO B JJJHKIMMKKFDIGGEHHIIMI
[14:08:15] DRLINFO W JJJHKIMMKKFDIGGEHHLL
[14:08:15] DRLINFO B JJJHKIMMKKFDIGGEHHLLLJ
[14:08:15] DRLINFO B JJJHKIMMKKFDIGGEHHLLLJMK
[14:08:15] DRLINFO W JJJHKIMMKKFDIGGEHHLLLJMKLI
[14:08:15] DRLINFO W JJJHKIMMKKFDIGGEHHLL
[14:08:15] DRLINFO B JJJHKIMMKKFDIGGEHHLLNL
[14:08:15] DRLINFO B JJJHKIMMKKFDIGGEHHLLNLMK
[14:08:15] DRLINFO W JJJHKIMMKKFDIGGEHHLLNLMKJK
[14:08:15] DRLINFO W JJJHKIMMKKFDIGGEHHLL
[14:08:15] DRLINFO B JJJHKIMMKKFDIGGEHHLLMK
[14:08:16] DRLINFO B JJJHKIMMKKFDIGGEHHLLMKLJ
[14:08:16] DRLINFO W JJJHKIMMKKFDIGGEHHLLMKLJNJ
[14:08:16] DRLINFO W JJJHKIMMKKFDIGGEHHLL
[14:08:16] DRLINFO B JJJHKIMMKKFDIGGEHHLLHF
[14:08:16] DRLINFO B JJJHKIMMKKFDIGGEHHLLHFMK
[14:08:16] DRLINFO W JJJHKIMMKKFDIGGEHHLLHFMKJK
[14:08:16] DRLINFO W JJJHKIMMKKFDIGGEHHLL
[14:08:16] DRLINFO B JJJHKIMMKKFDIGGEHHLLNL
[14:08:16] DRLINFO B JJJHKIMMKKFDIGGEHHLLNLLJ
[14:08:16] DRLINFO W JJJHKIMMKKFDIGGEHHLLNLLJNN
[14:08:16] DRLINFO W JJJHKIMMKKFDIGGEHHLL
[14:08:16] DRLINFO B JJJHKIMMKKFDIGGEHHLLLJ
[14:08:16] DRLINFO B JJJHKIMMKKFDIGGEHHLLLJMK
[14:08:16] DRLINFO W JJJHKIMMKKFDIGGEHHLLLJMKFF
[14:08:16] DRLINFO W JJJHKIMMKKFDIGGEHHLL
[14:08:16] DRLINFO B JJJHKIMMKKFDIGGEHHLLMK
[14:08:16] DRLINFO B JJJHKIMMKKFDIGGEHHLLMKLJ
[14:08:16] DRLINFO W JJJHKIMMKKFDIGGEHHLLMKLJOJ
[14:08:16] DRLINFO W JJJHKIMMKKFDIGGEHHLL
[14:08:16] DRLINFO B JJJHKIMMKKFDIGGEHHLLHF
[14:08:16] DRLINFO B JJJHKIMMKKFDIGGEHHLLHFLJ
[14:08:16] DRLINFO W JJJHKIMMKKFDIGGEHHLLHFLJNN
[14:08:16] DRLINFO W JJJHKIMMKKFDIGGEHHLL
[14:08:16] DRLINFO B JJJHKIMMKKFDIGGEHHLLLJ
[14:08:16] DRLINFO B JJJHKIMMKKFDIGGEHHLLLJMK
[14:08:16] DRLINFO W JJJHKIMMKKFDIGGEHHLLLJMKNK
[14:08:16] DRLINFO W JJJHKIMMKKFDIGGEHHLL
[14:08:16] DRLINFO B JJJHKIMMKKFDIGGEHHLLNL
[14:08:16] DRLINFO B JJJHKIMMKKFDIGGEHHLLNLMK
[14:08:16] DRLINFO W JJJHKIMMKKFDIGGEHHLLNLMKQQ
[14:08:16] DRLINFO W JJJHKIMMKKFDIGGEHHLL
[14:08:16] DRLINFO B JJJHKIMMKKFDIGGEHHLLMK
[14:08:16] DRLINFO B JJJHKIMMKKFDIGGEHHLLMKLJ
[14:08:16] DRLINFO W JJJHKIMMKKFDIGGEHHLLMKLJPF
[14:08:16] DRLINFO W JJJHKIMMKKFDIGGEHHII
[14:08:16] DRLINFO B JJJHKIMMKKFDIGGEHHIILJ
[14:08:17] DRLINFO W JJJHKIMMKKFDIGGEHHLL
[14:08:17] DRLINFO B JJJHKIMMKKFDIGGEHHLLLJ
[14:08:17] DRLINFO B JJJHKIMMKKFDIGGEHHLLLJMK
[14:08:17] DRLINFO W JJJHKIMMKKFDIGGEHHLLLJMKII
[14:08:17] DRLINFO W JJJHKIMMKKFDIGGEHHLL
[14:08:17] DRLINFO B JJJHKIMMKKFDIGGEHHLLHF
[14:08:17] DRLINFO B JJJHKIMMKKFDIGGEHHLLHFMK
[14:08:17] DRLINFO W JJJHKIMMKKFDIGGEHHLLHFMKQQ
[14:08:17] DRLINFO W JJJHKIMMKKFDIGGEHHLL
[14:08:17] DRLINFO B JJJHKIMMKKFDIGGEHHLLMK
[14:08:17] DRLINFO B JJJHKIMMKKFDIGGEHHLLMKLJ
[14:08:17] DRLINFO W JJJHKIMMKKFDIGGEHHLLMKLJJN
[14:08:17] DRLINFO W JJJHKIMMKKFDIGGEHHLL
[14:08:17] DRLINFO B JJJHKIMMKKFDIGGEHHLLHF
[14:08:17] DRLINFO B JJJHKIMMKKFDIGGEHHLLHFMK
[14:08:17] DRLINFO W JJJHKIMMKKFDIGGEHHLLHFMKFF
[14:08:17] DRLINFO W JJJHKIMMKKFDIGGEHHLL
[14:08:17] DRLINFO B JJJHKIMMKKFDIGGEHHLLNL
[14:08:17] DRLINFO B JJJHKIMMKKFDIGGEHHLLNLLJ
[14:08:17] DRLINFO W JJJHKIMMKKFDIGGEHHLLNLLJOJ
[14:08:17] DRLINFO W JJJHKIMMKKFDIGGEHHLL
[14:08:17] DRLINFO B JJJHKIMMKKFDIGGEHHLLLJ
[14:08:17] DRLINFO B JJJHKIMMKKFDIGGEHHLLLJMK
[14:08:17] DRLINFO W JJJHKIMMKKFDIGGEHHLLLJMKOO
[14:08:17] DRLINFO W JJJHKIMMKKFDIGGEHHLL
[14:08:17] DRLINFO B JJJHKIMMKKFDIGGEHHLLHF
[14:08:17] DRLINFO B JJJHKIMMKKFDIGGEHHLLHFLJ
[14:08:17] DRLINFO W JJJHKIMMKKFDIGGEHHLLHFLJNJ
[14:08:17] DRLINFO W JJJHKIMMKKFDIGGEHHLL
[14:08:17] DRLINFO B JJJHKIMMKKFDIGGEHHLLNL
[14:08:17] DRLINFO B JJJHKIMMKKFDIGGEHHLLNLMK
[14:08:17] DRLINFO W JJJHKIMMKKFDIGGEHHLLNLMKMN
[14:08:17] DRLINFO W JJJHKIMMKKFDIGGEHHII
[14:08:17] DRLINFO B JJJHKIMMKKFDIGGEHHIIHI
[14:08:17] DRLINFO W JJJHKIMMKKFDIGGEHHLL
[14:08:17] DRLINFO B JJJHKIMMKKFDIGGEHHLLLJ
[14:08:17] DRLINFO B JJJHKIMMKKFDIGGEHHLLLJMK
[14:08:18] DRLINFO W JJJHKIMMKKFDIGGEHHLLLJMKLN
[14:08:18] DRLINFO W JJJHKIMMKKFDIGGEHHLL
[14:08:18] DRLINFO B JJJHKIMMKKFDIGGEHHLLHF
[14:08:18] DRLINFO B JJJHKIMMKKFDIGGEHHLLHFMK
[14:08:18] DRLINFO W JJJHKIMMKKFDIGGEHHLLHFMKOO
[14:08:18] DRLINFO W JJJHKIMMKKFDIGGEHHLL
[14:08:18] DRLINFO B JJJHKIMMKKFDIGGEHHLLNL
[14:08:18] DRLINFO B JJJHKIMMKKFDIGGEHHLLNLLJ
[14:08:18] DRLINFO W JJJHKIMMKKFDIGGEHHLLNLLJNJ
[14:08:18] DRLINFO W JJJHKIMMKKFDIGGEHHLL
[14:08:18] DRLINFO B JJJHKIMMKKFDIGGEHHLLMK
[14:08:18] DRLINFO B JJJHKIMMKKFDIGGEHHLLMKLJ
[14:08:18] DRLINFO W JJJHKIMMKKFDIGGEHHLLMKLJFF
[14:08:18] DRLINFO W JJJHKIMMKKFDIGGEHHLL
[14:08:18] DRLINFO B JJJHKIMMKKFDIGGEHHLLLJ
[14:08:18] DRLINFO B JJJHKIMMKKFDIGGEHHLLLJMK
[14:08:18] DRLINFO W JJJHKIMMKKFDIGGEHHLLLJMKPK
[14:08:18] DRLINFO W JJJHKIMMKKFDIGGEHHLL
[14:08:18] DRLINFO B JJJHKIMMKKFDIGGEHHLLHF
[14:08:18] DRLINFO B JJJHKIMMKKFDIGGEHHLLHFMK
[14:08:18] DRLINFO W JJJHKIMMKKFDIGGEHHLLHFMKMP
[14:08:18] DRLINFO W JJJHKIMMKKFDIGGEHHLL
[14:08:18] DRLINFO B JJJHKIMMKKFDIGGEHHLLMK
[14:08:18] DRLINFO B JJJHKIMMKKFDIGGEHHLLMKLJ
[14:08:18] DRLINFO W JJJHKIMMKKFDIGGEHHLLMKLJOO
[14:08:18] DRLINFO W JJJHKIMMKKFDIGGEHHLL
[14:08:18] DRLINFO B JJJHKIMMKKFDIGGEHHLLNL
[14:08:18] DRLINFO B JJJHKIMMKKFDIGGEHHLLNLMK
[14:08:18] DRLINFO W JJJHKIMMKKFDIGGEHHLLNLMKNK
[14:08:18] DRLINFO W JJJHKIMMKKFDIGGEHHLL
[14:08:18] DRLINFO B JJJHKIMMKKFDIGGEHHLLHF
[14:08:18] DRLINFO B JJJHKIMMKKFDIGGEHHLLHFLJ
[14:08:18] DRLINFO W JJJHKIMMKKFDIGGEHHLLHFLJIJ
[14:08:18] DRLINFO W JJJHKIMMKKFDIGGEHHLL
[14:08:18] DRLINFO B JJJHKIMMKKFDIGGEHHLLNL
[14:08:18] DRLINFO B JJJHKIMMKKFDIGGEHHLLNLMK
[14:08:19] DRLINFO W JJJHKIMMKKFDIGGEHHLLNLMKFF
[14:08:19] DRLINFO W JJJHKIMMKKFDIGGEHHLL
[14:08:19] DRLINFO B JJJHKIMMKKFDIGGEHHLLMK
[14:08:19] DRLINFO B JJJHKIMMKKFDIGGEHHLLMKLJ
[14:08:19] DRLINFO W JJJHKIMMKKFDIGGEHHLLMKLJGG
[14:08:19] DRLINFO W JJJHKIMMKKFDIGGEHHII
[14:08:19] DRLINFO B JJJHKIMMKKFDIGGEHHIIFI
[14:08:19] DRLINFO W JJJHKIMMKKFDIGGEHHLL
[14:08:19] DRLINFO B JJJHKIMMKKFDIGGEHHLLLJ
[14:08:19] DRLINFO B JJJHKIMMKKFDIGGEHHLLLJMK
[14:08:19] DRLINFO W JJJHKIMMKKFDIGGEHHLLLJMKLK
[14:08:19] DRLINFO W JJJHKIMMKKFDIGGEHHLL
[14:08:19] DRLINFO B JJJHKIMMKKFDIGGEHHLLNL
[14:08:19] DRLINFO B JJJHKIMMKKFDIGGEHHLLNLMK
[14:08:19] DRLINFO W JJJHKIMMKKFDIGGEHHLLNLMKJL
[14:08:19] DRLINFO W JJJHKIMMKKFDIGGEHHLL
[14:08:19] DRLINFO B JJJHKIMMKKFDIGGEHHLLHF
[14:08:19] DRLINFO B JJJHKIMMKKFDIGGEHHLLHFMK
[14:08:19] DRLINFO W JJJHKIMMKKFDIGGEHHLLHFMKNK
[14:08:19] DRLINFO W JJJHKIMMKKFDIGGEHHLL
[14:08:19] DRLINFO B JJJHKIMMKKFDIGGEHHLLHF
[14:08:19] DRLINFO B JJJHKIMMKKFDIGGEHHLLHFLJ
[14:08:19] DRLINFO W JJJHKIMMKKFDIGGEHHLLHFLJKJ
[14:08:19] DRLINFO W JJJHKIMMKKFDIGGEHHLL
[14:08:19] DRLINFO B JJJHKIMMKKFDIGGEHHLLLJ
[14:08:19] DRLINFO B JJJHKIMMKKFDIGGEHHLLLJMK
[14:08:19] DRLINFO W JJJHKIMMKKFDIGGEHHLLLJMKML
[14:08:19] DRLINFO W JJJHKIMMKKFDIGGEHHLL
[14:08:19] DRLINFO B JJJHKIMMKKFDIGGEHHLLMK
[14:08:19] DRLINFO B JJJHKIMMKKFDIGGEHHLLMKLJ
[14:08:19] DRLINFO W JJJHKIMMKKFDIGGEHHLLMKLJOG
[14:08:19] DRLINFO W JJJHKIMMKKFDIGGEHHLL
[14:08:19] DRLINFO B JJJHKIMMKKFDIGGEHHLLNL
[14:08:19] DRLINFO B JJJHKIMMKKFDIGGEHHLLNLLJ
[14:08:19] DRLINFO W JJJHKIMMKKFDIGGEHHLLNLLJOG
[14:08:20] DRLINFO W JJJHKIMMKKFDIGGEHHLL
[14:08:20] DRLINFO B JJJHKIMMKKFDIGGEHHLLHF
[14:08:20] DRLINFO B JJJHKIMMKKFDIGGEHHLLHFMK
[14:08:20] DRLINFO W JJJHKIMMKKFDIGGEHHLLHFMKII
[14:08:20] DRLINFO W JJJHKIMMKKFDIGGEHHLL
[14:08:20] DRLINFO B JJJHKIMMKKFDIGGEHHLLLJ
[14:08:20] DRLINFO B JJJHKIMMKKFDIGGEHHLLLJMK
[14:08:20] DRLINFO W JJJHKIMMKKFDIGGEHHLLLJMKOK
[14:08:20] DRLINFO W JJJHKIMMKKFDIGGEHHLL
[14:08:20] DRLINFO B JJJHKIMMKKFDIGGEHHLLMK
[14:08:20] DRLINFO B JJJHKIMMKKFDIGGEHHLLMKLJ
[14:08:20] DRLINFO W JJJHKIMMKKFDIGGEHHLLMKLJIM
[14:08:20] DRLINFO W JJJHKIMMKKFDIGGEHHLL
[14:08:20] DRLINFO B JJJHKIMMKKFDIGGEHHLLNL
[14:08:20] DRLINFO B JJJHKIMMKKFDIGGEHHLLNLMK
[14:08:20] DRLINFO W JJJHKIMMKKFDIGGEHHLLNLMKML
[14:08:20] DRLINFO W JJJHKIMMKKFDIGGEHHLL
[14:08:20] DRLINFO B JJJHKIMMKKFDIGGEHHLLHF
[14:08:20] DRLINFO B JJJHKIMMKKFDIGGEHHLLHFMK
[14:08:20] DRLINFO W JJJHKIMMKKFDIGGEHHLLHFMKPK
[14:08:20] DRLINFO W JJJHKIMMKKFDIGGEHHII
[14:08:20] DRLINFO B JJJHKIMMKKFDIGGEHHIIJI
[14:08:20] DRLINFO W JJJHKIMMKKFDIGGEHHLL
[14:08:20] DRLINFO B JJJHKIMMKKFDIGGEHHLLHF
[14:08:20] DRLINFO B JJJHKIMMKKFDIGGEHHLLHFLJ
[14:08:20] DRLINFO W JJJHKIMMKKFDIGGEHHLLHFLJIM
[14:08:20] DRLINFO W JJJHKIMMKKFDIGGEHHLL
[14:08:20] DRLINFO B JJJHKIMMKKFDIGGEHHLLMK
[14:08:20] DRLINFO B JJJHKIMMKKFDIGGEHHLLMKLJ
[14:08:20] DRLINFO W JJJHKIMMKKFDIGGEHHLLMKLJJL
[14:08:20] DRLINFO W JJJHKIMMKKFDIGGEHHLL
[14:08:20] DRLINFO B JJJHKIMMKKFDIGGEHHLLNL
[14:08:20] DRLINFO B JJJHKIMMKKFDIGGEHHLLNLLJ
[14:08:20] DRLINFO W JJJHKIMMKKFDIGGEHHLLNLLJFF
[14:08:21] DRLINFO B JJJHKIMMKKFDIGGEHHLLLJ
[14:08:21] DRLINFO B JJJHKIMMKKFDIGGEHHLLLJMK
[14:08:21] DRLINFO W JJJHKIMMKKFDIGGEHHLLLJMKMP
[14:08:21] DRLINFO B JJJHKIMMKKFDIGGEHHLLNL
[14:08:21] DRLINFO B JJJHKIMMKKFDIGGEHHLLNLLJ
[14:08:21] DRLINFO W JJJHKIMMKKFDIGGEHHLLNLLJKJ
[14:08:21] DRLINFO B JJJHKIMMKKFDIGGEHHLLLJ
[14:08:21] DRLINFO B JJJHKIMMKKFDIGGEHHLLLJMK
[14:08:21] DRLINFO W JJJHKIMMKKFDIGGEHHLLLJMKMH
[14:08:21] DRLINFO B JJJHKIMMKKFDIGGEHHLLHF
[14:08:21] DRLINFO B JJJHKIMMKKFDIGGEHHLLHFMK
[14:08:21] DRLINFO W JJJHKIMMKKFDIGGEHHLLHFMKML
[14:08:21] DRLINFO B JJJHKIMMKKFDIGGEHHLLMK
[14:08:21] DRLINFO B JJJHKIMMKKFDIGGEHHLLMKLJ
[14:08:21] DRLINFO W JJJHKIMMKKFDIGGEHHLLMKLJOI
[14:08:21] DRLINFO B JJJHKIMMKKFDIGGEHHLLHF
[14:08:21] DRLINFO B JJJHKIMMKKFDIGGEHHLLHFLJ
[14:08:21] DRLINFO W JJJHKIMMKKFDIGGEHHLLHFLJFF
[14:08:21] DRLINFO B JJJHKIMMKKFDIGGEHHLLNL
[14:08:21] DRLINFO B JJJHKIMMKKFDIGGEHHLLNLMK
[14:08:21] DRLINFO W JJJHKIMMKKFDIGGEHHLLNLMKOL
[14:08:21] DRLINFO B JJJHKIMMKKFDIGGEHHLLNL
[14:08:21] DRLINFO B JJJHKIMMKKFDIGGEHHLLNLMK
[14:08:21] DRLINFO W JJJHKIMMKKFDIGGEHHLLNLMKII
[14:08:21] DRLINFO B JJJHKIMMKKFDIGGEHHLLMK
[14:08:21] DRLINFO B JJJHKIMMKKFDIGGEHHLLMKLJ
[14:08:21] DRLINFO W JJJHKIMMKKFDIGGEHHLLMKLJNH
[14:08:21] DRLINFO B JJJHKIMMKKFDIGGEHHLLLJ
[14:08:21] DRLINFO B JJJHKIMMKKFDIGGEHHLLLJMK
[14:08:21] DRLINFO W JJJHKIMMKKFDIGGEHHLLLJMKGG
[14:08:21] DRLINFO B JJJHKIMMKKFDIGGEHHLLHF
[14:08:21] DRLINFO B JJJHKIMMKKFDIGGEHHLLHFMK
[14:08:21] DRLINFO W JJJHKIMMKKFDIGGEHHLLHFMKGG
[14:08:21] DRLINFO B JJJHKIMMKKFDIGGEHHLLNL
[14:08:22] DRLINFO B JJJHKIMMKKFDIGGEHHLLNLMK
[14:08:22] DRLINFO W JJJHKIMMKKFDIGGEHHLLNLMKOO
[14:08:22] DRLINFO B JJJHKIMMKKFDIGGEHHLLHF
[14:08:22] DRLINFO B JJJHKIMMKKFDIGGEHHLLHFLJ
[14:08:22] DRLINFO W JJJHKIMMKKFDIGGEHHLLHFLJOG
[14:08:22] DRLINFO B JJJHKIMMKKFDIGGEHHLLLJ
[14:08:22] DRLINFO B JJJHKIMMKKFDIGGEHHLLLJMK
[14:08:22] DRLINFO W JJJHKIMMKKFDIGGEHHLLLJMKIK
[14:08:22] DRLINFO B JJJHKIMMKKFDIGGEHHLLNL
[14:08:22] DRLINFO B JJJHKIMMKKFDIGGEHHLLNLLJ
[14:08:22] DRLINFO W JJJHKIMMKKFDIGGEHHLLNLLJQQ
[14:08:22] DRLINFO B JJJHKIMMKKFDIGGEHHLLMK
[14:08:22] DRLINFO B JJJHKIMMKKFDIGGEHHLLMKLJ
[14:08:22] DRLINFO W JJJHKIMMKKFDIGGEHHLLMKLJMJ
[14:08:22] DRLINFO B JJJHKIMMKKFDIGGEHHLLHF
[14:08:22] DRLINFO B JJJHKIMMKKFDIGGEHHLLHFMK
[14:08:22] DRLINFO W JJJHKIMMKKFDIGGEHHLLHFMKOK
[14:08:22] DRLINFO B JJJHKIMMKKFDIGGEHHLLNL
[14:08:22] DRLINFO B JJJHKIMMKKFDIGGEHHLLNLMK
[14:08:22] DRLINFO W JJJHKIMMKKFDIGGEHHLLNLMKPK
[14:08:22] DRLINFO B JJJHKIMMKKFDIGGEHHLLMK
[14:08:22] DRLINFO B JJJHKIMMKKFDIGGEHHLLMKLJ
[14:08:22] DRLINFO W JJJHKIMMKKFDIGGEHHLLMKLJHN
[14:08:22] DRLINFO B JJJHKIMMKKFDIGGEHHLLLJ
[14:08:22] DRLINFO B JJJHKIMMKKFDIGGEHHLLLJMK
[14:08:22] DRLINFO W JJJHKIMMKKFDIGGEHHLLLJMKDD
[14:08:22] DRLINFO B JJJHKIMMKKFDIGGEHHLLHF
[14:08:22] DRLINFO B JJJHKIMMKKFDIGGEHHLLHFMK
[14:08:22] DRLINFO W JJJHKIMMKKFDIGGEHHLLHFMKMH
[14:08:22] DRLINFO B JJJHKIMMKKFDIGGEHHLLNL
[14:08:22] DRLINFO B JJJHKIMMKKFDIGGEHHLLNLLJ
[14:08:22] DRLINFO W JJJHKIMMKKFDIGGEHHLLNLLJJL
[14:08:22] DRLINFO B JJJHKIMMKKFDIGGEHHLLMK
[14:08:22] DRLINFO B JJJHKIMMKKFDIGGEHHLLMKLJ
[14:08:23] DRLINFO W JJJHKIMMKKFDIGGEHHLLMKLJCC
[14:08:23] DRLINFO B JJJHKIMMKKFDIGGEHHLLLJ
[14:08:23] DRLINFO B JJJHKIMMKKFDIGGEHHLLLJMK
[14:08:23] DRLINFO W JJJHKIMMKKFDIGGEHHLLLJMKPP
[14:08:23] DRLINFO B JJJHKIMMKKFDIGGEHHLLHF
[14:08:23] DRLINFO B JJJHKIMMKKFDIGGEHHLLHFLJ
[14:08:23] DRLINFO W JJJHKIMMKKFDIGGEHHLLHFLJGG
[14:08:23] DRLINFO B JJJHKIMMKKFDIGGEHHLLMK
[14:08:23] DRLINFO B JJJHKIMMKKFDIGGEHHLLMKLJ
[14:08:23] DRLINFO W JJJHKIMMKKFDIGGEHHLLMKLJMI
[14:08:23] DRLINFO B JJJHKIMMKKFDIGGEHHLLNL
[14:08:23] DRLINFO B JJJHKIMMKKFDIGGEHHLLNLMK
[14:08:23] DRLINFO W JJJHKIMMKKFDIGGEHHLLNLMKGG
[14:08:23] DRLINFO B JJJHKIMMKKFDIGGEHHLLLJ
[14:08:23] DRLINFO B JJJHKIMMKKFDIGGEHHLLLJMK
[14:08:23] DRLINFO W JJJHKIMMKKFDIGGEHHLLLJMKMI
[14:08:23] DRLINFO B JJJHKIMMKKFDIGGEHHLLHF
[14:08:23] DRLINFO B JJJHKIMMKKFDIGGEHHLLHFLJ
[14:08:23] DRLINFO W JJJHKIMMKKFDIGGEHHLLHFLJPF
[14:08:23] DRLINFO B JJJHKIMMKKFDIGGEHHLLNL
[14:08:23] DRLINFO B JJJHKIMMKKFDIGGEHHLLNLLJ
[14:08:23] DRLINFO W JJJHKIMMKKFDIGGEHHLLNLLJPF
[14:08:23] DRLINFO B JJJHKIMMKKFDIGGEHHLLHF
[14:08:23] DRLINFO B JJJHKIMMKKFDIGGEHHLLHFMK
[14:08:23] DRLINFO W JJJHKIMMKKFDIGGEHHLLHFMKIK
[14:08:23] DRLINFO B JJJHKIMMKKFDIGGEHHLLLJ
[14:08:23] DRLINFO B JJJHKIMMKKFDIGGEHHLLLJMK
[14:08:23] DRLINFO W JJJHKIMMKKFDIGGEHHLLLJMKLH
[14:08:23] DRLINFO B JJJHKIMMKKFDIGGEHHLLNL
[14:08:23] DRLINFO B JJJHKIMMKKFDIGGEHHLLNLMK
[14:08:23] DRLINFO W JJJHKIMMKKFDIGGEHHLLNLMKMP
[14:08:23] DRLINFO B JJJHKIMMKKFDIGGEHHLLMK
[14:08:23] DRLINFO B JJJHKIMMKKFDIGGEHHLLMKLJ
[14:08:24] DRLINFO W JJJHKIMMKKFDIGGEHHLLMKLJDD
[14:08:24] DRLINFO B JJJHKIMMKKFDIGGEHHLLNL
[14:08:24] DRLINFO B JJJHKIMMKKFDIGGEHHLLNLMK
