[14:25:33] New Subprocess!
[14:27:15] DRLINFO B JJLJKK
[14:27:17] DRLINFO B JJLJKKMG
[14:27:17] DRLINFO B JJLJKKGM
[14:27:17] DRLINFO B JJLJKKKI
[14:27:17] DRLINFO B JJLJKKJL
[14:27:17] DRLINFO B JJLJKKHL
[14:27:17] DRLINFO B JJLJKKJG
[14:27:17] DRLINFO B JJLJKKJI
[14:27:17] DRLINFO B JJLJKKJK
[14:27:17] DRLINFO B JJLJKKJH
[14:27:17] DRLINFO B JJLJKKIK
[14:27:17] DRLINFO B JJLJKKJM
[14:27:17] DRLINFO B JJLJKKLH
[14:27:17] DRLINFO B JJLJKKHL
[14:27:17] DRLINFO W JJLJKKHLJI
[14:27:17] DRLINFO B JJLJKKJL
[14:27:17] DRLINFO W JJLJKKJLJI
[14:27:17] DRLINFO B JJLJKKGM
[14:27:18] DRLINFO W JJLJKKGMJI
[14:27:18] DRLINFO B JJLJKKJG
[14:27:18] DRLINFO W JJLJKKJGJI
[14:27:18] DRLINFO B JJLJKKJM
[14:27:18] DRLINFO W JJLJKKJMIM
[14:27:18] DRLINFO B JJLJKKIK
[14:27:18] DRLINFO W JJLJKKIKJI
[14:27:18] DRLINFO B JJLJKKLH
[14:27:18] DRLINFO W JJLJKKLHMI
[14:27:18] DRLINFO B JJLJKKJK
[14:27:18] DRLINFO W JJLJKKJKJI
[14:27:18] DRLINFO B JJLJKKKI
[14:27:18] DRLINFO W JJLJKKKIJI
[14:27:18] DRLINFO B JJLJKKMG
[14:27:18] DRLINFO W JJLJKKMGJI
[14:27:18] DRLINFO B JJLJKKJI
[14:27:18] DRLINFO W JJLJKKJIMI
[14:27:18] DRLINFO B JJLJKKJH
[14:27:18] DRLINFO W JJLJKKJHJI
[14:27:18] DRLINFO B JJLJKKHL
[14:27:18] DRLINFO W JJLJKKHLKL
[14:27:18] DRLINFO B JJLJKKGM
[14:27:18] DRLINFO W JJLJKKGMGO
[14:27:18] DRLINFO B JJLJKKMG
[14:27:18] DRLINFO W JJLJKKMGMI
[14:27:18] DRLINFO B JJLJKKIK
[14:27:18] DRLINFO W JJLJKKIKIL
[14:27:18] DRLINFO B JJLJKKLH
[14:27:18] DRLINFO W JJLJKKLHJI
[14:27:18] DRLINFO B JJLJKKJL
[14:27:18] DRLINFO W JJLJKKJLKL
[14:27:18] DRLINFO B JJLJKKJM
[14:27:18] DRLINFO W JJLJKKJMIL
[14:27:18] DRLINFO B JJLJKKLH
[14:27:18] DRLINFO W JJLJKKLHNH
[14:27:19] DRLINFO B JJLJKKJG
[14:27:19] DRLINFO W JJLJKKJGKF
[14:27:19] DRLINFO B JJLJKKKI
[14:27:19] DRLINFO W JJLJKKKIMI
[14:27:19] DRLINFO B JJLJKKJK
[14:27:19] DRLINFO W JJLJKKJKGH
[14:27:19] DRLINFO B JJLJKKJI
[14:27:19] DRLINFO W JJLJKKJIIJ
[14:27:19] DRLINFO B JJLJKKMG
[14:27:19] DRLINFO W JJLJKKMGLF
[14:27:19] DRLINFO B JJLJKKJH
[14:27:19] DRLINFO W JJLJKKJHLF
[14:27:19] DRLINFO B JJLJKKGM
[14:27:19] DRLINFO W JJLJKKGMGL
[14:27:19] DRLINFO B JJLJKKHL
[14:27:19] DRLINFO W JJLJKKHLIL
[14:27:19] DRLINFO B JJLJKKLH
[14:27:19] DRLINFO W JJLJKKLHJK
[14:27:19] DRLINFO B JJLJKKIK
[14:27:19] DRLINFO W JJLJKKIKIM
[14:27:19] DRLINFO B JJLJKKLH
[14:27:19] DRLINFO W JJLJKKLHOH
[14:27:19] DRLINFO B JJLJKKKI
[14:27:19] DRLINFO W JJLJKKKIJK
[14:27:19] DRLINFO B JJLJKKJG
[14:27:19] DRLINFO W JJLJKKJGIG
[14:27:19] DRLINFO B JJLJKKMG
[14:27:19] DRLINFO W JJLJKKMGNG
[14:27:19] DRLINFO B JJLJKKJK
[14:27:19] DRLINFO W JJLJKKJKKL
[14:27:19] DRLINFO B JJLJKKGM
[14:27:19] DRLINFO W JJLJKKGMGN
[14:27:19] DRLINFO B JJLJKKJL
[14:27:19] DRLINFO W JJLJKKJLIL
[14:27:20] DRLINFO B JJLJKKJG
[14:27:20] DRLINFO W JJLJKKJGGJ
[14:27:20] DRLINFO W JJLJKKJGJH
[14:27:20] DRLINFO W JJLJKKJGMJ
[14:27:20] DRLINFO W JJLJKKJGHG
[14:27:20] DRLINFO W JJLJKKJGGM
[14:27:20] DRLINFO W JJLJKKJGKG
[14:27:20] DRLINFO W JJLJKKJGGD
[14:27:20] DRLINFO W JJLJKKJGIF
[14:27:20] DRLINFO W JJLJKKJGLH
[14:27:20] DRLINFO W JJLJKKJGLI
[14:27:20] DRLINFO W JJLJKKJGGG
[14:27:20] DRLINFO W JJLJKKJGKI
[14:27:20] DRLINFO W JJLJKKJGLE
[14:27:20] DRLINFO W JJLJKKJGHE
[14:27:20] DRLINFO W JJLJKKJGMD
[14:27:20] DRLINFO W JJLJKKJGIH
[14:27:20] DRLINFO W JJLJKKJGKH
[14:27:20] DRLINFO W JJLJKKJGMG
[14:27:20] DRLINFO W JJLJKKJGIK
[14:27:20] DRLINFO W JJLJKKJGLG
[14:27:20] DRLINFO W JJLJKKJGHL
[14:27:20] DRLINFO W JJLJKKJGHI
[14:27:20] DRLINFO W JJLJKKJGIG
[14:27:20] DRLINFO W JJLJKKJGIGGO
[14:27:20] DRLINFO W JJLJKKJGGJ
[14:27:20] DRLINFO W JJLJKKJGGJIM
[14:27:20] DRLINFO W JJLJKKJGGJ
[14:27:20] DRLINFO W JJLJKKJGGJIM
[14:27:20] DRLINFO B JJLJKKJGGJIMMI
[14:27:21] DRLINFO W JJLJKKJGJH
[14:27:21] DRLINFO W JJLJKKJGJHIM
[14:27:21] DRLINFO W JJLJKKJGJH
[14:27:21] DRLINFO W JJLJKKJGJHIM
[14:27:21] DRLINFO B JJLJKKJGJHIMMI
[14:27:21] DRLINFO W JJLJKKJGGD
[14:27:21] DRLINFO W JJLJKKJGGDIM
[14:27:21] DRLINFO W JJLJKKJGMJ
[14:27:21] DRLINFO W JJLJKKJGMJIM
[14:27:21] DRLINFO W JJLJKKJGMJ
[14:27:21] DRLINFO W JJLJKKJGMJIM
[14:27:21] DRLINFO B JJLJKKJGMJIMMI
[14:27:21] DRLINFO W JJLJKKJGLG
[14:27:21] DRLINFO W JJLJKKJGLGIM
[14:27:21] DRLINFO W JJLJKKJGLI
[14:27:21] DRLINFO W JJLJKKJGLIIM
[14:27:21] DRLINFO W JJLJKKJGKI
[14:27:21] DRLINFO W JJLJKKJGKIIM
[14:27:21] DRLINFO W JJLJKKJGIH
[14:27:21] DRLINFO W JJLJKKJGIHGO
[14:27:21] DRLINFO W JJLJKKJGKG
[14:27:21] DRLINFO W JJLJKKJGKGGO
[14:27:21] DRLINFO W JJLJKKJGMG
[14:27:21] DRLINFO W JJLJKKJGMGIM
[14:27:21] DRLINFO W JJLJKKJGLI
[14:27:21] DRLINFO W JJLJKKJGLIIM
[14:27:21] DRLINFO B JJLJKKJGLIIMMI
[14:27:21] DRLINFO W JJLJKKJGKH
[14:27:21] DRLINFO W JJLJKKJGKHGO
[14:27:21] DRLINFO W JJLJKKJGMD
